2025-09-12 21:05:23 | INFO | Chart updated successfully for message: {"message": "Have a great day!", "author": "Diana"}
2025-09-12 21:05:23 | INFO | Processed JSON message: {'message': 'Buzz messages for everyone.', 'author': 'Charlie'}
2025-09-12 21:05:23 | INFO | Message received from author: Charlie
2025-09-12 21:05:23 | INFO | Updated author counts: {'Bob': 1107, 'Alice': 1564, 'Diana': 1759, 'Eve': 1106, 'Charlie': 976}
2025-09-12 21:05:23 | INFO | Chart updated successfully for message: {"message": "Buzz messages for everyone.", "author": "Charlie"}
2025-09-12 21:05:23 | INFO | Processed JSON message: {'message': 'This is a buzz message.', 'author': 'Charlie'}
2025-09-12 21:05:23 | INFO | Message received from author: Charlie
2025-09-12 21:05:23 | INFO | Updated author counts: {'Bob': 1107, 'Alice': 1564, 'Diana': 1759, 'Eve': 1106, 'Charlie': 977}
2025-09-12 21:05:23 | INFO | Chart updated successfully for message: {"message": "This is a buzz message.", "author": "Charlie"}
2025-09-12 21:05:23 | INFO | Processed JSON message: {'message': 'Streaming data is fun.', 'author': 'Alice'}
2025-09-12 21:05:23 | INFO | Message received from author: Alice
2025-09-12 21:05:23 | INFO | Updated author counts: {'Bob': 1107, 'Alice': 1565, 'Diana': 1759, 'Eve': 1106, 'Charlie': 977}
2025-09-12 21:05:23 | INFO | Chart updated successfully for message: {"message": "Streaming data is fun.", "author": "Alice"}
2025-09-12 21:05:23 | INFO | Processed JSON message: {'message': 'Hello, Kafka world!', 'author': 'Diana'}
2025-09-12 21:05:23 | INFO | Message received from author: Diana
2025-09-12 21:05:23 | INFO | Updated author counts: {'Bob': 1107, 'Alice': 1565, 'Diana': 1760, 'Eve': 1106, 'Charlie': 977}
2025-09-12 21:05:24 | INFO | Chart updated successfully for message: {"message": "Hello, Kafka world!", "author": "Diana"}
2025-09-12 21:05:24 | INFO | Processed JSON message: {'message': 'Kafka is awesome.', 'author': 'Bob'}
2025-09-12 21:05:24 | INFO | Message received from author: Bob
2025-09-12 21:05:24 | INFO | Updated author counts: {'Bob': 1108, 'Alice': 1565, 'Diana': 1760, 'Eve': 1106, 'Charlie': 977}
2025-09-12 21:05:24 | INFO | Chart updated successfully for message: {"message": "Kafka is awesome.", "author": "Bob"}
2025-09-12 21:05:24 | INFO | Processed JSON message: {'message': 'I love Python!', 'author': 'Eve'}
2025-09-12 21:05:24 | INFO | Message received from author: Eve
2025-09-12 21:05:24 | INFO | Updated author counts: {'Bob': 1108, 'Alice': 1565, 'Diana': 1760, 'Eve': 1107, 'Charlie': 977}
2025-09-12 21:05:24 | INFO | Chart updated successfully for message: {"message": "I love Python!", "author": "Eve"}
2025-09-12 21:05:24 | INFO | Processed JSON message: {'message': 'JSON makes life easier.', 'author': 'Charlie'}
2025-09-12 21:05:24 | INFO | Message received from author: Charlie
2025-09-12 21:05:24 | INFO | Updated author counts: {'Bob': 1108, 'Alice': 1565, 'Diana': 1760, 'Eve': 1107, 'Charlie': 978}
2025-09-12 21:05:24 | INFO | Chart updated successfully for message: {"message": "JSON makes life easier.", "author": "Charlie"}
2025-09-12 21:05:24 | INFO | Processed JSON message: {'message': 'I love Python!', 'author': 'Charlie'}
2025-09-12 21:05:24 | INFO | Message received from author: Charlie
2025-09-12 21:05:24 | INFO | Updated author counts: {'Bob': 1108, 'Alice': 1565, 'Diana': 1760, 'Eve': 1107, 'Charlie': 979}
2025-09-12 21:05:24 | INFO | Chart updated successfully for message: {"message": "I love Python!", "author": "Charlie"}
2025-09-12 21:05:24 | INFO | Processed JSON message: {'message': 'I love Python!', 'author': 'Charlie'}
2025-09-12 21:05:24 | INFO | Message received from author: Charlie
2025-09-12 21:05:24 | INFO | Updated author counts: {'Bob': 1108, 'Alice': 1565, 'Diana': 1760, 'Eve': 1107, 'Charlie': 980}
2025-09-12 21:05:24 | INFO | Chart updated successfully for message: {"message": "I love Python!", "author": "Charlie"}
2025-09-12 21:05:24 | INFO | Processed JSON message: {'message': 'I love Python!', 'author': 'Diana'}
2025-09-12 21:05:24 | INFO | Message received from author: Diana
2025-09-12 21:05:24 | INFO | Updated author counts: {'Bob': 1108, 'Alice': 1565, 'Diana': 1761, 'Eve': 1107, 'Charlie': 980}
2025-09-12 21:05:25 | INFO | Chart updated successfully for message: {"message": "I love Python!", "author": "Diana"}
2025-09-12 21:05:25 | INFO | Processed JSON message: {'message': 'Streaming data is fun.', 'author': 'Diana'}
2025-09-12 21:05:25 | INFO | Message received from author: Diana
2025-09-12 21:05:25 | INFO | Updated author counts: {'Bob': 1108, 'Alice': 1565, 'Diana': 1762, 'Eve': 1107, 'Charlie': 980}
2025-09-12 21:05:25 | INFO | Chart updated successfully for message: {"message": "Streaming data is fun.", "author": "Diana"}
2025-09-12 21:05:25 | INFO | Processed JSON message: {'message': 'Data engineering is my passion.', 'author': 'Eve'}
2025-09-12 21:05:25 | INFO | Message received from author: Eve
2025-09-12 21:05:25 | INFO | Updated author counts: {'Bob': 1108, 'Alice': 1565, 'Diana': 1762, 'Eve': 1108, 'Charlie': 980}
2025-09-12 21:05:25 | INFO | Chart updated successfully for message: {"message": "Data engineering is my passion.", "author": "Eve"}
2025-09-12 21:05:25 | INFO | Processed JSON message: {'message': 'Buzz messages for everyone.', 'author': 'Eve'}
2025-09-12 21:05:25 | INFO | Message received from author: Eve
2025-09-12 21:05:25 | INFO | Updated author counts: {'Bob': 1108, 'Alice': 1565, 'Diana': 1762, 'Eve': 1109, 'Charlie': 980}
2025-09-12 21:05:25 | INFO | Chart updated successfully for message: {"message": "Buzz messages for everyone.", "author": "Eve"}
2025-09-12 21:05:25 | INFO | Processed JSON message: {'message': 'JSON makes life easier.', 'author': 'Eve'}
2025-09-12 21:05:25 | INFO | Message received from author: Eve
2025-09-12 21:05:25 | INFO | Updated author counts: {'Bob': 1108, 'Alice': 1565, 'Diana': 1762, 'Eve': 1110, 'Charlie': 980}
2025-09-12 21:05:25 | INFO | Chart updated successfully for message: {"message": "JSON makes life easier.", "author": "Eve"}
2025-09-12 21:05:25 | INFO | Processed JSON message: {'message': 'Have a great day!', 'author': 'Alice'}
2025-09-12 21:05:25 | INFO | Message received from author: Alice
2025-09-12 21:05:25 | INFO | Updated author counts: {'Bob': 1108, 'Alice': 1566, 'Diana': 1762, 'Eve': 1110, 'Charlie': 980}
2025-09-12 21:05:26 | INFO | Chart updated successfully for message: {"message": "Have a great day!", "author": "Alice"}
2025-09-12 21:05:26 | INFO | Processed JSON message: {'message': 'I love Python!', 'author': 'Bob'}
2025-09-12 21:05:26 | INFO | Message received from author: Bob
2025-09-12 21:05:26 | INFO | Updated author counts: {'Bob': 1109, 'Alice': 1566, 'Diana': 1762, 'Eve': 1110, 'Charlie': 980}
2025-09-12 21:05:26 | INFO | Chart updated successfully for message: {"message": "I love Python!", "author": "Bob"}
2025-09-12 21:05:26 | INFO | Processed JSON message: {'message': 'I love Python!', 'author': 'Bob'}
2025-09-12 21:05:26 | INFO | Message received from author: Bob
2025-09-12 21:05:26 | INFO | Updated author counts: {'Bob': 1110, 'Alice': 1566, 'Diana': 1762, 'Eve': 1110, 'Charlie': 980}
2025-09-12 21:05:26 | INFO | Chart updated successfully for message: {"message": "I love Python!", "author": "Bob"}
2025-09-12 21:05:26 | INFO | Processed JSON message: {'message': 'This is a buzz message.', 'author': 'Eve'}
2025-09-12 21:05:26 | INFO | Message received from author: Eve
2025-09-12 21:05:26 | INFO | Updated author counts: {'Bob': 1110, 'Alice': 1566, 'Diana': 1762, 'Eve': 1111, 'Charlie': 980}
2025-09-12 21:05:26 | INFO | Chart updated successfully for message: {"message": "This is a buzz message.", "author": "Eve"}
2025-09-12 21:05:26 | INFO | Processed JSON message: {'message': 'This is a buzz message.', 'author': 'Alice'}
2025-09-12 21:05:26 | INFO | Message received from author: Alice
2025-09-12 21:05:26 | INFO | Updated author counts: {'Bob': 1110, 'Alice': 1567, 'Diana': 1762, 'Eve': 1111, 'Charlie': 980}
2025-09-12 21:05:26 | INFO | Chart updated successfully for message: {"message": "This is a buzz message.", "author": "Alice"}
2025-09-12 21:05:26 | INFO | Processed JSON message: {'message': 'Distributed systems are fascinating.', 'author': 'Diana'}
2025-09-12 21:05:26 | INFO | Message received from author: Diana
2025-09-12 21:05:26 | INFO | Updated author counts: {'Bob': 1110, 'Alice': 1567, 'Diana': 1763, 'Eve': 1111, 'Charlie': 980}
2025-09-12 21:05:26 | INFO | Chart updated successfully for message: {"message": "Distributed systems are fascinating.", "author": "Diana"}
2025-09-12 21:05:26 | INFO | Processed JSON message: {'message': 'Streaming data is fun.', 'author': 'Eve'}
2025-09-12 21:05:26 | INFO | Message received from author: Eve
2025-09-12 21:05:26 | INFO | Updated author counts: {'Bob': 1110, 'Alice': 1567, 'Diana': 1763, 'Eve': 1112, 'Charlie': 980}
2025-09-12 21:05:27 | INFO | Chart updated successfully for message: {"message": "Streaming data is fun.", "author": "Eve"}
2025-09-12 21:05:27 | INFO | Processed JSON message: {'message': 'Have a great day!', 'author': 'Charlie'}
2025-09-12 21:05:27 | INFO | Message received from author: Charlie
2025-09-12 21:05:27 | INFO | Updated author counts: {'Bob': 1110, 'Alice': 1567, 'Diana': 1763, 'Eve': 1112, 'Charlie': 981}
2025-09-12 21:05:27 | INFO | Chart updated successfully for message: {"message": "Have a great day!", "author": "Charlie"}
2025-09-12 21:05:27 | INFO | Processed JSON message: {'message': 'JSON makes life easier.', 'author': 'Eve'}
2025-09-12 21:05:27 | INFO | Message received from author: Eve
2025-09-12 21:05:27 | INFO | Updated author counts: {'Bob': 1110, 'Alice': 1567, 'Diana': 1763, 'Eve': 1113, 'Charlie': 981}
2025-09-12 21:05:27 | INFO | Chart updated successfully for message: {"message": "JSON makes life easier.", "author": "Eve"}
2025-09-12 21:05:27 | INFO | Processed JSON message: {'message': 'Buzz messages for everyone.', 'author': 'Diana'}
2025-09-12 21:05:27 | INFO | Message received from author: Diana
2025-09-12 21:05:27 | INFO | Updated author counts: {'Bob': 1110, 'Alice': 1567, 'Diana': 1764, 'Eve': 1113, 'Charlie': 981}
2025-09-12 21:05:27 | INFO | Chart updated successfully for message: {"message": "Buzz messages for everyone.", "author": "Diana"}
2025-09-12 21:05:27 | INFO | Processed JSON message: {'message': 'This is a buzz message.', 'author': 'Charlie'}
2025-09-12 21:05:27 | INFO | Message received from author: Charlie
2025-09-12 21:05:27 | INFO | Updated author counts: {'Bob': 1110, 'Alice': 1567, 'Diana': 1764, 'Eve': 1113, 'Charlie': 982}
2025-09-12 21:05:27 | INFO | Chart updated successfully for message: {"message": "This is a buzz message.", "author": "Charlie"}
2025-09-12 21:05:27 | INFO | Processed JSON message: {'message': 'Distributed systems are fascinating.', 'author': 'Charlie'}
2025-09-12 21:05:27 | INFO | Message received from author: Charlie
2025-09-12 21:05:27 | INFO | Updated author counts: {'Bob': 1110, 'Alice': 1567, 'Diana': 1764, 'Eve': 1113, 'Charlie': 983}
2025-09-12 21:05:27 | INFO | Chart updated successfully for message: {"message": "Distributed systems are fascinating.", "author": "Charlie"}
2025-09-12 21:05:27 | INFO | Processed JSON message: {'message': 'Buzz messages for everyone.', 'author': 'Bob'}
2025-09-12 21:05:27 | INFO | Message received from author: Bob
2025-09-12 21:05:27 | INFO | Updated author counts: {'Bob': 1111, 'Alice': 1567, 'Diana': 1764, 'Eve': 1113, 'Charlie': 983}
2025-09-12 21:05:28 | INFO | Chart updated successfully for message: {"message": "Buzz messages for everyone.", "author": "Bob"}
2025-09-12 21:05:28 | INFO | Processed JSON message: {'message': 'This is a buzz message.', 'author': 'Eve'}
2025-09-12 21:05:28 | INFO | Message received from author: Eve
2025-09-12 21:05:28 | INFO | Updated author counts: {'Bob': 1111, 'Alice': 1567, 'Diana': 1764, 'Eve': 1114, 'Charlie': 983}
2025-09-12 21:05:28 | INFO | Chart updated successfully for message: {"message": "This is a buzz message.", "author": "Eve"}
2025-09-12 21:05:28 | INFO | Processed JSON message: {'message': 'Data engineering is my passion.', 'author': 'Diana'}
2025-09-12 21:05:28 | INFO | Message received from author: Diana
2025-09-12 21:05:28 | INFO | Updated author counts: {'Bob': 1111, 'Alice': 1567, 'Diana': 1765, 'Eve': 1114, 'Charlie': 983}
2025-09-12 21:05:28 | INFO | Chart updated successfully for message: {"message": "Data engineering is my passion.", "author": "Diana"}
2025-09-12 21:05:28 | INFO | Processed JSON message: {'message': 'Data engineering is my passion.', 'author': 'Alice'}
2025-09-12 21:05:28 | INFO | Message received from author: Alice
2025-09-12 21:05:28 | INFO | Updated author counts: {'Bob': 1111, 'Alice': 1568, 'Diana': 1765, 'Eve': 1114, 'Charlie': 983}
2025-09-12 21:05:28 | INFO | Chart updated successfully for message: {"message": "Data engineering is my passion.", "author": "Alice"}
2025-09-12 21:05:28 | INFO | Processed JSON message: {'message': 'Buzz messages for everyone.', 'author': 'Diana'}
2025-09-12 21:05:28 | INFO | Message received from author: Diana
2025-09-12 21:05:28 | INFO | Updated author counts: {'Bob': 1111, 'Alice': 1568, 'Diana': 1766, 'Eve': 1114, 'Charlie': 983}
2025-09-12 21:05:28 | INFO | Chart updated successfully for message: {"message": "Buzz messages for everyone.", "author": "Diana"}
2025-09-12 21:05:28 | INFO | Processed JSON message: {'message': 'JSON makes life easier.', 'author': 'Alice'}
2025-09-12 21:05:28 | INFO | Message received from author: Alice
2025-09-12 21:05:28 | INFO | Updated author counts: {'Bob': 1111, 'Alice': 1569, 'Diana': 1766, 'Eve': 1114, 'Charlie': 983}
2025-09-12 21:05:28 | INFO | Chart updated successfully for message: {"message": "JSON makes life easier.", "author": "Alice"}
2025-09-12 21:05:28 | INFO | Processed JSON message: {'message': 'Data engineering is my passion.', 'author': 'Eve'}
2025-09-12 21:05:28 | INFO | Message received from author: Eve
2025-09-12 21:05:28 | INFO | Updated author counts: {'Bob': 1111, 'Alice': 1569, 'Diana': 1766, 'Eve': 1115, 'Charlie': 983}
2025-09-12 21:05:29 | INFO | Chart updated successfully for message: {"message": "Data engineering is my passion.", "author": "Eve"}
2025-09-12 21:05:29 | INFO | Processed JSON message: {'message': 'Distributed systems are fascinating.', 'author': 'Alice'}
2025-09-12 21:05:29 | INFO | Message received from author: Alice
2025-09-12 21:05:29 | INFO | Updated author counts: {'Bob': 1111, 'Alice': 1570, 'Diana': 1766, 'Eve': 1115, 'Charlie': 983}
2025-09-12 21:05:29 | INFO | Chart updated successfully for message: {"message": "Distributed systems are fascinating.", "author": "Alice"}
2025-09-12 21:05:29 | INFO | Processed JSON message: {'message': 'Have a great day!', 'author': 'Charlie'}
2025-09-12 21:05:29 | INFO | Message received from author: Charlie
2025-09-12 21:05:29 | INFO | Updated author counts: {'Bob': 1111, 'Alice': 1570, 'Diana': 1766, 'Eve': 1115, 'Charlie': 984}
2025-09-12 21:05:29 | INFO | Chart updated successfully for message: {"message": "Have a great day!", "author": "Charlie"}
2025-09-12 21:05:29 | INFO | Processed JSON message: {'message': 'Data engineering is my passion.', 'author': 'Alice'}
2025-09-12 21:05:29 | INFO | Message received from author: Alice
2025-09-12 21:05:29 | INFO | Updated author counts: {'Bob': 1111, 'Alice': 1571, 'Diana': 1766, 'Eve': 1115, 'Charlie': 984}
2025-09-12 21:05:29 | INFO | Chart updated successfully for message: {"message": "Data engineering is my passion.", "author": "Alice"}
2025-09-12 21:05:29 | INFO | Processed JSON message: {'message': 'Distributed systems are fascinating.', 'author': 'Diana'}
2025-09-12 21:05:29 | INFO | Message received from author: Diana
2025-09-12 21:05:29 | INFO | Updated author counts: {'Bob': 1111, 'Alice': 1571, 'Diana': 1767, 'Eve': 1115, 'Charlie': 984}
2025-09-12 21:05:29 | INFO | Chart updated successfully for message: {"message": "Distributed systems are fascinating.", "author": "Diana"}
2025-09-12 21:05:29 | INFO | Processed JSON message: {'message': 'Buzz messages for everyone.', 'author': 'Alice'}
2025-09-12 21:05:29 | INFO | Message received from author: Alice
2025-09-12 21:05:29 | INFO | Updated author counts: {'Bob': 1111, 'Alice': 1572, 'Diana': 1767, 'Eve': 1115, 'Charlie': 984}
2025-09-12 21:05:30 | INFO | Chart updated successfully for message: {"message": "Buzz messages for everyone.", "author": "Alice"}
2025-09-12 21:05:30 | INFO | Processed JSON message: {'message': 'Hello, Kafka world!', 'author': 'Diana'}
2025-09-12 21:05:30 | INFO | Message received from author: Diana
2025-09-12 21:05:30 | INFO | Updated author counts: {'Bob': 1111, 'Alice': 1572, 'Diana': 1768, 'Eve': 1115, 'Charlie': 984}
2025-09-12 21:05:30 | INFO | Chart updated successfully for message: {"message": "Hello, Kafka world!", "author": "Diana"}
2025-09-12 21:05:30 | INFO | Processed JSON message: {'message': 'This is a buzz message.', 'author': 'Eve'}
2025-09-12 21:05:30 | INFO | Message received from author: Eve
2025-09-12 21:05:30 | INFO | Updated author counts: {'Bob': 1111, 'Alice': 1572, 'Diana': 1768, 'Eve': 1116, 'Charlie': 984}
2025-09-12 21:05:30 | INFO | Chart updated successfully for message: {"message": "This is a buzz message.", "author": "Eve"}
2025-09-12 21:05:30 | INFO | Processed JSON message: {'message': 'JSON makes life easier.', 'author': 'Eve'}
2025-09-12 21:05:30 | INFO | Message received from author: Eve
2025-09-12 21:05:30 | INFO | Updated author counts: {'Bob': 1111, 'Alice': 1572, 'Diana': 1768, 'Eve': 1117, 'Charlie': 984}
2025-09-12 21:05:30 | INFO | Chart updated successfully for message: {"message": "JSON makes life easier.", "author": "Eve"}
2025-09-12 21:05:30 | INFO | Processed JSON message: {'message': 'JSON makes life easier.', 'author': 'Alice'}
2025-09-12 21:05:30 | INFO | Message received from author: Alice
2025-09-12 21:05:30 | INFO | Updated author counts: {'Bob': 1111, 'Alice': 1573, 'Diana': 1768, 'Eve': 1117, 'Charlie': 984}
2025-09-12 21:05:30 | INFO | Chart updated successfully for message: {"message": "JSON makes life easier.", "author": "Alice"}
2025-09-12 21:05:30 | INFO | Processed JSON message: {'message': 'Data engineering is my passion.', 'author': 'Diana'}
2025-09-12 21:05:30 | INFO | Message received from author: Diana
2025-09-12 21:05:30 | INFO | Updated author counts: {'Bob': 1111, 'Alice': 1573, 'Diana': 1769, 'Eve': 1117, 'Charlie': 984}
2025-09-12 21:05:30 | INFO | Logging to file: logs/project_log.log
2025-09-12 21:05:30 | INFO | Log sanitization enabled, personal info removed
2025-09-12 21:05:31 | INFO | Chart updated successfully for message: {"message": "Data engineering is my passion.", "author": "Diana"}
2025-09-12 21:05:31 | INFO | Processed JSON message: {'message': 'JSON makes life easier.', 'author': 'Diana'}
2025-09-12 21:05:31 | INFO | Message received from author: Diana
2025-09-12 21:05:31 | INFO | Updated author counts: {'Bob': 1111, 'Alice': 1573, 'Diana': 1770, 'Eve': 1117, 'Charlie': 984}
2025-09-12 21:05:31 | INFO | Chart updated successfully for message: {"message": "JSON makes life easier.", "author": "Diana"}
2025-09-12 21:05:31 | INFO | Processed JSON message: {'message': 'Kafka is awesome.', 'author': 'Charlie'}
2025-09-12 21:05:31 | INFO | Message received from author: Charlie
2025-09-12 21:05:31 | INFO | Updated author counts: {'Bob': 1111, 'Alice': 1573, 'Diana': 1770, 'Eve': 1117, 'Charlie': 985}
2025-09-12 21:05:31 | INFO | Chart updated successfully for message: {"message": "Kafka is awesome.", "author": "Charlie"}
2025-09-12 21:05:31 | INFO | Processed JSON message: {'message': 'JSON makes life easier.', 'author': 'Bob'}
2025-09-12 21:05:31 | INFO | Message received from author: Bob
2025-09-12 21:05:31 | INFO | Updated author counts: {'Bob': 1112, 'Alice': 1573, 'Diana': 1770, 'Eve': 1117, 'Charlie': 985}
2025-09-12 21:05:31 | INFO | START consumer.
2025-09-12 21:05:31 | INFO | Kafka topic: buzzline_json
2025-09-12 21:05:31 | INFO | Kafka consumer group id: buzz_group
2025-09-12 21:05:31 | INFO | Consumer: Topic 'buzzline_json' and group 'buzz_group'...
2025-09-12 21:05:31 | INFO | Kafka broker address: localhost:9092
2025-09-12 21:05:31 | INFO | Creating Kafka consumer. Topic='buzzline_json' and group ID='buzz_group'.
2025-09-12 21:05:31 | INFO | Kafka consumer created successfully.
2025-09-12 21:05:31 | INFO | Polling messages from topic 'buzzline_json'...
2025-09-12 21:05:31 | INFO | Chart updated successfully for message: {"message": "JSON makes life easier.", "author": "Bob"}
2025-09-12 21:05:31 | INFO | Processed JSON message: {'message': 'I love Python!', 'author': 'Bob'}
2025-09-12 21:05:31 | INFO | Message received from author: Bob
2025-09-12 21:05:31 | INFO | Updated author counts: {'Bob': 1113, 'Alice': 1573, 'Diana': 1770, 'Eve': 1117, 'Charlie': 985}
2025-09-12 21:05:31 | INFO | Chart updated successfully for message: {"message": "I love Python!", "author": "Bob"}
2025-09-12 21:05:31 | INFO | Processed JSON message: {'message': 'This is a buzz message.', 'author': 'Eve'}
2025-09-12 21:05:31 | INFO | Message received from author: Eve
2025-09-12 21:05:31 | INFO | Updated author counts: {'Bob': 1113, 'Alice': 1573, 'Diana': 1770, 'Eve': 1118, 'Charlie': 985}
2025-09-12 21:05:31 | INFO | Chart updated successfully for message: {"message": "This is a buzz message.", "author": "Eve"}
2025-09-12 21:05:31 | INFO | Processed JSON message: {'message': 'I love Python!', 'author': 'Eve'}
2025-09-12 21:05:31 | INFO | Message received from author: Eve
2025-09-12 21:05:31 | INFO | Updated author counts: {'Bob': 1113, 'Alice': 1573, 'Diana': 1770, 'Eve': 1119, 'Charlie': 985}
2025-09-12 21:05:32 | INFO | Chart updated successfully for message: {"message": "I love Python!", "author": "Eve"}
2025-09-12 21:05:32 | INFO | Processed JSON message: {'message': 'Buzz messages for everyone.', 'author': 'Alice'}
2025-09-12 21:05:32 | INFO | Message received from author: Alice
2025-09-12 21:05:32 | INFO | Updated author counts: {'Bob': 1113, 'Alice': 1574, 'Diana': 1770, 'Eve': 1119, 'Charlie': 985}
2025-09-12 21:05:32 | INFO | Chart updated successfully for message: {"message": "Buzz messages for everyone.", "author": "Alice"}
2025-09-12 21:05:32 | INFO | Processed JSON message: {'message': 'This is a buzz message.', 'author': 'Alice'}
2025-09-12 21:05:32 | INFO | Message received from author: Alice
2025-09-12 21:05:32 | INFO | Updated author counts: {'Bob': 1113, 'Alice': 1575, 'Diana': 1770, 'Eve': 1119, 'Charlie': 985}
2025-09-12 21:05:32 | INFO | Chart updated successfully for message: {"message": "This is a buzz message.", "author": "Alice"}
2025-09-12 21:05:32 | INFO | Processed JSON message: {'message': 'Data engineering is my passion.', 'author': 'Diana'}
2025-09-12 21:05:32 | INFO | Message received from author: Diana
2025-09-12 21:05:32 | INFO | Updated author counts: {'Bob': 1113, 'Alice': 1575, 'Diana': 1771, 'Eve': 1119, 'Charlie': 985}
2025-09-12 21:05:32 | INFO | Chart updated successfully for message: {"message": "Data engineering is my passion.", "author": "Diana"}
2025-09-12 21:05:32 | INFO | Processed JSON message: {'message': 'I love Python!', 'author': 'Eve'}
2025-09-12 21:05:32 | INFO | Message received from author: Eve
2025-09-12 21:05:32 | INFO | Updated author counts: {'Bob': 1113, 'Alice': 1575, 'Diana': 1771, 'Eve': 1120, 'Charlie': 985}
2025-09-12 21:05:32 | INFO | Chart updated successfully for message: {"message": "I love Python!", "author": "Eve"}
2025-09-12 21:05:32 | INFO | Processed JSON message: {'message': 'JSON makes life easier.', 'author': 'Charlie'}
2025-09-12 21:05:32 | INFO | Message received from author: Charlie
2025-09-12 21:05:32 | INFO | Updated author counts: {'Bob': 1113, 'Alice': 1575, 'Diana': 1771, 'Eve': 1120, 'Charlie': 986}
2025-09-12 21:05:32 | INFO | Chart updated successfully for message: {"message": "JSON makes life easier.", "author": "Charlie"}
2025-09-12 21:05:32 | INFO | Processed JSON message: {'message': 'Have a great day!', 'author': 'Bob'}
2025-09-12 21:05:32 | INFO | Message received from author: Bob
2025-09-12 21:05:32 | INFO | Updated author counts: {'Bob': 1114, 'Alice': 1575, 'Diana': 1771, 'Eve': 1120, 'Charlie': 986}
2025-09-12 21:05:33 | INFO | Chart updated successfully for message: {"message": "Have a great day!", "author": "Bob"}
2025-09-12 21:05:33 | INFO | Processed JSON message: {'message': 'Data engineering is my passion.', 'author': 'Alice'}
2025-09-12 21:05:33 | INFO | Message received from author: Alice
2025-09-12 21:05:33 | INFO | Updated author counts: {'Bob': 1114, 'Alice': 1576, 'Diana': 1771, 'Eve': 1120, 'Charlie': 986}
2025-09-12 21:05:33 | INFO | Chart updated successfully for message: {"message": "Data engineering is my passion.", "author": "Alice"}
2025-09-12 21:05:33 | INFO | Processed JSON message: {'message': 'Kafka is awesome.', 'author': 'Diana'}
2025-09-12 21:05:33 | INFO | Message received from author: Diana
2025-09-12 21:05:33 | INFO | Updated author counts: {'Bob': 1114, 'Alice': 1576, 'Diana': 1772, 'Eve': 1120, 'Charlie': 986}
2025-09-12 21:05:33 | INFO | Chart updated successfully for message: {"message": "Kafka is awesome.", "author": "Diana"}
2025-09-12 21:05:33 | INFO | Processed JSON message: {'message': 'Kafka is awesome.', 'author': 'Diana'}
2025-09-12 21:05:33 | INFO | Message received from author: Diana
2025-09-12 21:05:33 | INFO | Updated author counts: {'Bob': 1114, 'Alice': 1576, 'Diana': 1773, 'Eve': 1120, 'Charlie': 986}
2025-09-12 21:05:33 | INFO | Chart updated successfully for message: {"message": "Kafka is awesome.", "author": "Diana"}
2025-09-12 21:05:33 | INFO | Processed JSON message: {'message': 'Hello, Kafka world!', 'author': 'Bob'}
2025-09-12 21:05:33 | INFO | Message received from author: Bob
2025-09-12 21:05:33 | INFO | Updated author counts: {'Bob': 1115, 'Alice': 1576, 'Diana': 1773, 'Eve': 1120, 'Charlie': 986}
2025-09-12 21:05:33 | INFO | Chart updated successfully for message: {"message": "Hello, Kafka world!", "author": "Bob"}
2025-09-12 21:05:33 | INFO | Processed JSON message: {'message': 'Distributed systems are fascinating.', 'author': 'Diana'}
2025-09-12 21:05:33 | INFO | Message received from author: Diana
2025-09-12 21:05:33 | INFO | Updated author counts: {'Bob': 1115, 'Alice': 1576, 'Diana': 1774, 'Eve': 1120, 'Charlie': 986}
2025-09-12 21:05:33 | INFO | Chart updated successfully for message: {"message": "Distributed systems are fascinating.", "author": "Diana"}
2025-09-12 21:05:33 | INFO | Processed JSON message: {'message': 'I love Python!', 'author': 'Diana'}
2025-09-12 21:05:33 | INFO | Message received from author: Diana
2025-09-12 21:05:33 | INFO | Updated author counts: {'Bob': 1115, 'Alice': 1576, 'Diana': 1775, 'Eve': 1120, 'Charlie': 986}
2025-09-12 21:05:34 | INFO | Chart updated successfully for message: {"message": "I love Python!", "author": "Diana"}
2025-09-12 21:05:34 | INFO | Processed JSON message: {'message': 'Have a great day!', 'author': 'Alice'}
2025-09-12 21:05:34 | INFO | Message received from author: Alice
2025-09-12 21:05:34 | INFO | Updated author counts: {'Bob': 1115, 'Alice': 1577, 'Diana': 1775, 'Eve': 1120, 'Charlie': 986}
2025-09-12 21:05:34 | INFO | Chart updated successfully for message: {"message": "Have a great day!", "author": "Alice"}
2025-09-12 21:05:34 | INFO | Processed JSON message: {'message': 'Hello, Kafka world!', 'author': 'Charlie'}
2025-09-12 21:05:34 | INFO | Message received from author: Charlie
2025-09-12 21:05:34 | INFO | Updated author counts: {'Bob': 1115, 'Alice': 1577, 'Diana': 1775, 'Eve': 1120, 'Charlie': 987}
2025-09-12 21:05:34 | INFO | Chart updated successfully for message: {"message": "Hello, Kafka world!", "author": "Charlie"}
2025-09-12 21:05:34 | INFO | Processed JSON message: {'message': 'JSON makes life easier.', 'author': 'Diana'}
2025-09-12 21:05:34 | INFO | Message received from author: Diana
2025-09-12 21:05:34 | INFO | Updated author counts: {'Bob': 1115, 'Alice': 1577, 'Diana': 1776, 'Eve': 1120, 'Charlie': 987}
2025-09-12 21:05:34 | INFO | Chart updated successfully for message: {"message": "JSON makes life easier.", "author": "Diana"}
2025-09-12 21:05:34 | INFO | Processed JSON message: {'message': 'I love Python!', 'author': 'Bob'}
2025-09-12 21:05:34 | INFO | Message received from author: Bob
2025-09-12 21:05:34 | INFO | Updated author counts: {'Bob': 1116, 'Alice': 1577, 'Diana': 1776, 'Eve': 1120, 'Charlie': 987}
2025-09-12 21:05:34 | INFO | Chart updated successfully for message: {"message": "I love Python!", "author": "Bob"}
2025-09-12 21:05:34 | INFO | Processed JSON message: {'message': 'Have a great day!', 'author': 'Diana'}
2025-09-12 21:05:34 | INFO | Message received from author: Diana
2025-09-12 21:05:34 | INFO | Updated author counts: {'Bob': 1116, 'Alice': 1577, 'Diana': 1777, 'Eve': 1120, 'Charlie': 987}
2025-09-12 21:05:35 | INFO | Chart updated successfully for message: {"message": "Have a great day!", "author": "Diana"}
2025-09-12 21:05:35 | INFO | Processed JSON message: {'message': 'Hello, Kafka world!', 'author': 'Alice'}
2025-09-12 21:05:35 | INFO | Message received from author: Alice
2025-09-12 21:05:35 | INFO | Updated author counts: {'Bob': 1116, 'Alice': 1578, 'Diana': 1777, 'Eve': 1120, 'Charlie': 987}
2025-09-12 21:05:35 | INFO | Chart updated successfully for message: {"message": "Hello, Kafka world!", "author": "Alice"}
2025-09-12 21:05:35 | INFO | Processed JSON message: {'message': 'JSON makes life easier.', 'author': 'Alice'}
2025-09-12 21:05:35 | INFO | Message received from author: Alice
2025-09-12 21:05:35 | INFO | Updated author counts: {'Bob': 1116, 'Alice': 1579, 'Diana': 1777, 'Eve': 1120, 'Charlie': 987}
2025-09-12 21:05:35 | INFO | Chart updated successfully for message: {"message": "JSON makes life easier.", "author": "Alice"}
2025-09-12 21:05:35 | INFO | Processed JSON message: {'message': 'Buzz messages for everyone.', 'author': 'Charlie'}
2025-09-12 21:05:35 | INFO | Message received from author: Charlie
2025-09-12 21:05:35 | INFO | Updated author counts: {'Bob': 1116, 'Alice': 1579, 'Diana': 1777, 'Eve': 1120, 'Charlie': 988}
2025-09-12 21:05:35 | INFO | Chart updated successfully for message: {"message": "Buzz messages for everyone.", "author": "Charlie"}
2025-09-12 21:05:35 | INFO | Processed JSON message: {'message': 'Buzz messages for everyone.', 'author': 'Bob'}
2025-09-12 21:05:35 | INFO | Message received from author: Bob
2025-09-12 21:05:35 | INFO | Updated author counts: {'Bob': 1117, 'Alice': 1579, 'Diana': 1777, 'Eve': 1120, 'Charlie': 988}
2025-09-12 21:05:35 | INFO | Chart updated successfully for message: {"message": "Buzz messages for everyone.", "author": "Bob"}
2025-09-12 21:05:35 | INFO | Processed JSON message: {'message': 'Streaming data is fun.', 'author': 'Diana'}
2025-09-12 21:05:35 | INFO | Message received from author: Diana
2025-09-12 21:05:35 | INFO | Updated author counts: {'Bob': 1117, 'Alice': 1579, 'Diana': 1778, 'Eve': 1120, 'Charlie': 988}
2025-09-12 21:05:35 | INFO | Chart updated successfully for message: {"message": "Streaming data is fun.", "author": "Diana"}
2025-09-12 21:05:35 | INFO | Processed JSON message: {'message': 'Have a great day!', 'author': 'Diana'}
2025-09-12 21:05:35 | INFO | Message received from author: Diana
2025-09-12 21:05:35 | INFO | Updated author counts: {'Bob': 1117, 'Alice': 1579, 'Diana': 1779, 'Eve': 1120, 'Charlie': 988}
2025-09-12 21:05:35 | INFO | Chart updated successfully for message: {"message": "Have a great day!", "author": "Diana"}
2025-09-12 21:05:35 | INFO | Processed JSON message: {'message': 'I love Python!', 'author': 'Alice'}
2025-09-12 21:05:35 | INFO | Message received from author: Alice
2025-09-12 21:05:35 | INFO | Updated author counts: {'Bob': 1117, 'Alice': 1580, 'Diana': 1779, 'Eve': 1120, 'Charlie': 988}
2025-09-12 21:05:36 | INFO | Chart updated successfully for message: {"message": "I love Python!", "author": "Alice"}
2025-09-12 21:05:36 | INFO | Processed JSON message: {'message': 'Streaming data is fun.', 'author': 'Charlie'}
2025-09-12 21:05:36 | INFO | Message received from author: Charlie
2025-09-12 21:05:36 | INFO | Updated author counts: {'Bob': 1117, 'Alice': 1580, 'Diana': 1779, 'Eve': 1120, 'Charlie': 989}
2025-09-12 21:05:36 | INFO | Chart updated successfully for message: {"message": "Streaming data is fun.", "author": "Charlie"}
2025-09-12 21:05:36 | INFO | Processed JSON message: {'message': 'Kafka is awesome.', 'author': 'Alice'}
2025-09-12 21:05:36 | INFO | Message received from author: Alice
2025-09-12 21:05:36 | INFO | Updated author counts: {'Bob': 1117, 'Alice': 1581, 'Diana': 1779, 'Eve': 1120, 'Charlie': 989}
2025-09-12 21:05:36 | INFO | Chart updated successfully for message: {"message": "Kafka is awesome.", "author": "Alice"}
2025-09-12 21:05:36 | INFO | Processed JSON message: {'message': 'Kafka is awesome.', 'author': 'Diana'}
2025-09-12 21:05:36 | INFO | Message received from author: Diana
2025-09-12 21:05:36 | INFO | Updated author counts: {'Bob': 1117, 'Alice': 1581, 'Diana': 1780, 'Eve': 1120, 'Charlie': 989}
2025-09-12 21:05:36 | INFO | Chart updated successfully for message: {"message": "Kafka is awesome.", "author": "Diana"}
2025-09-12 21:05:36 | INFO | Processed JSON message: {'message': 'Kafka is awesome.', 'author': 'Alice'}
2025-09-12 21:05:36 | INFO | Message received from author: Alice
2025-09-12 21:05:36 | INFO | Updated author counts: {'Bob': 1117, 'Alice': 1582, 'Diana': 1780, 'Eve': 1120, 'Charlie': 989}
2025-09-12 21:05:36 | INFO | Chart updated successfully for message: {"message": "Kafka is awesome.", "author": "Alice"}
2025-09-12 21:05:36 | INFO | Processed JSON message: {'message': 'JSON makes life easier.', 'author': 'Bob'}
2025-09-12 21:05:36 | INFO | Message received from author: Bob
2025-09-12 21:05:36 | INFO | Updated author counts: {'Bob': 1118, 'Alice': 1582, 'Diana': 1780, 'Eve': 1120, 'Charlie': 989}
2025-09-12 21:05:36 | INFO | Chart updated successfully for message: {"message": "JSON makes life easier.", "author": "Bob"}
2025-09-12 21:05:36 | INFO | Processed JSON message: {'message': 'This is a buzz message.', 'author': 'Bob'}
2025-09-12 21:05:36 | INFO | Message received from author: Bob
2025-09-12 21:05:36 | INFO | Updated author counts: {'Bob': 1119, 'Alice': 1582, 'Diana': 1780, 'Eve': 1120, 'Charlie': 989}
2025-09-12 21:05:36 | INFO | Chart updated successfully for message: {"message": "This is a buzz message.", "author": "Bob"}
2025-09-12 21:05:36 | INFO | Processed JSON message: {'message': 'Streaming data is fun.', 'author': 'Diana'}
2025-09-12 21:05:36 | INFO | Message received from author: Diana
2025-09-12 21:05:36 | INFO | Updated author counts: {'Bob': 1119, 'Alice': 1582, 'Diana': 1781, 'Eve': 1120, 'Charlie': 989}
2025-09-12 21:05:37 | INFO | Chart updated successfully for message: {"message": "Streaming data is fun.", "author": "Diana"}
2025-09-12 21:05:37 | INFO | Processed JSON message: {'message': 'Have a great day!', 'author': 'Bob'}
2025-09-12 21:05:37 | INFO | Message received from author: Bob
2025-09-12 21:05:37 | INFO | Updated author counts: {'Bob': 1120, 'Alice': 1582, 'Diana': 1781, 'Eve': 1120, 'Charlie': 989}
2025-09-12 21:05:37 | INFO | Chart updated successfully for message: {"message": "Have a great day!", "author": "Bob"}
2025-09-12 21:05:37 | INFO | Processed JSON message: {'message': 'This is a buzz message.', 'author': 'Eve'}
2025-09-12 21:05:37 | INFO | Message received from author: Eve
2025-09-12 21:05:37 | INFO | Updated author counts: {'Bob': 1120, 'Alice': 1582, 'Diana': 1781, 'Eve': 1121, 'Charlie': 989}
2025-09-12 21:05:37 | INFO | Chart updated successfully for message: {"message": "This is a buzz message.", "author": "Eve"}
2025-09-12 21:05:37 | INFO | Processed JSON message: {'message': 'Hello, Kafka world!', 'author': 'Bob'}
2025-09-12 21:05:37 | INFO | Message received from author: Bob
2025-09-12 21:05:37 | INFO | Updated author counts: {'Bob': 1121, 'Alice': 1582, 'Diana': 1781, 'Eve': 1121, 'Charlie': 989}
2025-09-12 21:05:37 | INFO | Chart updated successfully for message: {"message": "Hello, Kafka world!", "author": "Bob"}
2025-09-12 21:05:37 | INFO | Processed JSON message: {'message': 'This is a buzz message.', 'author': 'Alice'}
2025-09-12 21:05:37 | INFO | Message received from author: Alice
2025-09-12 21:05:37 | INFO | Updated author counts: {'Bob': 1121, 'Alice': 1583, 'Diana': 1781, 'Eve': 1121, 'Charlie': 989}
2025-09-12 21:05:37 | INFO | Chart updated successfully for message: {"message": "This is a buzz message.", "author": "Alice"}
2025-09-12 21:05:37 | INFO | Processed JSON message: {'message': 'Streaming data is fun.', 'author': 'Eve'}
2025-09-12 21:05:37 | INFO | Message received from author: Eve
2025-09-12 21:05:37 | INFO | Updated author counts: {'Bob': 1121, 'Alice': 1583, 'Diana': 1781, 'Eve': 1122, 'Charlie': 989}
2025-09-12 21:05:37 | INFO | Chart updated successfully for message: {"message": "Streaming data is fun.", "author": "Eve"}
2025-09-12 21:05:37 | INFO | Processed JSON message: {'message': 'Kafka is awesome.', 'author': 'Alice'}
2025-09-12 21:05:37 | INFO | Message received from author: Alice
2025-09-12 21:05:37 | INFO | Updated author counts: {'Bob': 1121, 'Alice': 1584, 'Diana': 1781, 'Eve': 1122, 'Charlie': 989}
2025-09-12 21:05:37 | INFO | Chart updated successfully for message: {"message": "Kafka is awesome.", "author": "Alice"}
2025-09-12 21:05:37 | INFO | Processed JSON message: {'message': 'JSON makes life easier.', 'author': 'Bob'}
2025-09-12 21:05:37 | INFO | Message received from author: Bob
2025-09-12 21:05:37 | INFO | Updated author counts: {'Bob': 1122, 'Alice': 1584, 'Diana': 1781, 'Eve': 1122, 'Charlie': 989}
2025-09-12 21:05:38 | INFO | Chart updated successfully for message: {"message": "JSON makes life easier.", "author": "Bob"}
2025-09-12 21:05:38 | INFO | Processed JSON message: {'message': 'This is a buzz message.', 'author': 'Charlie'}
2025-09-12 21:05:38 | INFO | Message received from author: Charlie
2025-09-12 21:05:38 | INFO | Updated author counts: {'Bob': 1122, 'Alice': 1584, 'Diana': 1781, 'Eve': 1122, 'Charlie': 990}
2025-09-12 21:05:38 | INFO | Chart updated successfully for message: {"message": "This is a buzz message.", "author": "Charlie"}
2025-09-12 21:05:38 | INFO | Processed JSON message: {'message': 'Have a great day!', 'author': 'Diana'}
2025-09-12 21:05:38 | INFO | Message received from author: Diana
2025-09-12 21:05:38 | INFO | Updated author counts: {'Bob': 1122, 'Alice': 1584, 'Diana': 1782, 'Eve': 1122, 'Charlie': 990}
2025-09-12 21:05:38 | INFO | Chart updated successfully for message: {"message": "Have a great day!", "author": "Diana"}
2025-09-12 21:05:38 | INFO | Processed JSON message: {'message': 'Distributed systems are fascinating.', 'author': 'Bob'}
2025-09-12 21:05:38 | INFO | Message received from author: Bob
2025-09-12 21:05:38 | INFO | Updated author counts: {'Bob': 1123, 'Alice': 1584, 'Diana': 1782, 'Eve': 1122, 'Charlie': 990}
2025-09-12 21:05:38 | INFO | Chart updated successfully for message: {"message": "Distributed systems are fascinating.", "author": "Bob"}
2025-09-12 21:05:38 | INFO | Processed JSON message: {'message': 'Kafka is awesome.', 'author': 'Alice'}
2025-09-12 21:05:38 | INFO | Message received from author: Alice
2025-09-12 21:05:38 | INFO | Updated author counts: {'Bob': 1123, 'Alice': 1585, 'Diana': 1782, 'Eve': 1122, 'Charlie': 990}
2025-09-12 21:05:38 | INFO | Chart updated successfully for message: {"message": "Kafka is awesome.", "author": "Alice"}
2025-09-12 21:05:38 | INFO | Processed JSON message: {'message': 'Streaming data is fun.', 'author': 'Alice'}
2025-09-12 21:05:38 | INFO | Message received from author: Alice
2025-09-12 21:05:38 | INFO | Updated author counts: {'Bob': 1123, 'Alice': 1586, 'Diana': 1782, 'Eve': 1122, 'Charlie': 990}
2025-09-12 21:05:38 | INFO | Chart updated successfully for message: {"message": "Streaming data is fun.", "author": "Alice"}
2025-09-12 21:05:38 | INFO | Processed JSON message: {'message': 'Have a great day!', 'author': 'Diana'}
2025-09-12 21:05:38 | INFO | Message received from author: Diana
2025-09-12 21:05:38 | INFO | Updated author counts: {'Bob': 1123, 'Alice': 1586, 'Diana': 1783, 'Eve': 1122, 'Charlie': 990}
2025-09-12 21:05:38 | INFO | Chart updated successfully for message: {"message": "Have a great day!", "author": "Diana"}
2025-09-12 21:05:38 | INFO | Processed JSON message: {'message': 'Streaming data is fun.', 'author': 'Alice'}
2025-09-12 21:05:38 | INFO | Message received from author: Alice
2025-09-12 21:05:38 | INFO | Updated author counts: {'Bob': 1123, 'Alice': 1587, 'Diana': 1783, 'Eve': 1122, 'Charlie': 990}
2025-09-12 21:05:39 | INFO | Chart updated successfully for message: {"message": "Streaming data is fun.", "author": "Alice"}
2025-09-12 21:05:39 | INFO | Processed JSON message: {'message': 'This is a buzz message.', 'author': 'Diana'}
2025-09-12 21:05:39 | INFO | Message received from author: Diana
2025-09-12 21:05:39 | INFO | Updated author counts: {'Bob': 1123, 'Alice': 1587, 'Diana': 1784, 'Eve': 1122, 'Charlie': 990}
2025-09-12 21:05:39 | INFO | Chart updated successfully for message: {"message": "This is a buzz message.", "author": "Diana"}
2025-09-12 21:05:39 | INFO | Processed JSON message: {'message': 'Data engineering is my passion.', 'author': 'Bob'}
2025-09-12 21:05:39 | INFO | Message received from author: Bob
2025-09-12 21:05:39 | INFO | Updated author counts: {'Bob': 1124, 'Alice': 1587, 'Diana': 1784, 'Eve': 1122, 'Charlie': 990}
2025-09-12 21:05:39 | INFO | Chart updated successfully for message: {"message": "Data engineering is my passion.", "author": "Bob"}
2025-09-12 21:05:39 | INFO | Processed JSON message: {'message': 'Have a great day!', 'author': 'Diana'}
2025-09-12 21:05:39 | INFO | Message received from author: Diana
2025-09-12 21:05:39 | INFO | Updated author counts: {'Bob': 1124, 'Alice': 1587, 'Diana': 1785, 'Eve': 1122, 'Charlie': 990}
2025-09-12 21:05:39 | INFO | Chart updated successfully for message: {"message": "Have a great day!", "author": "Diana"}
2025-09-12 21:05:39 | INFO | Processed JSON message: {'message': 'Kafka is awesome.', 'author': 'Alice'}
2025-09-12 21:05:39 | INFO | Message received from author: Alice
2025-09-12 21:05:39 | INFO | Updated author counts: {'Bob': 1124, 'Alice': 1588, 'Diana': 1785, 'Eve': 1122, 'Charlie': 990}
2025-09-12 21:05:39 | INFO | Chart updated successfully for message: {"message": "Kafka is awesome.", "author": "Alice"}
2025-09-12 21:05:39 | INFO | Processed JSON message: {'message': 'Kafka is awesome.', 'author': 'Eve'}
2025-09-12 21:05:39 | INFO | Message received from author: Eve
2025-09-12 21:05:39 | INFO | Updated author counts: {'Bob': 1124, 'Alice': 1588, 'Diana': 1785, 'Eve': 1123, 'Charlie': 990}
2025-09-12 21:05:39 | INFO | Chart updated successfully for message: {"message": "Kafka is awesome.", "author": "Eve"}
2025-09-12 21:05:39 | INFO | Processed JSON message: {'message': 'Have a great day!', 'author': 'Diana'}
2025-09-12 21:05:39 | INFO | Message received from author: Diana
2025-09-12 21:05:39 | INFO | Updated author counts: {'Bob': 1124, 'Alice': 1588, 'Diana': 1786, 'Eve': 1123, 'Charlie': 990}
2025-09-12 21:05:39 | INFO | Chart updated successfully for message: {"message": "Have a great day!", "author": "Diana"}
2025-09-12 21:05:39 | INFO | Processed JSON message: {'message': 'Buzz messages for everyone.', 'author': 'Charlie'}
2025-09-12 21:05:39 | INFO | Message received from author: Charlie
2025-09-12 21:05:39 | INFO | Updated author counts: {'Bob': 1124, 'Alice': 1588, 'Diana': 1786, 'Eve': 1123, 'Charlie': 991}
2025-09-12 21:05:39 | INFO | Chart updated successfully for message: {"message": "Buzz messages for everyone.", "author": "Charlie"}
2025-09-12 21:05:39 | INFO | Processed JSON message: {'message': 'This is a buzz message.', 'author': 'Charlie'}
2025-09-12 21:05:39 | INFO | Message received from author: Charlie
2025-09-12 21:05:39 | INFO | Updated author counts: {'Bob': 1124, 'Alice': 1588, 'Diana': 1786, 'Eve': 1123, 'Charlie': 992}
2025-09-12 21:05:40 | INFO | Chart updated successfully for message: {"message": "This is a buzz message.", "author": "Charlie"}
2025-09-12 21:05:40 | INFO | Processed JSON message: {'message': 'Streaming data is fun.', 'author': 'Alice'}
2025-09-12 21:05:40 | INFO | Message received from author: Alice
2025-09-12 21:05:40 | INFO | Updated author counts: {'Bob': 1124, 'Alice': 1589, 'Diana': 1786, 'Eve': 1123, 'Charlie': 992}
2025-09-12 21:05:40 | INFO | Chart updated successfully for message: {"message": "Streaming data is fun.", "author": "Alice"}
2025-09-12 21:05:40 | INFO | Processed JSON message: {'message': 'Hello, Kafka world!', 'author': 'Diana'}
2025-09-12 21:05:40 | INFO | Message received from author: Diana
2025-09-12 21:05:40 | INFO | Updated author counts: {'Bob': 1124, 'Alice': 1589, 'Diana': 1787, 'Eve': 1123, 'Charlie': 992}
2025-09-12 21:05:40 | INFO | Chart updated successfully for message: {"message": "Hello, Kafka world!", "author": "Diana"}
2025-09-12 21:05:40 | INFO | Processed JSON message: {'message': 'Kafka is awesome.', 'author': 'Bob'}
2025-09-12 21:05:40 | INFO | Message received from author: Bob
2025-09-12 21:05:40 | INFO | Updated author counts: {'Bob': 1125, 'Alice': 1589, 'Diana': 1787, 'Eve': 1123, 'Charlie': 992}
2025-09-12 21:05:40 | INFO | Chart updated successfully for message: {"message": "Kafka is awesome.", "author": "Bob"}
2025-09-12 21:05:40 | INFO | Processed JSON message: {'message': 'I love Python!', 'author': 'Eve'}
2025-09-12 21:05:40 | INFO | Message received from author: Eve
2025-09-12 21:05:40 | INFO | Updated author counts: {'Bob': 1125, 'Alice': 1589, 'Diana': 1787, 'Eve': 1124, 'Charlie': 992}
2025-09-12 21:05:40 | INFO | Chart updated successfully for message: {"message": "I love Python!", "author": "Eve"}
2025-09-12 21:05:40 | INFO | Processed JSON message: {'message': 'JSON makes life easier.', 'author': 'Charlie'}
2025-09-12 21:05:40 | INFO | Message received from author: Charlie
2025-09-12 21:05:40 | INFO | Updated author counts: {'Bob': 1125, 'Alice': 1589, 'Diana': 1787, 'Eve': 1124, 'Charlie': 993}
2025-09-12 21:05:40 | INFO | Chart updated successfully for message: {"message": "JSON makes life easier.", "author": "Charlie"}
2025-09-12 21:05:40 | INFO | Processed JSON message: {'message': 'I love Python!', 'author': 'Charlie'}
2025-09-12 21:05:40 | INFO | Message received from author: Charlie
2025-09-12 21:05:40 | INFO | Updated author counts: {'Bob': 1125, 'Alice': 1589, 'Diana': 1787, 'Eve': 1124, 'Charlie': 994}
2025-09-12 21:05:41 | INFO | Chart updated successfully for message: {"message": "I love Python!", "author": "Charlie"}
2025-09-12 21:05:41 | INFO | Processed JSON message: {'message': 'I love Python!', 'author': 'Charlie'}
2025-09-12 21:05:41 | INFO | Message received from author: Charlie
2025-09-12 21:05:41 | INFO | Updated author counts: {'Bob': 1125, 'Alice': 1589, 'Diana': 1787, 'Eve': 1124, 'Charlie': 995}
2025-09-12 21:05:41 | INFO | Chart updated successfully for message: {"message": "I love Python!", "author": "Charlie"}
2025-09-12 21:05:41 | INFO | Processed JSON message: {'message': 'I love Python!', 'author': 'Diana'}
2025-09-12 21:05:41 | INFO | Message received from author: Diana
2025-09-12 21:05:41 | INFO | Updated author counts: {'Bob': 1125, 'Alice': 1589, 'Diana': 1788, 'Eve': 1124, 'Charlie': 995}
2025-09-12 21:05:41 | INFO | Chart updated successfully for message: {"message": "I love Python!", "author": "Diana"}
2025-09-12 21:05:41 | INFO | Processed JSON message: {'message': 'Streaming data is fun.', 'author': 'Diana'}
2025-09-12 21:05:41 | INFO | Message received from author: Diana
2025-09-12 21:05:41 | INFO | Updated author counts: {'Bob': 1125, 'Alice': 1589, 'Diana': 1789, 'Eve': 1124, 'Charlie': 995}
2025-09-12 21:05:41 | INFO | Chart updated successfully for message: {"message": "Streaming data is fun.", "author": "Diana"}
2025-09-12 21:05:41 | INFO | Processed JSON message: {'message': 'Data engineering is my passion.', 'author': 'Eve'}
2025-09-12 21:05:41 | INFO | Message received from author: Eve
2025-09-12 21:05:41 | INFO | Updated author counts: {'Bob': 1125, 'Alice': 1589, 'Diana': 1789, 'Eve': 1125, 'Charlie': 995}
2025-09-12 21:05:41 | INFO | Chart updated successfully for message: {"message": "Data engineering is my passion.", "author": "Eve"}
2025-09-12 21:05:41 | INFO | Processed JSON message: {'message': 'Buzz messages for everyone.', 'author': 'Eve'}
2025-09-12 21:05:41 | INFO | Message received from author: Eve
2025-09-12 21:05:41 | INFO | Updated author counts: {'Bob': 1125, 'Alice': 1589, 'Diana': 1789, 'Eve': 1126, 'Charlie': 995}
2025-09-12 21:05:41 | INFO | Chart updated successfully for message: {"message": "Buzz messages for everyone.", "author": "Eve"}
2025-09-12 21:05:41 | INFO | Processed JSON message: {'message': 'JSON makes life easier.', 'author': 'Eve'}
2025-09-12 21:05:41 | INFO | Message received from author: Eve
2025-09-12 21:05:41 | INFO | Updated author counts: {'Bob': 1125, 'Alice': 1589, 'Diana': 1789, 'Eve': 1127, 'Charlie': 995}
2025-09-12 21:05:41 | INFO | Chart updated successfully for message: {"message": "JSON makes life easier.", "author": "Eve"}
2025-09-12 21:05:41 | INFO | Processed JSON message: {'message': 'Have a great day!', 'author': 'Alice'}
2025-09-12 21:05:41 | INFO | Message received from author: Alice
2025-09-12 21:05:41 | INFO | Updated author counts: {'Bob': 1125, 'Alice': 1590, 'Diana': 1789, 'Eve': 1127, 'Charlie': 995}
2025-09-12 21:05:42 | INFO | Chart updated successfully for message: {"message": "Have a great day!", "author": "Alice"}
2025-09-12 21:05:42 | INFO | Processed JSON message: {'message': 'I love Python!', 'author': 'Bob'}
2025-09-12 21:05:42 | INFO | Message received from author: Bob
2025-09-12 21:05:42 | INFO | Updated author counts: {'Bob': 1126, 'Alice': 1590, 'Diana': 1789, 'Eve': 1127, 'Charlie': 995}
