2025-09-12 20:42:55 | INFO | Chart updated successfully for message: {"message": "I love Python!", "author": "Diana"}
2025-09-12 20:42:55 | INFO | Processed JSON message: {'message': 'Streaming data is fun.', 'author': 'Diana'}
2025-09-12 20:42:55 | INFO | Message received from author: Diana
2025-09-12 20:42:55 | INFO | Updated author counts: {'Bob': 802, 'Alice': 1133, 'Diana': 1276, 'Eve': 801, 'Charlie': 710}
2025-09-12 20:42:56 | INFO | Chart updated successfully for message: {"message": "Streaming data is fun.", "author": "Diana"}
2025-09-12 20:42:56 | INFO | Processed JSON message: {'message': 'Data engineering is my passion.', 'author': 'Eve'}
2025-09-12 20:42:56 | INFO | Message received from author: Eve
2025-09-12 20:42:56 | INFO | Updated author counts: {'Bob': 802, 'Alice': 1133, 'Diana': 1276, 'Eve': 802, 'Charlie': 710}
2025-09-12 20:42:56 | INFO | Chart updated successfully for message: {"message": "Data engineering is my passion.", "author": "Eve"}
2025-09-12 20:42:56 | INFO | Processed JSON message: {'message': 'Buzz messages for everyone.', 'author': 'Eve'}
2025-09-12 20:42:56 | INFO | Message received from author: Eve
2025-09-12 20:42:56 | INFO | Updated author counts: {'Bob': 802, 'Alice': 1133, 'Diana': 1276, 'Eve': 803, 'Charlie': 710}
2025-09-12 20:42:56 | INFO | Chart updated successfully for message: {"message": "Buzz messages for everyone.", "author": "Eve"}
2025-09-12 20:42:56 | INFO | Processed JSON message: {'message': 'JSON makes life easier.', 'author': 'Eve'}
2025-09-12 20:42:56 | INFO | Message received from author: Eve
2025-09-12 20:42:56 | INFO | Updated author counts: {'Bob': 802, 'Alice': 1133, 'Diana': 1276, 'Eve': 804, 'Charlie': 710}
2025-09-12 20:42:56 | INFO | Chart updated successfully for message: {"message": "JSON makes life easier.", "author": "Eve"}
2025-09-12 20:42:56 | INFO | Processed JSON message: {'message': 'Have a great day!', 'author': 'Alice'}
2025-09-12 20:42:56 | INFO | Message received from author: Alice
2025-09-12 20:42:56 | INFO | Updated author counts: {'Bob': 802, 'Alice': 1134, 'Diana': 1276, 'Eve': 804, 'Charlie': 710}
2025-09-12 20:42:56 | INFO | Chart updated successfully for message: {"message": "Have a great day!", "author": "Alice"}
2025-09-12 20:42:56 | INFO | Processed JSON message: {'message': 'I love Python!', 'author': 'Bob'}
2025-09-12 20:42:56 | INFO | Message received from author: Bob
2025-09-12 20:42:56 | INFO | Updated author counts: {'Bob': 803, 'Alice': 1134, 'Diana': 1276, 'Eve': 804, 'Charlie': 710}
2025-09-12 20:42:56 | INFO | Chart updated successfully for message: {"message": "I love Python!", "author": "Bob"}
2025-09-12 20:42:56 | INFO | Processed JSON message: {'message': 'I love Python!', 'author': 'Bob'}
2025-09-12 20:42:56 | INFO | Message received from author: Bob
2025-09-12 20:42:56 | INFO | Updated author counts: {'Bob': 804, 'Alice': 1134, 'Diana': 1276, 'Eve': 804, 'Charlie': 710}
2025-09-12 20:42:56 | INFO | Chart updated successfully for message: {"message": "I love Python!", "author": "Bob"}
2025-09-12 20:42:56 | INFO | Processed JSON message: {'message': 'This is a buzz message.', 'author': 'Eve'}
2025-09-12 20:42:56 | INFO | Message received from author: Eve
2025-09-12 20:42:56 | INFO | Updated author counts: {'Bob': 804, 'Alice': 1134, 'Diana': 1276, 'Eve': 805, 'Charlie': 710}
2025-09-12 20:42:56 | INFO | Chart updated successfully for message: {"message": "This is a buzz message.", "author": "Eve"}
2025-09-12 20:42:56 | INFO | Processed JSON message: {'message': 'This is a buzz message.', 'author': 'Alice'}
2025-09-12 20:42:56 | INFO | Message received from author: Alice
2025-09-12 20:42:56 | INFO | Updated author counts: {'Bob': 804, 'Alice': 1135, 'Diana': 1276, 'Eve': 805, 'Charlie': 710}
2025-09-12 20:42:57 | INFO | Chart updated successfully for message: {"message": "This is a buzz message.", "author": "Alice"}
2025-09-12 20:42:57 | INFO | Processed JSON message: {'message': 'Distributed systems are fascinating.', 'author': 'Diana'}
2025-09-12 20:42:57 | INFO | Message received from author: Diana
2025-09-12 20:42:57 | INFO | Updated author counts: {'Bob': 804, 'Alice': 1135, 'Diana': 1277, 'Eve': 805, 'Charlie': 710}
2025-09-12 20:42:57 | INFO | Chart updated successfully for message: {"message": "Distributed systems are fascinating.", "author": "Diana"}
2025-09-12 20:42:57 | INFO | Processed JSON message: {'message': 'Streaming data is fun.', 'author': 'Eve'}
2025-09-12 20:42:57 | INFO | Message received from author: Eve
2025-09-12 20:42:57 | INFO | Updated author counts: {'Bob': 804, 'Alice': 1135, 'Diana': 1277, 'Eve': 806, 'Charlie': 710}
2025-09-12 20:42:57 | INFO | Chart updated successfully for message: {"message": "Streaming data is fun.", "author": "Eve"}
2025-09-12 20:42:57 | INFO | Processed JSON message: {'message': 'Have a great day!', 'author': 'Charlie'}
2025-09-12 20:42:57 | INFO | Message received from author: Charlie
2025-09-12 20:42:57 | INFO | Updated author counts: {'Bob': 804, 'Alice': 1135, 'Diana': 1277, 'Eve': 806, 'Charlie': 711}
2025-09-12 20:42:57 | INFO | Chart updated successfully for message: {"message": "Have a great day!", "author": "Charlie"}
2025-09-12 20:42:57 | INFO | Processed JSON message: {'message': 'JSON makes life easier.', 'author': 'Eve'}
2025-09-12 20:42:57 | INFO | Message received from author: Eve
2025-09-12 20:42:57 | INFO | Updated author counts: {'Bob': 804, 'Alice': 1135, 'Diana': 1277, 'Eve': 807, 'Charlie': 711}
2025-09-12 20:42:57 | INFO | Chart updated successfully for message: {"message": "JSON makes life easier.", "author": "Eve"}
2025-09-12 20:42:57 | INFO | Processed JSON message: {'message': 'Buzz messages for everyone.', 'author': 'Diana'}
2025-09-12 20:42:57 | INFO | Message received from author: Diana
2025-09-12 20:42:57 | INFO | Updated author counts: {'Bob': 804, 'Alice': 1135, 'Diana': 1278, 'Eve': 807, 'Charlie': 711}
2025-09-12 20:42:57 | INFO | Chart updated successfully for message: {"message": "Buzz messages for everyone.", "author": "Diana"}
2025-09-12 20:42:57 | INFO | Processed JSON message: {'message': 'This is a buzz message.', 'author': 'Charlie'}
2025-09-12 20:42:57 | INFO | Message received from author: Charlie
2025-09-12 20:42:57 | INFO | Updated author counts: {'Bob': 804, 'Alice': 1135, 'Diana': 1278, 'Eve': 807, 'Charlie': 712}
2025-09-12 20:42:58 | INFO | Chart updated successfully for message: {"message": "This is a buzz message.", "author": "Charlie"}
2025-09-12 20:42:58 | INFO | Processed JSON message: {'message': 'Distributed systems are fascinating.', 'author': 'Charlie'}
2025-09-12 20:42:58 | INFO | Message received from author: Charlie
2025-09-12 20:42:58 | INFO | Updated author counts: {'Bob': 804, 'Alice': 1135, 'Diana': 1278, 'Eve': 807, 'Charlie': 713}
2025-09-12 20:42:58 | INFO | Chart updated successfully for message: {"message": "Distributed systems are fascinating.", "author": "Charlie"}
2025-09-12 20:42:58 | INFO | Processed JSON message: {'message': 'Buzz messages for everyone.', 'author': 'Bob'}
2025-09-12 20:42:58 | INFO | Message received from author: Bob
2025-09-12 20:42:58 | INFO | Updated author counts: {'Bob': 805, 'Alice': 1135, 'Diana': 1278, 'Eve': 807, 'Charlie': 713}
2025-09-12 20:42:58 | INFO | Chart updated successfully for message: {"message": "Buzz messages for everyone.", "author": "Bob"}
2025-09-12 20:42:58 | INFO | Processed JSON message: {'message': 'This is a buzz message.', 'author': 'Eve'}
2025-09-12 20:42:58 | INFO | Message received from author: Eve
2025-09-12 20:42:58 | INFO | Updated author counts: {'Bob': 805, 'Alice': 1135, 'Diana': 1278, 'Eve': 808, 'Charlie': 713}
2025-09-12 20:42:58 | INFO | Chart updated successfully for message: {"message": "This is a buzz message.", "author": "Eve"}
2025-09-12 20:42:58 | INFO | Processed JSON message: {'message': 'Data engineering is my passion.', 'author': 'Diana'}
2025-09-12 20:42:58 | INFO | Message received from author: Diana
2025-09-12 20:42:58 | INFO | Updated author counts: {'Bob': 805, 'Alice': 1135, 'Diana': 1279, 'Eve': 808, 'Charlie': 713}
2025-09-12 20:42:58 | INFO | Chart updated successfully for message: {"message": "Data engineering is my passion.", "author": "Diana"}
2025-09-12 20:42:58 | INFO | Processed JSON message: {'message': 'Data engineering is my passion.', 'author': 'Alice'}
2025-09-12 20:42:58 | INFO | Message received from author: Alice
2025-09-12 20:42:58 | INFO | Updated author counts: {'Bob': 805, 'Alice': 1136, 'Diana': 1279, 'Eve': 808, 'Charlie': 713}
2025-09-12 20:42:58 | INFO | Chart updated successfully for message: {"message": "Data engineering is my passion.", "author": "Alice"}
2025-09-12 20:42:58 | INFO | Processed JSON message: {'message': 'Buzz messages for everyone.', 'author': 'Diana'}
2025-09-12 20:42:58 | INFO | Message received from author: Diana
2025-09-12 20:42:58 | INFO | Updated author counts: {'Bob': 805, 'Alice': 1136, 'Diana': 1280, 'Eve': 808, 'Charlie': 713}
2025-09-12 20:42:58 | INFO | Chart updated successfully for message: {"message": "Buzz messages for everyone.", "author": "Diana"}
2025-09-12 20:42:58 | INFO | Processed JSON message: {'message': 'JSON makes life easier.', 'author': 'Alice'}
2025-09-12 20:42:58 | INFO | Message received from author: Alice
2025-09-12 20:42:58 | INFO | Updated author counts: {'Bob': 805, 'Alice': 1137, 'Diana': 1280, 'Eve': 808, 'Charlie': 713}
2025-09-12 20:42:58 | INFO | Chart updated successfully for message: {"message": "JSON makes life easier.", "author": "Alice"}
2025-09-12 20:42:58 | INFO | Processed JSON message: {'message': 'Data engineering is my passion.', 'author': 'Eve'}
2025-09-12 20:42:58 | INFO | Message received from author: Eve
2025-09-12 20:42:58 | INFO | Updated author counts: {'Bob': 805, 'Alice': 1137, 'Diana': 1280, 'Eve': 809, 'Charlie': 713}
2025-09-12 20:42:59 | INFO | Chart updated successfully for message: {"message": "Data engineering is my passion.", "author": "Eve"}
2025-09-12 20:42:59 | INFO | Processed JSON message: {'message': 'Distributed systems are fascinating.', 'author': 'Alice'}
2025-09-12 20:42:59 | INFO | Message received from author: Alice
2025-09-12 20:42:59 | INFO | Updated author counts: {'Bob': 805, 'Alice': 1138, 'Diana': 1280, 'Eve': 809, 'Charlie': 713}
2025-09-12 20:42:59 | INFO | Chart updated successfully for message: {"message": "Distributed systems are fascinating.", "author": "Alice"}
2025-09-12 20:42:59 | INFO | Processed JSON message: {'message': 'Have a great day!', 'author': 'Charlie'}
2025-09-12 20:42:59 | INFO | Message received from author: Charlie
2025-09-12 20:42:59 | INFO | Updated author counts: {'Bob': 805, 'Alice': 1138, 'Diana': 1280, 'Eve': 809, 'Charlie': 714}
2025-09-12 20:42:59 | INFO | Chart updated successfully for message: {"message": "Have a great day!", "author": "Charlie"}
2025-09-12 20:42:59 | INFO | Processed JSON message: {'message': 'Data engineering is my passion.', 'author': 'Alice'}
2025-09-12 20:42:59 | INFO | Message received from author: Alice
2025-09-12 20:42:59 | INFO | Updated author counts: {'Bob': 805, 'Alice': 1139, 'Diana': 1280, 'Eve': 809, 'Charlie': 714}
2025-09-12 20:42:59 | INFO | Chart updated successfully for message: {"message": "Data engineering is my passion.", "author": "Alice"}
2025-09-12 20:42:59 | INFO | Processed JSON message: {'message': 'Distributed systems are fascinating.', 'author': 'Diana'}
2025-09-12 20:42:59 | INFO | Message received from author: Diana
2025-09-12 20:42:59 | INFO | Updated author counts: {'Bob': 805, 'Alice': 1139, 'Diana': 1281, 'Eve': 809, 'Charlie': 714}
2025-09-12 20:42:59 | INFO | Chart updated successfully for message: {"message": "Distributed systems are fascinating.", "author": "Diana"}
2025-09-12 20:42:59 | INFO | Processed JSON message: {'message': 'Buzz messages for everyone.', 'author': 'Alice'}
2025-09-12 20:42:59 | INFO | Message received from author: Alice
2025-09-12 20:42:59 | INFO | Updated author counts: {'Bob': 805, 'Alice': 1140, 'Diana': 1281, 'Eve': 809, 'Charlie': 714}
2025-09-12 20:42:59 | INFO | Chart updated successfully for message: {"message": "Buzz messages for everyone.", "author": "Alice"}
2025-09-12 20:42:59 | INFO | Processed JSON message: {'message': 'Hello, Kafka world!', 'author': 'Diana'}
2025-09-12 20:42:59 | INFO | Message received from author: Diana
2025-09-12 20:42:59 | INFO | Updated author counts: {'Bob': 805, 'Alice': 1140, 'Diana': 1282, 'Eve': 809, 'Charlie': 714}
2025-09-12 20:42:59 | INFO | Chart updated successfully for message: {"message": "Hello, Kafka world!", "author": "Diana"}
2025-09-12 20:42:59 | INFO | Processed JSON message: {'message': 'This is a buzz message.', 'author': 'Eve'}
2025-09-12 20:42:59 | INFO | Message received from author: Eve
2025-09-12 20:42:59 | INFO | Updated author counts: {'Bob': 805, 'Alice': 1140, 'Diana': 1282, 'Eve': 810, 'Charlie': 714}
2025-09-12 20:43:00 | INFO | Chart updated successfully for message: {"message": "This is a buzz message.", "author": "Eve"}
2025-09-12 20:43:00 | INFO | Processed JSON message: {'message': 'JSON makes life easier.', 'author': 'Eve'}
2025-09-12 20:43:00 | INFO | Message received from author: Eve
2025-09-12 20:43:00 | INFO | Updated author counts: {'Bob': 805, 'Alice': 1140, 'Diana': 1282, 'Eve': 811, 'Charlie': 714}
2025-09-12 20:43:00 | INFO | Chart updated successfully for message: {"message": "JSON makes life easier.", "author": "Eve"}
2025-09-12 20:43:00 | INFO | Processed JSON message: {'message': 'JSON makes life easier.', 'author': 'Alice'}
2025-09-12 20:43:00 | INFO | Message received from author: Alice
2025-09-12 20:43:00 | INFO | Updated author counts: {'Bob': 805, 'Alice': 1141, 'Diana': 1282, 'Eve': 811, 'Charlie': 714}
2025-09-12 20:43:00 | INFO | Chart updated successfully for message: {"message": "JSON makes life easier.", "author": "Alice"}
2025-09-12 20:43:00 | INFO | Processed JSON message: {'message': 'Data engineering is my passion.', 'author': 'Diana'}
2025-09-12 20:43:00 | INFO | Message received from author: Diana
2025-09-12 20:43:00 | INFO | Updated author counts: {'Bob': 805, 'Alice': 1141, 'Diana': 1283, 'Eve': 811, 'Charlie': 714}
2025-09-12 20:43:00 | INFO | Chart updated successfully for message: {"message": "Data engineering is my passion.", "author": "Diana"}
2025-09-12 20:43:00 | INFO | Processed JSON message: {'message': 'JSON makes life easier.', 'author': 'Diana'}
2025-09-12 20:43:00 | INFO | Message received from author: Diana
2025-09-12 20:43:00 | INFO | Updated author counts: {'Bob': 805, 'Alice': 1141, 'Diana': 1284, 'Eve': 811, 'Charlie': 714}
2025-09-12 20:43:00 | INFO | Chart updated successfully for message: {"message": "JSON makes life easier.", "author": "Diana"}
2025-09-12 20:43:00 | INFO | Processed JSON message: {'message': 'Kafka is awesome.', 'author': 'Charlie'}
2025-09-12 20:43:00 | INFO | Message received from author: Charlie
2025-09-12 20:43:00 | INFO | Updated author counts: {'Bob': 805, 'Alice': 1141, 'Diana': 1284, 'Eve': 811, 'Charlie': 715}
2025-09-12 20:43:00 | INFO | Chart updated successfully for message: {"message": "Kafka is awesome.", "author": "Charlie"}
2025-09-12 20:43:00 | INFO | Processed JSON message: {'message': 'JSON makes life easier.', 'author': 'Bob'}
2025-09-12 20:43:00 | INFO | Message received from author: Bob
2025-09-12 20:43:00 | INFO | Updated author counts: {'Bob': 806, 'Alice': 1141, 'Diana': 1284, 'Eve': 811, 'Charlie': 715}
2025-09-12 20:43:01 | INFO | Chart updated successfully for message: {"message": "JSON makes life easier.", "author": "Bob"}
2025-09-12 20:43:01 | INFO | Processed JSON message: {'message': 'I love Python!', 'author': 'Bob'}
2025-09-12 20:43:01 | INFO | Message received from author: Bob
2025-09-12 20:43:01 | INFO | Updated author counts: {'Bob': 807, 'Alice': 1141, 'Diana': 1284, 'Eve': 811, 'Charlie': 715}
2025-09-12 20:43:01 | INFO | Chart updated successfully for message: {"message": "I love Python!", "author": "Bob"}
2025-09-12 20:43:01 | INFO | Processed JSON message: {'message': 'This is a buzz message.', 'author': 'Eve'}
2025-09-12 20:43:01 | INFO | Message received from author: Eve
2025-09-12 20:43:01 | INFO | Updated author counts: {'Bob': 807, 'Alice': 1141, 'Diana': 1284, 'Eve': 812, 'Charlie': 715}
2025-09-12 20:43:01 | INFO | Chart updated successfully for message: {"message": "This is a buzz message.", "author": "Eve"}
2025-09-12 20:43:01 | INFO | Processed JSON message: {'message': 'I love Python!', 'author': 'Eve'}
2025-09-12 20:43:01 | INFO | Message received from author: Eve
2025-09-12 20:43:01 | INFO | Updated author counts: {'Bob': 807, 'Alice': 1141, 'Diana': 1284, 'Eve': 813, 'Charlie': 715}
2025-09-12 20:43:01 | INFO | Chart updated successfully for message: {"message": "I love Python!", "author": "Eve"}
2025-09-12 20:43:01 | INFO | Processed JSON message: {'message': 'Buzz messages for everyone.', 'author': 'Alice'}
2025-09-12 20:43:01 | INFO | Message received from author: Alice
2025-09-12 20:43:01 | INFO | Updated author counts: {'Bob': 807, 'Alice': 1142, 'Diana': 1284, 'Eve': 813, 'Charlie': 715}
2025-09-12 20:43:01 | INFO | Chart updated successfully for message: {"message": "Buzz messages for everyone.", "author": "Alice"}
2025-09-12 20:43:01 | INFO | Processed JSON message: {'message': 'This is a buzz message.', 'author': 'Alice'}
2025-09-12 20:43:01 | INFO | Message received from author: Alice
2025-09-12 20:43:01 | INFO | Updated author counts: {'Bob': 807, 'Alice': 1143, 'Diana': 1284, 'Eve': 813, 'Charlie': 715}
2025-09-12 20:43:02 | INFO | Chart updated successfully for message: {"message": "This is a buzz message.", "author": "Alice"}
2025-09-12 20:43:02 | INFO | Processed JSON message: {'message': 'Data engineering is my passion.', 'author': 'Diana'}
2025-09-12 20:43:02 | INFO | Message received from author: Diana
2025-09-12 20:43:02 | INFO | Updated author counts: {'Bob': 807, 'Alice': 1143, 'Diana': 1285, 'Eve': 813, 'Charlie': 715}
2025-09-12 20:43:02 | INFO | Chart updated successfully for message: {"message": "Data engineering is my passion.", "author": "Diana"}
2025-09-12 20:43:02 | INFO | Processed JSON message: {'message': 'I love Python!', 'author': 'Eve'}
2025-09-12 20:43:02 | INFO | Message received from author: Eve
2025-09-12 20:43:02 | INFO | Updated author counts: {'Bob': 807, 'Alice': 1143, 'Diana': 1285, 'Eve': 814, 'Charlie': 715}
2025-09-12 20:43:02 | INFO | Chart updated successfully for message: {"message": "I love Python!", "author": "Eve"}
2025-09-12 20:43:02 | INFO | Processed JSON message: {'message': 'JSON makes life easier.', 'author': 'Charlie'}
2025-09-12 20:43:02 | INFO | Message received from author: Charlie
2025-09-12 20:43:02 | INFO | Updated author counts: {'Bob': 807, 'Alice': 1143, 'Diana': 1285, 'Eve': 814, 'Charlie': 716}
2025-09-12 20:43:02 | INFO | Chart updated successfully for message: {"message": "JSON makes life easier.", "author": "Charlie"}
2025-09-12 20:43:02 | INFO | Processed JSON message: {'message': 'Have a great day!', 'author': 'Bob'}
2025-09-12 20:43:02 | INFO | Message received from author: Bob
2025-09-12 20:43:02 | INFO | Updated author counts: {'Bob': 808, 'Alice': 1143, 'Diana': 1285, 'Eve': 814, 'Charlie': 716}
2025-09-12 20:43:02 | INFO | Chart updated successfully for message: {"message": "Have a great day!", "author": "Bob"}
2025-09-12 20:43:02 | INFO | Processed JSON message: {'message': 'Data engineering is my passion.', 'author': 'Alice'}
2025-09-12 20:43:02 | INFO | Message received from author: Alice
2025-09-12 20:43:02 | INFO | Updated author counts: {'Bob': 808, 'Alice': 1144, 'Diana': 1285, 'Eve': 814, 'Charlie': 716}
2025-09-12 20:43:02 | INFO | Chart updated successfully for message: {"message": "Data engineering is my passion.", "author": "Alice"}
2025-09-12 20:43:02 | INFO | Processed JSON message: {'message': 'Kafka is awesome.', 'author': 'Diana'}
2025-09-12 20:43:02 | INFO | Message received from author: Diana
2025-09-12 20:43:02 | INFO | Updated author counts: {'Bob': 808, 'Alice': 1144, 'Diana': 1286, 'Eve': 814, 'Charlie': 716}
2025-09-12 20:43:02 | INFO | Chart updated successfully for message: {"message": "Kafka is awesome.", "author": "Diana"}
2025-09-12 20:43:02 | INFO | Processed JSON message: {'message': 'Kafka is awesome.', 'author': 'Diana'}
2025-09-12 20:43:02 | INFO | Message received from author: Diana
2025-09-12 20:43:02 | INFO | Updated author counts: {'Bob': 808, 'Alice': 1144, 'Diana': 1287, 'Eve': 814, 'Charlie': 716}
2025-09-12 20:43:02 | INFO | Chart updated successfully for message: {"message": "Kafka is awesome.", "author": "Diana"}
2025-09-12 20:43:02 | INFO | Processed JSON message: {'message': 'Hello, Kafka world!', 'author': 'Bob'}
2025-09-12 20:43:02 | INFO | Message received from author: Bob
2025-09-12 20:43:02 | INFO | Updated author counts: {'Bob': 809, 'Alice': 1144, 'Diana': 1287, 'Eve': 814, 'Charlie': 716}
2025-09-12 20:43:03 | INFO | Chart updated successfully for message: {"message": "Hello, Kafka world!", "author": "Bob"}
2025-09-12 20:43:03 | INFO | Processed JSON message: {'message': 'Distributed systems are fascinating.', 'author': 'Diana'}
2025-09-12 20:43:03 | INFO | Message received from author: Diana
2025-09-12 20:43:03 | INFO | Updated author counts: {'Bob': 809, 'Alice': 1144, 'Diana': 1288, 'Eve': 814, 'Charlie': 716}
2025-09-12 20:43:03 | INFO | Chart updated successfully for message: {"message": "Distributed systems are fascinating.", "author": "Diana"}
2025-09-12 20:43:03 | INFO | Processed JSON message: {'message': 'I love Python!', 'author': 'Diana'}
2025-09-12 20:43:03 | INFO | Message received from author: Diana
2025-09-12 20:43:03 | INFO | Updated author counts: {'Bob': 809, 'Alice': 1144, 'Diana': 1289, 'Eve': 814, 'Charlie': 716}
2025-09-12 20:43:03 | INFO | Chart updated successfully for message: {"message": "I love Python!", "author": "Diana"}
2025-09-12 20:43:03 | INFO | Processed JSON message: {'message': 'Have a great day!', 'author': 'Alice'}
2025-09-12 20:43:03 | INFO | Message received from author: Alice
2025-09-12 20:43:03 | INFO | Updated author counts: {'Bob': 809, 'Alice': 1145, 'Diana': 1289, 'Eve': 814, 'Charlie': 716}
2025-09-12 20:43:03 | INFO | Chart updated successfully for message: {"message": "Have a great day!", "author": "Alice"}
2025-09-12 20:43:03 | INFO | Processed JSON message: {'message': 'Hello, Kafka world!', 'author': 'Charlie'}
2025-09-12 20:43:03 | INFO | Message received from author: Charlie
2025-09-12 20:43:03 | INFO | Updated author counts: {'Bob': 809, 'Alice': 1145, 'Diana': 1289, 'Eve': 814, 'Charlie': 717}
2025-09-12 20:43:03 | INFO | Chart updated successfully for message: {"message": "Hello, Kafka world!", "author": "Charlie"}
2025-09-12 20:43:03 | INFO | Processed JSON message: {'message': 'JSON makes life easier.', 'author': 'Diana'}
2025-09-12 20:43:03 | INFO | Message received from author: Diana
2025-09-12 20:43:03 | INFO | Updated author counts: {'Bob': 809, 'Alice': 1145, 'Diana': 1290, 'Eve': 814, 'Charlie': 717}
2025-09-12 20:43:03 | INFO | Chart updated successfully for message: {"message": "JSON makes life easier.", "author": "Diana"}
2025-09-12 20:43:03 | INFO | Processed JSON message: {'message': 'I love Python!', 'author': 'Bob'}
2025-09-12 20:43:03 | INFO | Message received from author: Bob
2025-09-12 20:43:03 | INFO | Updated author counts: {'Bob': 810, 'Alice': 1145, 'Diana': 1290, 'Eve': 814, 'Charlie': 717}
2025-09-12 20:43:03 | INFO | Chart updated successfully for message: {"message": "I love Python!", "author": "Bob"}
2025-09-12 20:43:03 | INFO | Processed JSON message: {'message': 'Have a great day!', 'author': 'Diana'}
2025-09-12 20:43:03 | INFO | Message received from author: Diana
2025-09-12 20:43:03 | INFO | Updated author counts: {'Bob': 810, 'Alice': 1145, 'Diana': 1291, 'Eve': 814, 'Charlie': 717}
2025-09-12 20:43:04 | INFO | Chart updated successfully for message: {"message": "Have a great day!", "author": "Diana"}
2025-09-12 20:43:04 | INFO | Processed JSON message: {'message': 'Hello, Kafka world!', 'author': 'Alice'}
2025-09-12 20:43:04 | INFO | Message received from author: Alice
2025-09-12 20:43:04 | INFO | Updated author counts: {'Bob': 810, 'Alice': 1146, 'Diana': 1291, 'Eve': 814, 'Charlie': 717}
2025-09-12 20:43:04 | INFO | Chart updated successfully for message: {"message": "Hello, Kafka world!", "author": "Alice"}
2025-09-12 20:43:04 | INFO | Processed JSON message: {'message': 'JSON makes life easier.', 'author': 'Alice'}
2025-09-12 20:43:04 | INFO | Message received from author: Alice
2025-09-12 20:43:04 | INFO | Updated author counts: {'Bob': 810, 'Alice': 1147, 'Diana': 1291, 'Eve': 814, 'Charlie': 717}
2025-09-12 20:43:04 | INFO | Chart updated successfully for message: {"message": "JSON makes life easier.", "author": "Alice"}
2025-09-12 20:43:04 | INFO | Processed JSON message: {'message': 'Buzz messages for everyone.', 'author': 'Charlie'}
2025-09-12 20:43:04 | INFO | Message received from author: Charlie
2025-09-12 20:43:04 | INFO | Updated author counts: {'Bob': 810, 'Alice': 1147, 'Diana': 1291, 'Eve': 814, 'Charlie': 718}
2025-09-12 20:43:04 | INFO | Chart updated successfully for message: {"message": "Buzz messages for everyone.", "author": "Charlie"}
2025-09-12 20:43:04 | INFO | Processed JSON message: {'message': 'Buzz messages for everyone.', 'author': 'Bob'}
2025-09-12 20:43:04 | INFO | Message received from author: Bob
2025-09-12 20:43:04 | INFO | Updated author counts: {'Bob': 811, 'Alice': 1147, 'Diana': 1291, 'Eve': 814, 'Charlie': 718}
2025-09-12 20:43:04 | INFO | Chart updated successfully for message: {"message": "Buzz messages for everyone.", "author": "Bob"}
2025-09-12 20:43:04 | INFO | Processed JSON message: {'message': 'Streaming data is fun.', 'author': 'Diana'}
2025-09-12 20:43:04 | INFO | Message received from author: Diana
2025-09-12 20:43:04 | INFO | Updated author counts: {'Bob': 811, 'Alice': 1147, 'Diana': 1292, 'Eve': 814, 'Charlie': 718}
2025-09-12 20:43:04 | INFO | Chart updated successfully for message: {"message": "Streaming data is fun.", "author": "Diana"}
2025-09-12 20:43:04 | INFO | Processed JSON message: {'message': 'Have a great day!', 'author': 'Diana'}
2025-09-12 20:43:04 | INFO | Message received from author: Diana
2025-09-12 20:43:04 | INFO | Updated author counts: {'Bob': 811, 'Alice': 1147, 'Diana': 1293, 'Eve': 814, 'Charlie': 718}
2025-09-12 20:43:04 | INFO | Chart updated successfully for message: {"message": "Have a great day!", "author": "Diana"}
2025-09-12 20:43:04 | INFO | Processed JSON message: {'message': 'I love Python!', 'author': 'Alice'}
2025-09-12 20:43:04 | INFO | Message received from author: Alice
2025-09-12 20:43:04 | INFO | Updated author counts: {'Bob': 811, 'Alice': 1148, 'Diana': 1293, 'Eve': 814, 'Charlie': 718}
2025-09-12 20:43:04 | INFO | Chart updated successfully for message: {"message": "I love Python!", "author": "Alice"}
2025-09-12 20:43:04 | INFO | Processed JSON message: {'message': 'Streaming data is fun.', 'author': 'Charlie'}
2025-09-12 20:43:04 | INFO | Message received from author: Charlie
2025-09-12 20:43:04 | INFO | Updated author counts: {'Bob': 811, 'Alice': 1148, 'Diana': 1293, 'Eve': 814, 'Charlie': 719}
2025-09-12 20:43:04 | INFO | Chart updated successfully for message: {"message": "Streaming data is fun.", "author": "Charlie"}
2025-09-12 20:43:04 | INFO | Processed JSON message: {'message': 'Kafka is awesome.', 'author': 'Alice'}
2025-09-12 20:43:04 | INFO | Message received from author: Alice
2025-09-12 20:43:04 | INFO | Updated author counts: {'Bob': 811, 'Alice': 1149, 'Diana': 1293, 'Eve': 814, 'Charlie': 719}
2025-09-12 20:43:05 | INFO | Chart updated successfully for message: {"message": "Kafka is awesome.", "author": "Alice"}
2025-09-12 20:43:05 | INFO | Processed JSON message: {'message': 'Kafka is awesome.', 'author': 'Diana'}
2025-09-12 20:43:05 | INFO | Message received from author: Diana
2025-09-12 20:43:05 | INFO | Updated author counts: {'Bob': 811, 'Alice': 1149, 'Diana': 1294, 'Eve': 814, 'Charlie': 719}
2025-09-12 20:43:05 | INFO | Chart updated successfully for message: {"message": "Kafka is awesome.", "author": "Diana"}
2025-09-12 20:43:05 | INFO | Processed JSON message: {'message': 'Kafka is awesome.', 'author': 'Alice'}
2025-09-12 20:43:05 | INFO | Message received from author: Alice
2025-09-12 20:43:05 | INFO | Updated author counts: {'Bob': 811, 'Alice': 1150, 'Diana': 1294, 'Eve': 814, 'Charlie': 719}
2025-09-12 20:43:05 | INFO | Chart updated successfully for message: {"message": "Kafka is awesome.", "author": "Alice"}
2025-09-12 20:43:05 | INFO | Processed JSON message: {'message': 'JSON makes life easier.', 'author': 'Bob'}
2025-09-12 20:43:05 | INFO | Message received from author: Bob
2025-09-12 20:43:05 | INFO | Updated author counts: {'Bob': 812, 'Alice': 1150, 'Diana': 1294, 'Eve': 814, 'Charlie': 719}
2025-09-12 20:43:05 | INFO | Chart updated successfully for message: {"message": "JSON makes life easier.", "author": "Bob"}
2025-09-12 20:43:05 | INFO | Processed JSON message: {'message': 'This is a buzz message.', 'author': 'Bob'}
2025-09-12 20:43:05 | INFO | Message received from author: Bob
2025-09-12 20:43:05 | INFO | Updated author counts: {'Bob': 813, 'Alice': 1150, 'Diana': 1294, 'Eve': 814, 'Charlie': 719}
2025-09-12 20:43:05 | INFO | Chart updated successfully for message: {"message": "This is a buzz message.", "author": "Bob"}
2025-09-12 20:43:05 | INFO | Processed JSON message: {'message': 'Streaming data is fun.', 'author': 'Diana'}
2025-09-12 20:43:05 | INFO | Message received from author: Diana
2025-09-12 20:43:05 | INFO | Updated author counts: {'Bob': 813, 'Alice': 1150, 'Diana': 1295, 'Eve': 814, 'Charlie': 719}
2025-09-12 20:43:05 | INFO | Chart updated successfully for message: {"message": "Streaming data is fun.", "author": "Diana"}
2025-09-12 20:43:05 | INFO | Processed JSON message: {'message': 'Have a great day!', 'author': 'Bob'}
2025-09-12 20:43:05 | INFO | Message received from author: Bob
2025-09-12 20:43:05 | INFO | Updated author counts: {'Bob': 814, 'Alice': 1150, 'Diana': 1295, 'Eve': 814, 'Charlie': 719}
2025-09-12 20:43:05 | INFO | Chart updated successfully for message: {"message": "Have a great day!", "author": "Bob"}
2025-09-12 20:43:05 | INFO | Processed JSON message: {'message': 'This is a buzz message.', 'author': 'Eve'}
2025-09-12 20:43:05 | INFO | Message received from author: Eve
2025-09-12 20:43:05 | INFO | Updated author counts: {'Bob': 814, 'Alice': 1150, 'Diana': 1295, 'Eve': 815, 'Charlie': 719}
2025-09-12 20:43:05 | INFO | Chart updated successfully for message: {"message": "This is a buzz message.", "author": "Eve"}
2025-09-12 20:43:05 | INFO | Processed JSON message: {'message': 'Hello, Kafka world!', 'author': 'Bob'}
2025-09-12 20:43:05 | INFO | Message received from author: Bob
2025-09-12 20:43:05 | INFO | Updated author counts: {'Bob': 815, 'Alice': 1150, 'Diana': 1295, 'Eve': 815, 'Charlie': 719}
2025-09-12 20:43:06 | INFO | Chart updated successfully for message: {"message": "Hello, Kafka world!", "author": "Bob"}
2025-09-12 20:43:06 | INFO | Processed JSON message: {'message': 'This is a buzz message.', 'author': 'Alice'}
2025-09-12 20:43:06 | INFO | Message received from author: Alice
2025-09-12 20:43:06 | INFO | Updated author counts: {'Bob': 815, 'Alice': 1151, 'Diana': 1295, 'Eve': 815, 'Charlie': 719}
2025-09-12 20:43:06 | INFO | Chart updated successfully for message: {"message": "This is a buzz message.", "author": "Alice"}
2025-09-12 20:43:06 | INFO | Processed JSON message: {'message': 'Streaming data is fun.', 'author': 'Eve'}
2025-09-12 20:43:06 | INFO | Message received from author: Eve
2025-09-12 20:43:06 | INFO | Updated author counts: {'Bob': 815, 'Alice': 1151, 'Diana': 1295, 'Eve': 816, 'Charlie': 719}
2025-09-12 20:43:06 | INFO | Chart updated successfully for message: {"message": "Streaming data is fun.", "author": "Eve"}
2025-09-12 20:43:06 | INFO | Processed JSON message: {'message': 'Kafka is awesome.', 'author': 'Alice'}
2025-09-12 20:43:06 | INFO | Message received from author: Alice
2025-09-12 20:43:06 | INFO | Updated author counts: {'Bob': 815, 'Alice': 1152, 'Diana': 1295, 'Eve': 816, 'Charlie': 719}
2025-09-12 20:43:06 | INFO | Chart updated successfully for message: {"message": "Kafka is awesome.", "author": "Alice"}
2025-09-12 20:43:06 | INFO | Processed JSON message: {'message': 'JSON makes life easier.', 'author': 'Bob'}
2025-09-12 20:43:06 | INFO | Message received from author: Bob
2025-09-12 20:43:06 | INFO | Updated author counts: {'Bob': 816, 'Alice': 1152, 'Diana': 1295, 'Eve': 816, 'Charlie': 719}
2025-09-12 20:43:06 | INFO | Chart updated successfully for message: {"message": "JSON makes life easier.", "author": "Bob"}
2025-09-12 20:43:06 | INFO | Processed JSON message: {'message': 'This is a buzz message.', 'author': 'Charlie'}
2025-09-12 20:43:06 | INFO | Message received from author: Charlie
2025-09-12 20:43:06 | INFO | Updated author counts: {'Bob': 816, 'Alice': 1152, 'Diana': 1295, 'Eve': 816, 'Charlie': 720}
2025-09-12 20:43:06 | INFO | Chart updated successfully for message: {"message": "This is a buzz message.", "author": "Charlie"}
2025-09-12 20:43:06 | INFO | Processed JSON message: {'message': 'Have a great day!', 'author': 'Diana'}
2025-09-12 20:43:06 | INFO | Message received from author: Diana
2025-09-12 20:43:06 | INFO | Updated author counts: {'Bob': 816, 'Alice': 1152, 'Diana': 1296, 'Eve': 816, 'Charlie': 720}
2025-09-12 20:43:06 | INFO | Chart updated successfully for message: {"message": "Have a great day!", "author": "Diana"}
2025-09-12 20:43:06 | INFO | Processed JSON message: {'message': 'Distributed systems are fascinating.', 'author': 'Bob'}
2025-09-12 20:43:06 | INFO | Message received from author: Bob
2025-09-12 20:43:06 | INFO | Updated author counts: {'Bob': 817, 'Alice': 1152, 'Diana': 1296, 'Eve': 816, 'Charlie': 720}
2025-09-12 20:43:06 | INFO | Chart updated successfully for message: {"message": "Distributed systems are fascinating.", "author": "Bob"}
2025-09-12 20:43:06 | INFO | Processed JSON message: {'message': 'Kafka is awesome.', 'author': 'Alice'}
2025-09-12 20:43:06 | INFO | Message received from author: Alice
2025-09-12 20:43:06 | INFO | Updated author counts: {'Bob': 817, 'Alice': 1153, 'Diana': 1296, 'Eve': 816, 'Charlie': 720}
2025-09-12 20:43:07 | INFO | Chart updated successfully for message: {"message": "Kafka is awesome.", "author": "Alice"}
2025-09-12 20:43:07 | INFO | Processed JSON message: {'message': 'Streaming data is fun.', 'author': 'Alice'}
2025-09-12 20:43:07 | INFO | Message received from author: Alice
2025-09-12 20:43:07 | INFO | Updated author counts: {'Bob': 817, 'Alice': 1154, 'Diana': 1296, 'Eve': 816, 'Charlie': 720}
2025-09-12 20:43:07 | INFO | Chart updated successfully for message: {"message": "Streaming data is fun.", "author": "Alice"}
2025-09-12 20:43:07 | INFO | Processed JSON message: {'message': 'Have a great day!', 'author': 'Diana'}
2025-09-12 20:43:07 | INFO | Message received from author: Diana
2025-09-12 20:43:07 | INFO | Updated author counts: {'Bob': 817, 'Alice': 1154, 'Diana': 1297, 'Eve': 816, 'Charlie': 720}
2025-09-12 20:43:07 | INFO | Chart updated successfully for message: {"message": "Have a great day!", "author": "Diana"}
2025-09-12 20:43:07 | INFO | Processed JSON message: {'message': 'Streaming data is fun.', 'author': 'Alice'}
2025-09-12 20:43:07 | INFO | Message received from author: Alice
2025-09-12 20:43:07 | INFO | Updated author counts: {'Bob': 817, 'Alice': 1155, 'Diana': 1297, 'Eve': 816, 'Charlie': 720}
2025-09-12 20:43:07 | INFO | Chart updated successfully for message: {"message": "Streaming data is fun.", "author": "Alice"}
2025-09-12 20:43:07 | INFO | Processed JSON message: {'message': 'This is a buzz message.', 'author': 'Diana'}
2025-09-12 20:43:07 | INFO | Message received from author: Diana
2025-09-12 20:43:07 | INFO | Updated author counts: {'Bob': 817, 'Alice': 1155, 'Diana': 1298, 'Eve': 816, 'Charlie': 720}
2025-09-12 20:43:07 | INFO | Chart updated successfully for message: {"message": "This is a buzz message.", "author": "Diana"}
2025-09-12 20:43:07 | INFO | Processed JSON message: {'message': 'Data engineering is my passion.', 'author': 'Bob'}
2025-09-12 20:43:07 | INFO | Message received from author: Bob
2025-09-12 20:43:07 | INFO | Updated author counts: {'Bob': 818, 'Alice': 1155, 'Diana': 1298, 'Eve': 816, 'Charlie': 720}
2025-09-12 20:43:07 | INFO | Chart updated successfully for message: {"message": "Data engineering is my passion.", "author": "Bob"}
2025-09-12 20:43:07 | INFO | Processed JSON message: {'message': 'Have a great day!', 'author': 'Diana'}
2025-09-12 20:43:07 | INFO | Message received from author: Diana
2025-09-12 20:43:07 | INFO | Updated author counts: {'Bob': 818, 'Alice': 1155, 'Diana': 1299, 'Eve': 816, 'Charlie': 720}
2025-09-12 20:43:07 | INFO | Chart updated successfully for message: {"message": "Have a great day!", "author": "Diana"}
2025-09-12 20:43:07 | INFO | Processed JSON message: {'message': 'Kafka is awesome.', 'author': 'Alice'}
2025-09-12 20:43:07 | INFO | Message received from author: Alice
2025-09-12 20:43:07 | INFO | Updated author counts: {'Bob': 818, 'Alice': 1156, 'Diana': 1299, 'Eve': 816, 'Charlie': 720}
2025-09-12 20:43:07 | INFO | Chart updated successfully for message: {"message": "Kafka is awesome.", "author": "Alice"}
2025-09-12 20:43:07 | INFO | Processed JSON message: {'message': 'Kafka is awesome.', 'author': 'Eve'}
2025-09-12 20:43:07 | INFO | Message received from author: Eve
2025-09-12 20:43:07 | INFO | Updated author counts: {'Bob': 818, 'Alice': 1156, 'Diana': 1299, 'Eve': 817, 'Charlie': 720}
2025-09-12 20:43:08 | INFO | Chart updated successfully for message: {"message": "Kafka is awesome.", "author": "Eve"}
2025-09-12 20:43:08 | INFO | Processed JSON message: {'message': 'Have a great day!', 'author': 'Diana'}
2025-09-12 20:43:08 | INFO | Message received from author: Diana
2025-09-12 20:43:08 | INFO | Updated author counts: {'Bob': 818, 'Alice': 1156, 'Diana': 1300, 'Eve': 817, 'Charlie': 720}
2025-09-12 20:43:08 | INFO | Chart updated successfully for message: {"message": "Have a great day!", "author": "Diana"}
2025-09-12 20:43:08 | INFO | Processed JSON message: {'message': 'Buzz messages for everyone.', 'author': 'Charlie'}
2025-09-12 20:43:08 | INFO | Message received from author: Charlie
2025-09-12 20:43:08 | INFO | Updated author counts: {'Bob': 818, 'Alice': 1156, 'Diana': 1300, 'Eve': 817, 'Charlie': 721}
2025-09-12 20:43:08 | INFO | Chart updated successfully for message: {"message": "Buzz messages for everyone.", "author": "Charlie"}
2025-09-12 20:43:08 | INFO | Processed JSON message: {'message': 'This is a buzz message.', 'author': 'Charlie'}
2025-09-12 20:43:08 | INFO | Message received from author: Charlie
2025-09-12 20:43:08 | INFO | Updated author counts: {'Bob': 818, 'Alice': 1156, 'Diana': 1300, 'Eve': 817, 'Charlie': 722}
2025-09-12 20:43:08 | INFO | Chart updated successfully for message: {"message": "This is a buzz message.", "author": "Charlie"}
2025-09-12 20:43:08 | INFO | Processed JSON message: {'message': 'Streaming data is fun.', 'author': 'Alice'}
2025-09-12 20:43:08 | INFO | Message received from author: Alice
2025-09-12 20:43:08 | INFO | Updated author counts: {'Bob': 818, 'Alice': 1157, 'Diana': 1300, 'Eve': 817, 'Charlie': 722}
2025-09-12 20:43:08 | INFO | Chart updated successfully for message: {"message": "Streaming data is fun.", "author": "Alice"}
2025-09-12 20:43:08 | INFO | Processed JSON message: {'message': 'Hello, Kafka world!', 'author': 'Diana'}
2025-09-12 20:43:08 | INFO | Message received from author: Diana
2025-09-12 20:43:08 | INFO | Updated author counts: {'Bob': 818, 'Alice': 1157, 'Diana': 1301, 'Eve': 817, 'Charlie': 722}
2025-09-12 20:43:08 | INFO | Chart updated successfully for message: {"message": "Hello, Kafka world!", "author": "Diana"}
2025-09-12 20:43:08 | INFO | Processed JSON message: {'message': 'Kafka is awesome.', 'author': 'Bob'}
2025-09-12 20:43:08 | INFO | Message received from author: Bob
2025-09-12 20:43:08 | INFO | Updated author counts: {'Bob': 819, 'Alice': 1157, 'Diana': 1301, 'Eve': 817, 'Charlie': 722}
2025-09-12 20:43:08 | INFO | Chart updated successfully for message: {"message": "Kafka is awesome.", "author": "Bob"}
2025-09-12 20:43:08 | INFO | Processed JSON message: {'message': 'I love Python!', 'author': 'Eve'}
2025-09-12 20:43:08 | INFO | Message received from author: Eve
2025-09-12 20:43:08 | INFO | Updated author counts: {'Bob': 819, 'Alice': 1157, 'Diana': 1301, 'Eve': 818, 'Charlie': 722}
2025-09-12 20:43:09 | INFO | Chart updated successfully for message: {"message": "I love Python!", "author": "Eve"}
2025-09-12 20:43:09 | INFO | Processed JSON message: {'message': 'JSON makes life easier.', 'author': 'Charlie'}
2025-09-12 20:43:09 | INFO | Message received from author: Charlie
2025-09-12 20:43:09 | INFO | Updated author counts: {'Bob': 819, 'Alice': 1157, 'Diana': 1301, 'Eve': 818, 'Charlie': 723}
2025-09-12 20:43:09 | INFO | Chart updated successfully for message: {"message": "JSON makes life easier.", "author": "Charlie"}
2025-09-12 20:43:09 | INFO | Processed JSON message: {'message': 'I love Python!', 'author': 'Charlie'}
2025-09-12 20:43:09 | INFO | Message received from author: Charlie
2025-09-12 20:43:09 | INFO | Updated author counts: {'Bob': 819, 'Alice': 1157, 'Diana': 1301, 'Eve': 818, 'Charlie': 724}
2025-09-12 20:43:09 | INFO | Chart updated successfully for message: {"message": "I love Python!", "author": "Charlie"}
2025-09-12 20:43:09 | INFO | Processed JSON message: {'message': 'I love Python!', 'author': 'Charlie'}
2025-09-12 20:43:09 | INFO | Message received from author: Charlie
2025-09-12 20:43:09 | INFO | Updated author counts: {'Bob': 819, 'Alice': 1157, 'Diana': 1301, 'Eve': 818, 'Charlie': 725}
2025-09-12 20:43:09 | INFO | Chart updated successfully for message: {"message": "I love Python!", "author": "Charlie"}
2025-09-12 20:43:09 | INFO | Processed JSON message: {'message': 'I love Python!', 'author': 'Diana'}
2025-09-12 20:43:09 | INFO | Message received from author: Diana
2025-09-12 20:43:09 | INFO | Updated author counts: {'Bob': 819, 'Alice': 1157, 'Diana': 1302, 'Eve': 818, 'Charlie': 725}
2025-09-12 20:43:09 | INFO | Chart updated successfully for message: {"message": "I love Python!", "author": "Diana"}
2025-09-12 20:43:09 | INFO | Processed JSON message: {'message': 'Streaming data is fun.', 'author': 'Diana'}
2025-09-12 20:43:09 | INFO | Message received from author: Diana
2025-09-12 20:43:09 | INFO | Updated author counts: {'Bob': 819, 'Alice': 1157, 'Diana': 1303, 'Eve': 818, 'Charlie': 725}
2025-09-12 20:43:09 | INFO | Chart updated successfully for message: {"message": "Streaming data is fun.", "author": "Diana"}
2025-09-12 20:43:09 | INFO | Processed JSON message: {'message': 'Data engineering is my passion.', 'author': 'Eve'}
2025-09-12 20:43:09 | INFO | Message received from author: Eve
2025-09-12 20:43:09 | INFO | Updated author counts: {'Bob': 819, 'Alice': 1157, 'Diana': 1303, 'Eve': 819, 'Charlie': 725}
2025-09-12 20:43:09 | INFO | Chart updated successfully for message: {"message": "Data engineering is my passion.", "author": "Eve"}
2025-09-12 20:43:09 | INFO | Processed JSON message: {'message': 'Buzz messages for everyone.', 'author': 'Eve'}
2025-09-12 20:43:09 | INFO | Message received from author: Eve
2025-09-12 20:43:09 | INFO | Updated author counts: {'Bob': 819, 'Alice': 1157, 'Diana': 1303, 'Eve': 820, 'Charlie': 725}
2025-09-12 20:43:09 | INFO | Chart updated successfully for message: {"message": "Buzz messages for everyone.", "author": "Eve"}
2025-09-12 20:43:09 | INFO | Processed JSON message: {'message': 'JSON makes life easier.', 'author': 'Eve'}
2025-09-12 20:43:09 | INFO | Message received from author: Eve
2025-09-12 20:43:09 | INFO | Updated author counts: {'Bob': 819, 'Alice': 1157, 'Diana': 1303, 'Eve': 821, 'Charlie': 725}
2025-09-12 20:43:09 | INFO | Chart updated successfully for message: {"message": "JSON makes life easier.", "author": "Eve"}
2025-09-12 20:43:09 | INFO | Processed JSON message: {'message': 'Have a great day!', 'author': 'Alice'}
2025-09-12 20:43:09 | INFO | Message received from author: Alice
2025-09-12 20:43:09 | INFO | Updated author counts: {'Bob': 819, 'Alice': 1158, 'Diana': 1303, 'Eve': 821, 'Charlie': 725}
2025-09-12 20:43:10 | INFO | Chart updated successfully for message: {"message": "Have a great day!", "author": "Alice"}
2025-09-12 20:43:10 | INFO | Processed JSON message: {'message': 'I love Python!', 'author': 'Bob'}
2025-09-12 20:43:10 | INFO | Message received from author: Bob
2025-09-12 20:43:10 | INFO | Updated author counts: {'Bob': 820, 'Alice': 1158, 'Diana': 1303, 'Eve': 821, 'Charlie': 725}
2025-09-12 20:43:10 | INFO | Chart updated successfully for message: {"message": "I love Python!", "author": "Bob"}
2025-09-12 20:43:10 | INFO | Processed JSON message: {'message': 'I love Python!', 'author': 'Bob'}
2025-09-12 20:43:10 | INFO | Message received from author: Bob
2025-09-12 20:43:10 | INFO | Updated author counts: {'Bob': 821, 'Alice': 1158, 'Diana': 1303, 'Eve': 821, 'Charlie': 725}
2025-09-12 20:43:10 | INFO | Chart updated successfully for message: {"message": "I love Python!", "author": "Bob"}
2025-09-12 20:43:10 | INFO | Processed JSON message: {'message': 'This is a buzz message.', 'author': 'Eve'}
2025-09-12 20:43:10 | INFO | Message received from author: Eve
2025-09-12 20:43:10 | INFO | Updated author counts: {'Bob': 821, 'Alice': 1158, 'Diana': 1303, 'Eve': 822, 'Charlie': 725}
2025-09-12 20:43:10 | INFO | Chart updated successfully for message: {"message": "This is a buzz message.", "author": "Eve"}
2025-09-12 20:43:10 | INFO | Processed JSON message: {'message': 'This is a buzz message.', 'author': 'Alice'}
2025-09-12 20:43:10 | INFO | Message received from author: Alice
2025-09-12 20:43:10 | INFO | Updated author counts: {'Bob': 821, 'Alice': 1159, 'Diana': 1303, 'Eve': 822, 'Charlie': 725}
2025-09-12 20:43:10 | INFO | Chart updated successfully for message: {"message": "This is a buzz message.", "author": "Alice"}
2025-09-12 20:43:10 | INFO | Processed JSON message: {'message': 'Distributed systems are fascinating.', 'author': 'Diana'}
2025-09-12 20:43:10 | INFO | Message received from author: Diana
2025-09-12 20:43:10 | INFO | Updated author counts: {'Bob': 821, 'Alice': 1159, 'Diana': 1304, 'Eve': 822, 'Charlie': 725}
2025-09-12 20:43:10 | INFO | Chart updated successfully for message: {"message": "Distributed systems are fascinating.", "author": "Diana"}
2025-09-12 20:43:10 | INFO | Processed JSON message: {'message': 'Streaming data is fun.', 'author': 'Eve'}
2025-09-12 20:43:10 | INFO | Message received from author: Eve
2025-09-12 20:43:10 | INFO | Updated author counts: {'Bob': 821, 'Alice': 1159, 'Diana': 1304, 'Eve': 823, 'Charlie': 725}
2025-09-12 20:43:10 | INFO | Chart updated successfully for message: {"message": "Streaming data is fun.", "author": "Eve"}
2025-09-12 20:43:10 | INFO | Processed JSON message: {'message': 'Have a great day!', 'author': 'Charlie'}
2025-09-12 20:43:10 | INFO | Message received from author: Charlie
2025-09-12 20:43:10 | INFO | Updated author counts: {'Bob': 821, 'Alice': 1159, 'Diana': 1304, 'Eve': 823, 'Charlie': 726}
2025-09-12 20:43:11 | INFO | Chart updated successfully for message: {"message": "Have a great day!", "author": "Charlie"}
2025-09-12 20:43:11 | INFO | Processed JSON message: {'message': 'JSON makes life easier.', 'author': 'Eve'}
2025-09-12 20:43:11 | INFO | Message received from author: Eve
2025-09-12 20:43:11 | INFO | Updated author counts: {'Bob': 821, 'Alice': 1159, 'Diana': 1304, 'Eve': 824, 'Charlie': 726}
2025-09-12 20:43:11 | INFO | Chart updated successfully for message: {"message": "JSON makes life easier.", "author": "Eve"}
2025-09-12 20:43:11 | INFO | Processed JSON message: {'message': 'Buzz messages for everyone.', 'author': 'Diana'}
2025-09-12 20:43:11 | INFO | Message received from author: Diana
2025-09-12 20:43:11 | INFO | Updated author counts: {'Bob': 821, 'Alice': 1159, 'Diana': 1305, 'Eve': 824, 'Charlie': 726}
2025-09-12 20:43:11 | INFO | Chart updated successfully for message: {"message": "Buzz messages for everyone.", "author": "Diana"}
2025-09-12 20:43:11 | INFO | Processed JSON message: {'message': 'This is a buzz message.', 'author': 'Charlie'}
2025-09-12 20:43:11 | INFO | Message received from author: Charlie
2025-09-12 20:43:11 | INFO | Updated author counts: {'Bob': 821, 'Alice': 1159, 'Diana': 1305, 'Eve': 824, 'Charlie': 727}
2025-09-12 20:43:11 | INFO | Chart updated successfully for message: {"message": "This is a buzz message.", "author": "Charlie"}
2025-09-12 20:43:11 | INFO | Processed JSON message: {'message': 'Distributed systems are fascinating.', 'author': 'Charlie'}
2025-09-12 20:43:11 | INFO | Message received from author: Charlie
2025-09-12 20:43:11 | INFO | Updated author counts: {'Bob': 821, 'Alice': 1159, 'Diana': 1305, 'Eve': 824, 'Charlie': 728}
2025-09-12 20:43:11 | INFO | Chart updated successfully for message: {"message": "Distributed systems are fascinating.", "author": "Charlie"}
2025-09-12 20:43:11 | INFO | Processed JSON message: {'message': 'Buzz messages for everyone.', 'author': 'Bob'}
2025-09-12 20:43:11 | INFO | Message received from author: Bob
2025-09-12 20:43:11 | INFO | Updated author counts: {'Bob': 822, 'Alice': 1159, 'Diana': 1305, 'Eve': 824, 'Charlie': 728}
2025-09-12 20:43:11 | INFO | Chart updated successfully for message: {"message": "Buzz messages for everyone.", "author": "Bob"}
2025-09-12 20:43:11 | INFO | Processed JSON message: {'message': 'This is a buzz message.', 'author': 'Eve'}
2025-09-12 20:43:11 | INFO | Message received from author: Eve
2025-09-12 20:43:11 | INFO | Updated author counts: {'Bob': 822, 'Alice': 1159, 'Diana': 1305, 'Eve': 825, 'Charlie': 728}
