2025-09-12 20:43:11 | INFO | Chart updated successfully for message: {"message": "This is a buzz message.", "author": "Eve"}
2025-09-12 20:43:11 | INFO | Processed JSON message: {'message': 'Data engineering is my passion.', 'author': 'Diana'}
2025-09-12 20:43:11 | INFO | Message received from author: Diana
2025-09-12 20:43:11 | INFO | Updated author counts: {'Bob': 822, 'Alice': 1159, 'Diana': 1306, 'Eve': 825, 'Charlie': 728}
2025-09-12 20:43:11 | INFO | Chart updated successfully for message: {"message": "Data engineering is my passion.", "author": "Diana"}
2025-09-12 20:43:11 | INFO | Processed JSON message: {'message': 'Data engineering is my passion.', 'author': 'Alice'}
2025-09-12 20:43:11 | INFO | Message received from author: Alice
2025-09-12 20:43:11 | INFO | Updated author counts: {'Bob': 822, 'Alice': 1160, 'Diana': 1306, 'Eve': 825, 'Charlie': 728}
2025-09-12 20:43:12 | INFO | Chart updated successfully for message: {"message": "Data engineering is my passion.", "author": "Alice"}
2025-09-12 20:43:12 | INFO | Processed JSON message: {'message': 'Buzz messages for everyone.', 'author': 'Diana'}
2025-09-12 20:43:12 | INFO | Message received from author: Diana
2025-09-12 20:43:12 | INFO | Updated author counts: {'Bob': 822, 'Alice': 1160, 'Diana': 1307, 'Eve': 825, 'Charlie': 728}
2025-09-12 20:43:12 | INFO | Chart updated successfully for message: {"message": "Buzz messages for everyone.", "author": "Diana"}
2025-09-12 20:43:12 | INFO | Processed JSON message: {'message': 'JSON makes life easier.', 'author': 'Alice'}
2025-09-12 20:43:12 | INFO | Message received from author: Alice
2025-09-12 20:43:12 | INFO | Updated author counts: {'Bob': 822, 'Alice': 1161, 'Diana': 1307, 'Eve': 825, 'Charlie': 728}
2025-09-12 20:43:12 | INFO | Chart updated successfully for message: {"message": "JSON makes life easier.", "author": "Alice"}
2025-09-12 20:43:12 | INFO | Processed JSON message: {'message': 'Data engineering is my passion.', 'author': 'Eve'}
2025-09-12 20:43:12 | INFO | Message received from author: Eve
2025-09-12 20:43:12 | INFO | Updated author counts: {'Bob': 822, 'Alice': 1161, 'Diana': 1307, 'Eve': 826, 'Charlie': 728}
