2025-09-12 20:49:24 | INFO | Chart updated successfully for message: {"message": "Have a great day!", "author": "Alice"}
2025-09-12 20:49:24 | INFO | Processed JSON message: {'message': 'I love Python!', 'author': 'Bob'}
2025-09-12 20:49:24 | INFO | Message received from author: Bob
2025-09-12 20:49:24 | INFO | Updated author counts: {'Bob': 1262, 'Alice': 1782, 'Diana': 2005, 'Eve': 1263, 'Charlie': 1115}
2025-09-12 20:49:24 | INFO | Chart updated successfully for message: {"message": "I love Python!", "author": "Bob"}
2025-09-12 20:49:24 | INFO | Processed JSON message: {'message': 'I love Python!', 'author': 'Bob'}
2025-09-12 20:49:24 | INFO | Message received from author: Bob
2025-09-12 20:49:24 | INFO | Updated author counts: {'Bob': 1263, 'Alice': 1782, 'Diana': 2005, 'Eve': 1263, 'Charlie': 1115}
2025-09-12 20:49:24 | INFO | Chart updated successfully for message: {"message": "I love Python!", "author": "Bob"}
2025-09-12 20:49:24 | INFO | Processed JSON message: {'message': 'This is a buzz message.', 'author': 'Eve'}
2025-09-12 20:49:24 | INFO | Message received from author: Eve
2025-09-12 20:49:24 | INFO | Updated author counts: {'Bob': 1263, 'Alice': 1782, 'Diana': 2005, 'Eve': 1264, 'Charlie': 1115}
2025-09-12 20:49:25 | INFO | Chart updated successfully for message: {"message": "This is a buzz message.", "author": "Eve"}
2025-09-12 20:49:25 | INFO | Processed JSON message: {'message': 'This is a buzz message.', 'author': 'Alice'}
2025-09-12 20:49:25 | INFO | Message received from author: Alice
2025-09-12 20:49:25 | INFO | Updated author counts: {'Bob': 1263, 'Alice': 1783, 'Diana': 2005, 'Eve': 1264, 'Charlie': 1115}
2025-09-12 20:49:25 | INFO | Chart updated successfully for message: {"message": "This is a buzz message.", "author": "Alice"}
2025-09-12 20:49:25 | INFO | Processed JSON message: {'message': 'Distributed systems are fascinating.', 'author': 'Diana'}
2025-09-12 20:49:25 | INFO | Message received from author: Diana
2025-09-12 20:49:25 | INFO | Updated author counts: {'Bob': 1263, 'Alice': 1783, 'Diana': 2006, 'Eve': 1264, 'Charlie': 1115}
2025-09-12 20:49:25 | INFO | Chart updated successfully for message: {"message": "Distributed systems are fascinating.", "author": "Diana"}
2025-09-12 20:49:25 | INFO | Processed JSON message: {'message': 'Streaming data is fun.', 'author': 'Eve'}
2025-09-12 20:49:25 | INFO | Message received from author: Eve
2025-09-12 20:49:25 | INFO | Updated author counts: {'Bob': 1263, 'Alice': 1783, 'Diana': 2006, 'Eve': 1265, 'Charlie': 1115}
2025-09-12 20:49:25 | INFO | Chart updated successfully for message: {"message": "Streaming data is fun.", "author": "Eve"}
2025-09-12 20:49:25 | INFO | Processed JSON message: {'message': 'Have a great day!', 'author': 'Charlie'}
2025-09-12 20:49:25 | INFO | Message received from author: Charlie
2025-09-12 20:49:25 | INFO | Updated author counts: {'Bob': 1263, 'Alice': 1783, 'Diana': 2006, 'Eve': 1265, 'Charlie': 1116}
2025-09-12 20:49:25 | INFO | Chart updated successfully for message: {"message": "Have a great day!", "author": "Charlie"}
2025-09-12 20:49:25 | INFO | Processed JSON message: {'message': 'JSON makes life easier.', 'author': 'Eve'}
2025-09-12 20:49:25 | INFO | Message received from author: Eve
2025-09-12 20:49:25 | INFO | Updated author counts: {'Bob': 1263, 'Alice': 1783, 'Diana': 2006, 'Eve': 1266, 'Charlie': 1116}
2025-09-12 20:49:25 | INFO | Chart updated successfully for message: {"message": "JSON makes life easier.", "author": "Eve"}
2025-09-12 20:49:25 | INFO | Processed JSON message: {'message': 'Buzz messages for everyone.', 'author': 'Diana'}
2025-09-12 20:49:25 | INFO | Message received from author: Diana
2025-09-12 20:49:25 | INFO | Updated author counts: {'Bob': 1263, 'Alice': 1783, 'Diana': 2007, 'Eve': 1266, 'Charlie': 1116}
2025-09-12 20:49:25 | INFO | Chart updated successfully for message: {"message": "Buzz messages for everyone.", "author": "Diana"}
2025-09-12 20:49:25 | INFO | Processed JSON message: {'message': 'This is a buzz message.', 'author': 'Charlie'}
2025-09-12 20:49:25 | INFO | Message received from author: Charlie
2025-09-12 20:49:25 | INFO | Updated author counts: {'Bob': 1263, 'Alice': 1783, 'Diana': 2007, 'Eve': 1266, 'Charlie': 1117}
2025-09-12 20:49:26 | INFO | Chart updated successfully for message: {"message": "This is a buzz message.", "author": "Charlie"}
2025-09-12 20:49:26 | INFO | Processed JSON message: {'message': 'Distributed systems are fascinating.', 'author': 'Charlie'}
2025-09-12 20:49:26 | INFO | Message received from author: Charlie
2025-09-12 20:49:26 | INFO | Updated author counts: {'Bob': 1263, 'Alice': 1783, 'Diana': 2007, 'Eve': 1266, 'Charlie': 1118}
2025-09-12 20:49:26 | INFO | Chart updated successfully for message: {"message": "Distributed systems are fascinating.", "author": "Charlie"}
2025-09-12 20:49:26 | INFO | Processed JSON message: {'message': 'Buzz messages for everyone.', 'author': 'Bob'}
2025-09-12 20:49:26 | INFO | Message received from author: Bob
2025-09-12 20:49:26 | INFO | Updated author counts: {'Bob': 1264, 'Alice': 1783, 'Diana': 2007, 'Eve': 1266, 'Charlie': 1118}
2025-09-12 20:49:26 | INFO | Chart updated successfully for message: {"message": "Buzz messages for everyone.", "author": "Bob"}
2025-09-12 20:49:26 | INFO | Processed JSON message: {'message': 'This is a buzz message.', 'author': 'Eve'}
2025-09-12 20:49:26 | INFO | Message received from author: Eve
2025-09-12 20:49:26 | INFO | Updated author counts: {'Bob': 1264, 'Alice': 1783, 'Diana': 2007, 'Eve': 1267, 'Charlie': 1118}
2025-09-12 20:49:26 | INFO | Chart updated successfully for message: {"message": "This is a buzz message.", "author": "Eve"}
2025-09-12 20:49:26 | INFO | Processed JSON message: {'message': 'Data engineering is my passion.', 'author': 'Diana'}
2025-09-12 20:49:26 | INFO | Message received from author: Diana
2025-09-12 20:49:26 | INFO | Updated author counts: {'Bob': 1264, 'Alice': 1783, 'Diana': 2008, 'Eve': 1267, 'Charlie': 1118}
2025-09-12 20:49:26 | INFO | Chart updated successfully for message: {"message": "Data engineering is my passion.", "author": "Diana"}
2025-09-12 20:49:26 | INFO | Processed JSON message: {'message': 'Data engineering is my passion.', 'author': 'Alice'}
2025-09-12 20:49:26 | INFO | Message received from author: Alice
2025-09-12 20:49:26 | INFO | Updated author counts: {'Bob': 1264, 'Alice': 1784, 'Diana': 2008, 'Eve': 1267, 'Charlie': 1118}
2025-09-12 20:49:26 | INFO | Chart updated successfully for message: {"message": "Data engineering is my passion.", "author": "Alice"}
2025-09-12 20:49:26 | INFO | Processed JSON message: {'message': 'Buzz messages for everyone.', 'author': 'Diana'}
2025-09-12 20:49:26 | INFO | Message received from author: Diana
2025-09-12 20:49:26 | INFO | Updated author counts: {'Bob': 1264, 'Alice': 1784, 'Diana': 2009, 'Eve': 1267, 'Charlie': 1118}
2025-09-12 20:49:26 | INFO | Chart updated successfully for message: {"message": "Buzz messages for everyone.", "author": "Diana"}
2025-09-12 20:49:26 | INFO | Processed JSON message: {'message': 'JSON makes life easier.', 'author': 'Alice'}
2025-09-12 20:49:26 | INFO | Message received from author: Alice
2025-09-12 20:49:26 | INFO | Updated author counts: {'Bob': 1264, 'Alice': 1785, 'Diana': 2009, 'Eve': 1267, 'Charlie': 1118}
2025-09-12 20:49:27 | INFO | Chart updated successfully for message: {"message": "JSON makes life easier.", "author": "Alice"}
2025-09-12 20:49:27 | INFO | Processed JSON message: {'message': 'Data engineering is my passion.', 'author': 'Eve'}
2025-09-12 20:49:27 | INFO | Message received from author: Eve
2025-09-12 20:49:27 | INFO | Updated author counts: {'Bob': 1264, 'Alice': 1785, 'Diana': 2009, 'Eve': 1268, 'Charlie': 1118}
2025-09-12 20:49:27 | INFO | Chart updated successfully for message: {"message": "Data engineering is my passion.", "author": "Eve"}
2025-09-12 20:49:27 | INFO | Processed JSON message: {'message': 'Distributed systems are fascinating.', 'author': 'Alice'}
2025-09-12 20:49:27 | INFO | Message received from author: Alice
2025-09-12 20:49:27 | INFO | Updated author counts: {'Bob': 1264, 'Alice': 1786, 'Diana': 2009, 'Eve': 1268, 'Charlie': 1118}
2025-09-12 20:49:27 | INFO | Chart updated successfully for message: {"message": "Distributed systems are fascinating.", "author": "Alice"}
2025-09-12 20:49:27 | INFO | Processed JSON message: {'message': 'Have a great day!', 'author': 'Charlie'}
2025-09-12 20:49:27 | INFO | Message received from author: Charlie
2025-09-12 20:49:27 | INFO | Updated author counts: {'Bob': 1264, 'Alice': 1786, 'Diana': 2009, 'Eve': 1268, 'Charlie': 1119}
2025-09-12 20:49:27 | INFO | Chart updated successfully for message: {"message": "Have a great day!", "author": "Charlie"}
2025-09-12 20:49:27 | INFO | Processed JSON message: {'message': 'Data engineering is my passion.', 'author': 'Alice'}
2025-09-12 20:49:27 | INFO | Message received from author: Alice
2025-09-12 20:49:27 | INFO | Updated author counts: {'Bob': 1264, 'Alice': 1787, 'Diana': 2009, 'Eve': 1268, 'Charlie': 1119}
2025-09-12 20:49:27 | INFO | Chart updated successfully for message: {"message": "Data engineering is my passion.", "author": "Alice"}
2025-09-12 20:49:27 | INFO | Processed JSON message: {'message': 'Distributed systems are fascinating.', 'author': 'Diana'}
2025-09-12 20:49:27 | INFO | Message received from author: Diana
2025-09-12 20:49:27 | INFO | Updated author counts: {'Bob': 1264, 'Alice': 1787, 'Diana': 2010, 'Eve': 1268, 'Charlie': 1119}
2025-09-12 20:49:27 | INFO | Chart updated successfully for message: {"message": "Distributed systems are fascinating.", "author": "Diana"}
2025-09-12 20:49:27 | INFO | Processed JSON message: {'message': 'Buzz messages for everyone.', 'author': 'Alice'}
2025-09-12 20:49:27 | INFO | Message received from author: Alice
2025-09-12 20:49:27 | INFO | Updated author counts: {'Bob': 1264, 'Alice': 1788, 'Diana': 2010, 'Eve': 1268, 'Charlie': 1119}
2025-09-12 20:49:27 | INFO | Chart updated successfully for message: {"message": "Buzz messages for everyone.", "author": "Alice"}
2025-09-12 20:49:27 | INFO | Processed JSON message: {'message': 'Hello, Kafka world!', 'author': 'Diana'}
2025-09-12 20:49:27 | INFO | Message received from author: Diana
2025-09-12 20:49:27 | INFO | Updated author counts: {'Bob': 1264, 'Alice': 1788, 'Diana': 2011, 'Eve': 1268, 'Charlie': 1119}
2025-09-12 20:49:28 | INFO | Chart updated successfully for message: {"message": "Hello, Kafka world!", "author": "Diana"}
2025-09-12 20:49:28 | INFO | Processed JSON message: {'message': 'This is a buzz message.', 'author': 'Eve'}
2025-09-12 20:49:28 | INFO | Message received from author: Eve
2025-09-12 20:49:28 | INFO | Updated author counts: {'Bob': 1264, 'Alice': 1788, 'Diana': 2011, 'Eve': 1269, 'Charlie': 1119}
2025-09-12 20:49:28 | INFO | Chart updated successfully for message: {"message": "This is a buzz message.", "author": "Eve"}
2025-09-12 20:49:28 | INFO | Processed JSON message: {'message': 'JSON makes life easier.', 'author': 'Eve'}
2025-09-12 20:49:28 | INFO | Message received from author: Eve
2025-09-12 20:49:28 | INFO | Updated author counts: {'Bob': 1264, 'Alice': 1788, 'Diana': 2011, 'Eve': 1270, 'Charlie': 1119}
2025-09-12 20:49:28 | INFO | Chart updated successfully for message: {"message": "JSON makes life easier.", "author": "Eve"}
2025-09-12 20:49:28 | INFO | Processed JSON message: {'message': 'JSON makes life easier.', 'author': 'Alice'}
2025-09-12 20:49:28 | INFO | Message received from author: Alice
2025-09-12 20:49:28 | INFO | Updated author counts: {'Bob': 1264, 'Alice': 1789, 'Diana': 2011, 'Eve': 1270, 'Charlie': 1119}
2025-09-12 20:49:28 | INFO | Chart updated successfully for message: {"message": "JSON makes life easier.", "author": "Alice"}
2025-09-12 20:49:28 | INFO | Processed JSON message: {'message': 'Data engineering is my passion.', 'author': 'Diana'}
2025-09-12 20:49:28 | INFO | Message received from author: Diana
2025-09-12 20:49:28 | INFO | Updated author counts: {'Bob': 1264, 'Alice': 1789, 'Diana': 2012, 'Eve': 1270, 'Charlie': 1119}
2025-09-12 20:49:28 | INFO | Chart updated successfully for message: {"message": "Data engineering is my passion.", "author": "Diana"}
2025-09-12 20:49:28 | INFO | Processed JSON message: {'message': 'JSON makes life easier.', 'author': 'Diana'}
2025-09-12 20:49:28 | INFO | Message received from author: Diana
2025-09-12 20:49:28 | INFO | Updated author counts: {'Bob': 1264, 'Alice': 1789, 'Diana': 2013, 'Eve': 1270, 'Charlie': 1119}
2025-09-12 20:49:28 | INFO | Chart updated successfully for message: {"message": "JSON makes life easier.", "author": "Diana"}
2025-09-12 20:49:28 | INFO | Processed JSON message: {'message': 'Kafka is awesome.', 'author': 'Charlie'}
2025-09-12 20:49:28 | INFO | Message received from author: Charlie
2025-09-12 20:49:28 | INFO | Updated author counts: {'Bob': 1264, 'Alice': 1789, 'Diana': 2013, 'Eve': 1270, 'Charlie': 1120}
2025-09-12 20:49:28 | INFO | Chart updated successfully for message: {"message": "Kafka is awesome.", "author": "Charlie"}
2025-09-12 20:49:28 | INFO | Processed JSON message: {'message': 'JSON makes life easier.', 'author': 'Bob'}
2025-09-12 20:49:28 | INFO | Message received from author: Bob
2025-09-12 20:49:28 | INFO | Updated author counts: {'Bob': 1265, 'Alice': 1789, 'Diana': 2013, 'Eve': 1270, 'Charlie': 1120}
2025-09-12 20:49:29 | INFO | Chart updated successfully for message: {"message": "JSON makes life easier.", "author": "Bob"}
2025-09-12 20:49:29 | INFO | Processed JSON message: {'message': 'I love Python!', 'author': 'Bob'}
2025-09-12 20:49:29 | INFO | Message received from author: Bob
2025-09-12 20:49:29 | INFO | Updated author counts: {'Bob': 1266, 'Alice': 1789, 'Diana': 2013, 'Eve': 1270, 'Charlie': 1120}
2025-09-12 20:49:29 | INFO | Chart updated successfully for message: {"message": "I love Python!", "author": "Bob"}
2025-09-12 20:49:29 | INFO | Processed JSON message: {'message': 'This is a buzz message.', 'author': 'Eve'}
2025-09-12 20:49:29 | INFO | Message received from author: Eve
2025-09-12 20:49:29 | INFO | Updated author counts: {'Bob': 1266, 'Alice': 1789, 'Diana': 2013, 'Eve': 1271, 'Charlie': 1120}
2025-09-12 20:49:29 | INFO | Chart updated successfully for message: {"message": "This is a buzz message.", "author": "Eve"}
2025-09-12 20:49:29 | INFO | Processed JSON message: {'message': 'I love Python!', 'author': 'Eve'}
2025-09-12 20:49:29 | INFO | Message received from author: Eve
2025-09-12 20:49:29 | INFO | Updated author counts: {'Bob': 1266, 'Alice': 1789, 'Diana': 2013, 'Eve': 1272, 'Charlie': 1120}
2025-09-12 20:49:29 | INFO | Chart updated successfully for message: {"message": "I love Python!", "author": "Eve"}
2025-09-12 20:49:29 | INFO | Processed JSON message: {'message': 'Buzz messages for everyone.', 'author': 'Alice'}
2025-09-12 20:49:29 | INFO | Message received from author: Alice
2025-09-12 20:49:29 | INFO | Updated author counts: {'Bob': 1266, 'Alice': 1790, 'Diana': 2013, 'Eve': 1272, 'Charlie': 1120}
2025-09-12 20:49:29 | INFO | Chart updated successfully for message: {"message": "Buzz messages for everyone.", "author": "Alice"}
2025-09-12 20:49:29 | INFO | Processed JSON message: {'message': 'This is a buzz message.', 'author': 'Alice'}
2025-09-12 20:49:29 | INFO | Message received from author: Alice
2025-09-12 20:49:29 | INFO | Updated author counts: {'Bob': 1266, 'Alice': 1791, 'Diana': 2013, 'Eve': 1272, 'Charlie': 1120}
2025-09-12 20:49:29 | INFO | Chart updated successfully for message: {"message": "This is a buzz message.", "author": "Alice"}
2025-09-12 20:49:29 | INFO | Processed JSON message: {'message': 'Data engineering is my passion.', 'author': 'Diana'}
2025-09-12 20:49:29 | INFO | Message received from author: Diana
2025-09-12 20:49:29 | INFO | Updated author counts: {'Bob': 1266, 'Alice': 1791, 'Diana': 2014, 'Eve': 1272, 'Charlie': 1120}
2025-09-12 20:49:29 | INFO | Chart updated successfully for message: {"message": "Data engineering is my passion.", "author": "Diana"}
2025-09-12 20:49:30 | INFO | Processed JSON message: {'message': 'I love Python!', 'author': 'Eve'}
2025-09-12 20:49:30 | INFO | Message received from author: Eve
2025-09-12 20:49:30 | INFO | Updated author counts: {'Bob': 1266, 'Alice': 1791, 'Diana': 2014, 'Eve': 1273, 'Charlie': 1120}
2025-09-12 20:49:30 | INFO | Chart updated successfully for message: {"message": "I love Python!", "author": "Eve"}
2025-09-12 20:49:30 | INFO | Processed JSON message: {'message': 'JSON makes life easier.', 'author': 'Charlie'}
2025-09-12 20:49:30 | INFO | Message received from author: Charlie
2025-09-12 20:49:30 | INFO | Updated author counts: {'Bob': 1266, 'Alice': 1791, 'Diana': 2014, 'Eve': 1273, 'Charlie': 1121}
2025-09-12 20:49:30 | INFO | Chart updated successfully for message: {"message": "JSON makes life easier.", "author": "Charlie"}
2025-09-12 20:49:30 | INFO | Processed JSON message: {'message': 'Have a great day!', 'author': 'Bob'}
2025-09-12 20:49:30 | INFO | Message received from author: Bob
2025-09-12 20:49:30 | INFO | Updated author counts: {'Bob': 1267, 'Alice': 1791, 'Diana': 2014, 'Eve': 1273, 'Charlie': 1121}
2025-09-12 20:49:30 | INFO | Chart updated successfully for message: {"message": "Have a great day!", "author": "Bob"}
2025-09-12 20:49:30 | INFO | Processed JSON message: {'message': 'Data engineering is my passion.', 'author': 'Alice'}
2025-09-12 20:49:30 | INFO | Message received from author: Alice
2025-09-12 20:49:30 | INFO | Updated author counts: {'Bob': 1267, 'Alice': 1792, 'Diana': 2014, 'Eve': 1273, 'Charlie': 1121}
2025-09-12 20:49:30 | INFO | Chart updated successfully for message: {"message": "Data engineering is my passion.", "author": "Alice"}
2025-09-12 20:49:30 | INFO | Processed JSON message: {'message': 'Kafka is awesome.', 'author': 'Diana'}
2025-09-12 20:49:30 | INFO | Message received from author: Diana
2025-09-12 20:49:30 | INFO | Updated author counts: {'Bob': 1267, 'Alice': 1792, 'Diana': 2015, 'Eve': 1273, 'Charlie': 1121}
2025-09-12 20:49:30 | INFO | Chart updated successfully for message: {"message": "Kafka is awesome.", "author": "Diana"}
2025-09-12 20:49:30 | INFO | Processed JSON message: {'message': 'Kafka is awesome.', 'author': 'Diana'}
2025-09-12 20:49:30 | INFO | Message received from author: Diana
2025-09-12 20:49:30 | INFO | Updated author counts: {'Bob': 1267, 'Alice': 1792, 'Diana': 2016, 'Eve': 1273, 'Charlie': 1121}
2025-09-12 20:49:30 | INFO | Chart updated successfully for message: {"message": "Kafka is awesome.", "author": "Diana"}
2025-09-12 20:49:30 | INFO | Processed JSON message: {'message': 'Hello, Kafka world!', 'author': 'Bob'}
2025-09-12 20:49:30 | INFO | Message received from author: Bob
2025-09-12 20:49:30 | INFO | Updated author counts: {'Bob': 1268, 'Alice': 1792, 'Diana': 2016, 'Eve': 1273, 'Charlie': 1121}
2025-09-12 20:49:31 | INFO | Chart updated successfully for message: {"message": "Hello, Kafka world!", "author": "Bob"}
2025-09-12 20:49:31 | INFO | Processed JSON message: {'message': 'Distributed systems are fascinating.', 'author': 'Diana'}
2025-09-12 20:49:31 | INFO | Message received from author: Diana
2025-09-12 20:49:31 | INFO | Updated author counts: {'Bob': 1268, 'Alice': 1792, 'Diana': 2017, 'Eve': 1273, 'Charlie': 1121}
2025-09-12 20:49:31 | INFO | Chart updated successfully for message: {"message": "Distributed systems are fascinating.", "author": "Diana"}
2025-09-12 20:49:31 | INFO | Processed JSON message: {'message': 'I love Python!', 'author': 'Diana'}
2025-09-12 20:49:31 | INFO | Message received from author: Diana
2025-09-12 20:49:31 | INFO | Updated author counts: {'Bob': 1268, 'Alice': 1792, 'Diana': 2018, 'Eve': 1273, 'Charlie': 1121}
2025-09-12 20:49:31 | INFO | Chart updated successfully for message: {"message": "I love Python!", "author": "Diana"}
2025-09-12 20:49:31 | INFO | Processed JSON message: {'message': 'Have a great day!', 'author': 'Alice'}
2025-09-12 20:49:31 | INFO | Message received from author: Alice
2025-09-12 20:49:31 | INFO | Updated author counts: {'Bob': 1268, 'Alice': 1793, 'Diana': 2018, 'Eve': 1273, 'Charlie': 1121}
2025-09-12 20:49:31 | INFO | Chart updated successfully for message: {"message": "Have a great day!", "author": "Alice"}
2025-09-12 20:49:31 | INFO | Processed JSON message: {'message': 'Hello, Kafka world!', 'author': 'Charlie'}
2025-09-12 20:49:31 | INFO | Message received from author: Charlie
2025-09-12 20:49:31 | INFO | Updated author counts: {'Bob': 1268, 'Alice': 1793, 'Diana': 2018, 'Eve': 1273, 'Charlie': 1122}
2025-09-12 20:49:31 | INFO | Chart updated successfully for message: {"message": "Hello, Kafka world!", "author": "Charlie"}
2025-09-12 20:49:31 | INFO | Processed JSON message: {'message': 'JSON makes life easier.', 'author': 'Diana'}
2025-09-12 20:49:31 | INFO | Message received from author: Diana
2025-09-12 20:49:31 | INFO | Updated author counts: {'Bob': 1268, 'Alice': 1793, 'Diana': 2019, 'Eve': 1273, 'Charlie': 1122}
2025-09-12 20:49:31 | INFO | Chart updated successfully for message: {"message": "JSON makes life easier.", "author": "Diana"}
2025-09-12 20:49:31 | INFO | Processed JSON message: {'message': 'I love Python!', 'author': 'Bob'}
2025-09-12 20:49:31 | INFO | Message received from author: Bob
2025-09-12 20:49:31 | INFO | Updated author counts: {'Bob': 1269, 'Alice': 1793, 'Diana': 2019, 'Eve': 1273, 'Charlie': 1122}
2025-09-12 20:49:31 | INFO | Chart updated successfully for message: {"message": "I love Python!", "author": "Bob"}
2025-09-12 20:49:31 | INFO | Processed JSON message: {'message': 'Have a great day!', 'author': 'Diana'}
2025-09-12 20:49:31 | INFO | Message received from author: Diana
2025-09-12 20:49:31 | INFO | Updated author counts: {'Bob': 1269, 'Alice': 1793, 'Diana': 2020, 'Eve': 1273, 'Charlie': 1122}
2025-09-12 20:49:31 | INFO | Chart updated successfully for message: {"message": "Have a great day!", "author": "Diana"}
2025-09-12 20:49:31 | INFO | Processed JSON message: {'message': 'Hello, Kafka world!', 'author': 'Alice'}
2025-09-12 20:49:31 | INFO | Message received from author: Alice
2025-09-12 20:49:31 | INFO | Updated author counts: {'Bob': 1269, 'Alice': 1794, 'Diana': 2020, 'Eve': 1273, 'Charlie': 1122}
2025-09-12 20:49:32 | INFO | Chart updated successfully for message: {"message": "Hello, Kafka world!", "author": "Alice"}
2025-09-12 20:49:32 | INFO | Processed JSON message: {'message': 'JSON makes life easier.', 'author': 'Alice'}
2025-09-12 20:49:32 | INFO | Message received from author: Alice
2025-09-12 20:49:32 | INFO | Updated author counts: {'Bob': 1269, 'Alice': 1795, 'Diana': 2020, 'Eve': 1273, 'Charlie': 1122}
2025-09-12 20:49:32 | INFO | Chart updated successfully for message: {"message": "JSON makes life easier.", "author": "Alice"}
2025-09-12 20:49:32 | INFO | Processed JSON message: {'message': 'Buzz messages for everyone.', 'author': 'Charlie'}
2025-09-12 20:49:32 | INFO | Message received from author: Charlie
2025-09-12 20:49:32 | INFO | Updated author counts: {'Bob': 1269, 'Alice': 1795, 'Diana': 2020, 'Eve': 1273, 'Charlie': 1123}
2025-09-12 20:49:32 | INFO | Chart updated successfully for message: {"message": "Buzz messages for everyone.", "author": "Charlie"}
2025-09-12 20:49:32 | INFO | Processed JSON message: {'message': 'Buzz messages for everyone.', 'author': 'Bob'}
2025-09-12 20:49:32 | INFO | Message received from author: Bob
2025-09-12 20:49:32 | INFO | Updated author counts: {'Bob': 1270, 'Alice': 1795, 'Diana': 2020, 'Eve': 1273, 'Charlie': 1123}
2025-09-12 20:49:32 | INFO | Chart updated successfully for message: {"message": "Buzz messages for everyone.", "author": "Bob"}
2025-09-12 20:49:32 | INFO | Processed JSON message: {'message': 'Streaming data is fun.', 'author': 'Diana'}
2025-09-12 20:49:32 | INFO | Message received from author: Diana
2025-09-12 20:49:32 | INFO | Updated author counts: {'Bob': 1270, 'Alice': 1795, 'Diana': 2021, 'Eve': 1273, 'Charlie': 1123}
2025-09-12 20:49:32 | INFO | Chart updated successfully for message: {"message": "Streaming data is fun.", "author": "Diana"}
2025-09-12 20:49:32 | INFO | Processed JSON message: {'message': 'Have a great day!', 'author': 'Diana'}
2025-09-12 20:49:32 | INFO | Message received from author: Diana
2025-09-12 20:49:32 | INFO | Updated author counts: {'Bob': 1270, 'Alice': 1795, 'Diana': 2022, 'Eve': 1273, 'Charlie': 1123}
2025-09-12 20:49:32 | INFO | Chart updated successfully for message: {"message": "Have a great day!", "author": "Diana"}
2025-09-12 20:49:32 | INFO | Processed JSON message: {'message': 'I love Python!', 'author': 'Alice'}
2025-09-12 20:49:32 | INFO | Message received from author: Alice
2025-09-12 20:49:32 | INFO | Updated author counts: {'Bob': 1270, 'Alice': 1796, 'Diana': 2022, 'Eve': 1273, 'Charlie': 1123}
2025-09-12 20:49:32 | INFO | Chart updated successfully for message: {"message": "I love Python!", "author": "Alice"}
2025-09-12 20:49:32 | INFO | Processed JSON message: {'message': 'Streaming data is fun.', 'author': 'Charlie'}
2025-09-12 20:49:32 | INFO | Message received from author: Charlie
2025-09-12 20:49:32 | INFO | Updated author counts: {'Bob': 1270, 'Alice': 1796, 'Diana': 2022, 'Eve': 1273, 'Charlie': 1124}
2025-09-12 20:49:33 | INFO | Chart updated successfully for message: {"message": "Streaming data is fun.", "author": "Charlie"}
2025-09-12 20:49:33 | INFO | Processed JSON message: {'message': 'Kafka is awesome.', 'author': 'Alice'}
2025-09-12 20:49:33 | INFO | Message received from author: Alice
2025-09-12 20:49:33 | INFO | Updated author counts: {'Bob': 1270, 'Alice': 1797, 'Diana': 2022, 'Eve': 1273, 'Charlie': 1124}
2025-09-12 20:49:33 | INFO | Chart updated successfully for message: {"message": "Kafka is awesome.", "author": "Alice"}
2025-09-12 20:49:33 | INFO | Processed JSON message: {'message': 'Kafka is awesome.', 'author': 'Diana'}
2025-09-12 20:49:33 | INFO | Message received from author: Diana
2025-09-12 20:49:33 | INFO | Updated author counts: {'Bob': 1270, 'Alice': 1797, 'Diana': 2023, 'Eve': 1273, 'Charlie': 1124}
2025-09-12 20:49:33 | INFO | Chart updated successfully for message: {"message": "Kafka is awesome.", "author": "Diana"}
2025-09-12 20:49:33 | INFO | Processed JSON message: {'message': 'Kafka is awesome.', 'author': 'Alice'}
2025-09-12 20:49:33 | INFO | Message received from author: Alice
2025-09-12 20:49:33 | INFO | Updated author counts: {'Bob': 1270, 'Alice': 1798, 'Diana': 2023, 'Eve': 1273, 'Charlie': 1124}
2025-09-12 20:49:33 | INFO | Chart updated successfully for message: {"message": "Kafka is awesome.", "author": "Alice"}
2025-09-12 20:49:33 | INFO | Processed JSON message: {'message': 'JSON makes life easier.', 'author': 'Bob'}
2025-09-12 20:49:33 | INFO | Message received from author: Bob
2025-09-12 20:49:33 | INFO | Updated author counts: {'Bob': 1271, 'Alice': 1798, 'Diana': 2023, 'Eve': 1273, 'Charlie': 1124}
2025-09-12 20:49:33 | INFO | Chart updated successfully for message: {"message": "JSON makes life easier.", "author": "Bob"}
2025-09-12 20:49:33 | INFO | Processed JSON message: {'message': 'This is a buzz message.', 'author': 'Bob'}
2025-09-12 20:49:33 | INFO | Message received from author: Bob
2025-09-12 20:49:33 | INFO | Updated author counts: {'Bob': 1272, 'Alice': 1798, 'Diana': 2023, 'Eve': 1273, 'Charlie': 1124}
2025-09-12 20:49:33 | INFO | Chart updated successfully for message: {"message": "This is a buzz message.", "author": "Bob"}
2025-09-12 20:49:33 | INFO | Processed JSON message: {'message': 'Streaming data is fun.', 'author': 'Diana'}
2025-09-12 20:49:33 | INFO | Message received from author: Diana
2025-09-12 20:49:33 | INFO | Updated author counts: {'Bob': 1272, 'Alice': 1798, 'Diana': 2024, 'Eve': 1273, 'Charlie': 1124}
2025-09-12 20:49:33 | INFO | Chart updated successfully for message: {"message": "Streaming data is fun.", "author": "Diana"}
2025-09-12 20:49:33 | INFO | Processed JSON message: {'message': 'Have a great day!', 'author': 'Bob'}
2025-09-12 20:49:33 | INFO | Message received from author: Bob
2025-09-12 20:49:33 | INFO | Updated author counts: {'Bob': 1273, 'Alice': 1798, 'Diana': 2024, 'Eve': 1273, 'Charlie': 1124}
2025-09-12 20:49:34 | INFO | Chart updated successfully for message: {"message": "Have a great day!", "author": "Bob"}
2025-09-12 20:49:34 | INFO | Processed JSON message: {'message': 'This is a buzz message.', 'author': 'Eve'}
2025-09-12 20:49:34 | INFO | Message received from author: Eve
2025-09-12 20:49:34 | INFO | Updated author counts: {'Bob': 1273, 'Alice': 1798, 'Diana': 2024, 'Eve': 1274, 'Charlie': 1124}
2025-09-12 20:49:34 | INFO | Chart updated successfully for message: {"message": "This is a buzz message.", "author": "Eve"}
2025-09-12 20:49:34 | INFO | Processed JSON message: {'message': 'Hello, Kafka world!', 'author': 'Bob'}
2025-09-12 20:49:34 | INFO | Message received from author: Bob
2025-09-12 20:49:34 | INFO | Updated author counts: {'Bob': 1274, 'Alice': 1798, 'Diana': 2024, 'Eve': 1274, 'Charlie': 1124}
2025-09-12 20:49:34 | INFO | Chart updated successfully for message: {"message": "Hello, Kafka world!", "author": "Bob"}
2025-09-12 20:49:34 | INFO | Processed JSON message: {'message': 'This is a buzz message.', 'author': 'Alice'}
2025-09-12 20:49:34 | INFO | Message received from author: Alice
2025-09-12 20:49:34 | INFO | Updated author counts: {'Bob': 1274, 'Alice': 1799, 'Diana': 2024, 'Eve': 1274, 'Charlie': 1124}
2025-09-12 20:49:34 | INFO | Chart updated successfully for message: {"message": "This is a buzz message.", "author": "Alice"}
2025-09-12 20:49:34 | INFO | Processed JSON message: {'message': 'Streaming data is fun.', 'author': 'Eve'}
2025-09-12 20:49:34 | INFO | Message received from author: Eve
2025-09-12 20:49:34 | INFO | Updated author counts: {'Bob': 1274, 'Alice': 1799, 'Diana': 2024, 'Eve': 1275, 'Charlie': 1124}
2025-09-12 20:49:34 | INFO | Chart updated successfully for message: {"message": "Streaming data is fun.", "author": "Eve"}
2025-09-12 20:49:34 | INFO | Processed JSON message: {'message': 'Kafka is awesome.', 'author': 'Alice'}
2025-09-12 20:49:34 | INFO | Message received from author: Alice
2025-09-12 20:49:34 | INFO | Updated author counts: {'Bob': 1274, 'Alice': 1800, 'Diana': 2024, 'Eve': 1275, 'Charlie': 1124}
2025-09-12 20:49:34 | INFO | Chart updated successfully for message: {"message": "Kafka is awesome.", "author": "Alice"}
2025-09-12 20:49:34 | INFO | Processed JSON message: {'message': 'JSON makes life easier.', 'author': 'Bob'}
2025-09-12 20:49:34 | INFO | Message received from author: Bob
2025-09-12 20:49:34 | INFO | Updated author counts: {'Bob': 1275, 'Alice': 1800, 'Diana': 2024, 'Eve': 1275, 'Charlie': 1124}
2025-09-12 20:49:34 | INFO | Chart updated successfully for message: {"message": "JSON makes life easier.", "author": "Bob"}
2025-09-12 20:49:34 | INFO | Processed JSON message: {'message': 'This is a buzz message.', 'author': 'Charlie'}
2025-09-12 20:49:34 | INFO | Message received from author: Charlie
2025-09-12 20:49:34 | INFO | Updated author counts: {'Bob': 1275, 'Alice': 1800, 'Diana': 2024, 'Eve': 1275, 'Charlie': 1125}
2025-09-12 20:49:34 | INFO | Chart updated successfully for message: {"message": "This is a buzz message.", "author": "Charlie"}
2025-09-12 20:49:34 | INFO | Processed JSON message: {'message': 'Have a great day!', 'author': 'Diana'}
2025-09-12 20:49:34 | INFO | Message received from author: Diana
2025-09-12 20:49:34 | INFO | Updated author counts: {'Bob': 1275, 'Alice': 1800, 'Diana': 2025, 'Eve': 1275, 'Charlie': 1125}
2025-09-12 20:49:35 | INFO | Chart updated successfully for message: {"message": "Have a great day!", "author": "Diana"}
