2025-09-12 21:10:47 | INFO | Message received from author: Diana
2025-09-12 21:10:47 | INFO | Updated author counts: {'Bob': 1464, 'Alice': 2071, 'Diana': 2328, 'Eve': 1464, 'Charlie': 1293}
2025-09-12 21:10:48 | INFO | Chart updated successfully for message: {"message": "Hello, Kafka world!", "author": "Diana"}
2025-09-12 21:10:48 | INFO | Processed JSON message: {'message': 'Kafka is awesome.', 'author': 'Bob'}
2025-09-12 21:10:48 | INFO | Message received from author: Bob
2025-09-12 21:10:48 | INFO | Updated author counts: {'Bob': 1465, 'Alice': 2071, 'Diana': 2328, 'Eve': 1464, 'Charlie': 1293}
2025-09-12 21:10:48 | INFO | Chart updated successfully for message: {"message": "Kafka is awesome.", "author": "Bob"}
2025-09-12 21:10:48 | INFO | Processed JSON message: {'message': 'I love Python!', 'author': 'Eve'}
2025-09-12 21:10:48 | INFO | Message received from author: Eve
2025-09-12 21:10:48 | INFO | Updated author counts: {'Bob': 1465, 'Alice': 2071, 'Diana': 2328, 'Eve': 1465, 'Charlie': 1293}
2025-09-12 21:10:48 | INFO | Chart updated successfully for message: {"message": "I love Python!", "author": "Eve"}
2025-09-12 21:10:48 | INFO | Processed JSON message: {'message': 'JSON makes life easier.', 'author': 'Charlie'}
2025-09-12 21:10:48 | INFO | Logging to file: logs/project_log.log
2025-09-12 21:10:48 | INFO | Log sanitization enabled, personal info removed
2025-09-12 21:10:48 | INFO | Message received from author: Charlie
2025-09-12 21:10:48 | INFO | Updated author counts: {'Bob': 1465, 'Alice': 2071, 'Diana': 2328, 'Eve': 1465, 'Charlie': 1294}
2025-09-12 21:10:48 | INFO | Project root: /mnt/c/RaginiWorkArea/StreamingData/buzzline-04-USERi
2025-09-12 21:10:48 | INFO | Data folder: /mnt/c/RaginiWorkArea/StreamingData/buzzline-04-USERi/data
2025-09-12 21:10:48 | INFO | Data file: /mnt/c/RaginiWorkArea/StreamingData/buzzline-04-USERi/data/smoker_temps.csv
2025-09-12 21:10:48 | INFO | START producer.
2025-09-12 21:10:48 | INFO | Kafka broker address: localhost:9092
2025-09-12 21:10:48 | INFO | Kafka is ready. Brokers: {'throttle_time_ms': 0, 'brokers': [{'node_id': 1, 'host': 'localhost', 'port': 9092, 'rack': None}], 'cluster_id': 'dHgKx06_R9CjeUipznXS7Q', 'controller_id': 1}
2025-09-12 21:10:48 | INFO | Kafka topic: smoker_csv
2025-09-12 21:10:48 | INFO | Message interval: 5 seconds
2025-09-12 21:10:48 | INFO | Kafka broker address: localhost:9092
2025-09-12 21:10:48 | INFO | Connecting to Kafka broker at localhost:9092...
2025-09-12 21:10:48 | INFO | Kafka producer successfully created.
2025-09-12 21:10:48 | INFO | Kafka broker address: localhost:9092
2025-09-12 21:10:48 | INFO | Topic 'smoker_csv' already exists. Recreating fresh...
2025-09-12 21:10:48 | INFO | Requested deletion of topic 'smoker_csv'.
2025-09-12 21:10:48 | INFO | Chart updated successfully for message: {"message": "JSON makes life easier.", "author": "Charlie"}
2025-09-12 21:10:48 | INFO | Topic 'smoker_csv' created successfully.
2025-09-12 21:10:48 | INFO | Kafka topic 'smoker_csv' is ready.
2025-09-12 21:10:48 | INFO | Starting message production to topic 'smoker_csv'...
2025-09-12 21:10:48 | INFO | Opening data file in read mode: /mnt/c/RaginiWorkArea/StreamingData/buzzline-04-USERi/data/smoker_temps.csv
2025-09-12 21:10:48 | INFO | Processed JSON message: {'message': 'I love Python!', 'author': 'Charlie'}
2025-09-12 21:10:48 | INFO | Message received from author: Charlie
2025-09-12 21:10:48 | INFO | Reading data from file: /mnt/c/RaginiWorkArea/StreamingData/buzzline-04-USERi/data/smoker_temps.csv
2025-09-12 21:10:48 | INFO | Updated author counts: {'Bob': 1465, 'Alice': 2071, 'Diana': 2328, 'Eve': 1465, 'Charlie': 1295}
2025-09-12 21:10:48 | INFO | Sent message to topic 'smoker_csv': {'timestamp': '2025-09-13T04:10:48.605621', 'temperature': 70.4}
2025-09-12 21:10:48 | INFO | Chart updated successfully for message: {"message": "I love Python!", "author": "Charlie"}
2025-09-12 21:10:48 | INFO | Processed JSON message: {'message': 'I love Python!', 'author': 'Charlie'}
2025-09-12 21:10:48 | INFO | Message received from author: Charlie
2025-09-12 21:10:48 | INFO | Updated author counts: {'Bob': 1465, 'Alice': 2071, 'Diana': 2328, 'Eve': 1465, 'Charlie': 1296}
2025-09-12 21:10:48 | INFO | Chart updated successfully for message: {"message": "I love Python!", "author": "Charlie"}
2025-09-12 21:10:48 | INFO | Processed JSON message: {'message': 'I love Python!', 'author': 'Diana'}
2025-09-12 21:10:48 | INFO | Message received from author: Diana
2025-09-12 21:10:48 | INFO | Updated author counts: {'Bob': 1465, 'Alice': 2071, 'Diana': 2329, 'Eve': 1465, 'Charlie': 1296}
2025-09-12 21:10:49 | INFO | Chart updated successfully for message: {"message": "I love Python!", "author": "Diana"}
2025-09-12 21:10:49 | INFO | Processed JSON message: {'message': 'Streaming data is fun.', 'author': 'Diana'}
2025-09-12 21:10:49 | INFO | Message received from author: Diana
2025-09-12 21:10:49 | INFO | Updated author counts: {'Bob': 1465, 'Alice': 2071, 'Diana': 2330, 'Eve': 1465, 'Charlie': 1296}
2025-09-12 21:10:49 | INFO | Chart updated successfully for message: {"message": "Streaming data is fun.", "author": "Diana"}
2025-09-12 21:10:49 | INFO | Processed JSON message: {'message': 'Data engineering is my passion.', 'author': 'Eve'}
2025-09-12 21:10:49 | INFO | Message received from author: Eve
2025-09-12 21:10:49 | INFO | Updated author counts: {'Bob': 1465, 'Alice': 2071, 'Diana': 2330, 'Eve': 1466, 'Charlie': 1296}
2025-09-12 21:10:49 | INFO | Chart updated successfully for message: {"message": "Data engineering is my passion.", "author": "Eve"}
2025-09-12 21:10:49 | INFO | Processed JSON message: {'message': 'Buzz messages for everyone.', 'author': 'Eve'}
2025-09-12 21:10:49 | INFO | Message received from author: Eve
2025-09-12 21:10:49 | INFO | Updated author counts: {'Bob': 1465, 'Alice': 2071, 'Diana': 2330, 'Eve': 1467, 'Charlie': 1296}
2025-09-12 21:10:49 | INFO | Chart updated successfully for message: {"message": "Buzz messages for everyone.", "author": "Eve"}
2025-09-12 21:10:49 | INFO | Processed JSON message: {'message': 'JSON makes life easier.', 'author': 'Eve'}
2025-09-12 21:10:49 | INFO | Message received from author: Eve
2025-09-12 21:10:49 | INFO | Updated author counts: {'Bob': 1465, 'Alice': 2071, 'Diana': 2330, 'Eve': 1468, 'Charlie': 1296}
2025-09-12 21:10:49 | INFO | Chart updated successfully for message: {"message": "JSON makes life easier.", "author": "Eve"}
2025-09-12 21:10:49 | INFO | Processed JSON message: {'message': 'Have a great day!', 'author': 'Alice'}
2025-09-12 21:10:49 | INFO | Message received from author: Alice
2025-09-12 21:10:49 | INFO | Updated author counts: {'Bob': 1465, 'Alice': 2072, 'Diana': 2330, 'Eve': 1468, 'Charlie': 1296}
2025-09-12 21:10:49 | INFO | Chart updated successfully for message: {"message": "Have a great day!", "author": "Alice"}
2025-09-12 21:10:49 | INFO | Processed JSON message: {'message': 'I love Python!', 'author': 'Bob'}
2025-09-12 21:10:49 | INFO | Message received from author: Bob
2025-09-12 21:10:49 | INFO | Updated author counts: {'Bob': 1466, 'Alice': 2072, 'Diana': 2330, 'Eve': 1468, 'Charlie': 1296}
2025-09-12 21:10:49 | INFO | Chart updated successfully for message: {"message": "I love Python!", "author": "Bob"}
2025-09-12 21:10:49 | INFO | Processed JSON message: {'message': 'I love Python!', 'author': 'Bob'}
2025-09-12 21:10:49 | INFO | Message received from author: Bob
2025-09-12 21:10:49 | INFO | Updated author counts: {'Bob': 1467, 'Alice': 2072, 'Diana': 2330, 'Eve': 1468, 'Charlie': 1296}
2025-09-12 21:10:49 | INFO | Chart updated successfully for message: {"message": "I love Python!", "author": "Bob"}
2025-09-12 21:10:49 | INFO | Processed JSON message: {'message': 'This is a buzz message.', 'author': 'Eve'}
2025-09-12 21:10:49 | INFO | Message received from author: Eve
2025-09-12 21:10:49 | INFO | Updated author counts: {'Bob': 1467, 'Alice': 2072, 'Diana': 2330, 'Eve': 1469, 'Charlie': 1296}
2025-09-12 21:10:50 | INFO | Chart updated successfully for message: {"message": "This is a buzz message.", "author": "Eve"}
2025-09-12 21:10:50 | INFO | Processed JSON message: {'message': 'This is a buzz message.', 'author': 'Alice'}
2025-09-12 21:10:50 | INFO | Message received from author: Alice
2025-09-12 21:10:50 | INFO | Updated author counts: {'Bob': 1467, 'Alice': 2073, 'Diana': 2330, 'Eve': 1469, 'Charlie': 1296}
2025-09-12 21:10:50 | INFO | Chart updated successfully for message: {"message": "This is a buzz message.", "author": "Alice"}
2025-09-12 21:10:50 | INFO | Processed JSON message: {'message': 'Distributed systems are fascinating.', 'author': 'Diana'}
2025-09-12 21:10:50 | INFO | Message received from author: Diana
2025-09-12 21:10:50 | INFO | Updated author counts: {'Bob': 1467, 'Alice': 2073, 'Diana': 2331, 'Eve': 1469, 'Charlie': 1296}
2025-09-12 21:10:50 | INFO | Chart updated successfully for message: {"message": "Distributed systems are fascinating.", "author": "Diana"}
2025-09-12 21:10:50 | INFO | Processed JSON message: {'message': 'Streaming data is fun.', 'author': 'Eve'}
2025-09-12 21:10:50 | INFO | Message received from author: Eve
2025-09-12 21:10:50 | INFO | Updated author counts: {'Bob': 1467, 'Alice': 2073, 'Diana': 2331, 'Eve': 1470, 'Charlie': 1296}
2025-09-12 21:10:50 | INFO | Chart updated successfully for message: {"message": "Streaming data is fun.", "author": "Eve"}
2025-09-12 21:10:50 | INFO | Processed JSON message: {'message': 'Have a great day!', 'author': 'Charlie'}
2025-09-12 21:10:50 | INFO | Message received from author: Charlie
2025-09-12 21:10:50 | INFO | Updated author counts: {'Bob': 1467, 'Alice': 2073, 'Diana': 2331, 'Eve': 1470, 'Charlie': 1297}
2025-09-12 21:10:50 | INFO | Chart updated successfully for message: {"message": "Have a great day!", "author": "Charlie"}
2025-09-12 21:10:50 | INFO | Processed JSON message: {'message': 'JSON makes life easier.', 'author': 'Eve'}
2025-09-12 21:10:50 | INFO | Message received from author: Eve
2025-09-12 21:10:50 | INFO | Updated author counts: {'Bob': 1467, 'Alice': 2073, 'Diana': 2331, 'Eve': 1471, 'Charlie': 1297}
2025-09-12 21:10:50 | INFO | Chart updated successfully for message: {"message": "JSON makes life easier.", "author": "Eve"}
2025-09-12 21:10:50 | INFO | Processed JSON message: {'message': 'Buzz messages for everyone.', 'author': 'Diana'}
2025-09-12 21:10:50 | INFO | Message received from author: Diana
2025-09-12 21:10:50 | INFO | Updated author counts: {'Bob': 1467, 'Alice': 2073, 'Diana': 2332, 'Eve': 1471, 'Charlie': 1297}
2025-09-12 21:10:50 | INFO | Chart updated successfully for message: {"message": "Buzz messages for everyone.", "author": "Diana"}
2025-09-12 21:10:50 | INFO | Processed JSON message: {'message': 'This is a buzz message.', 'author': 'Charlie'}
2025-09-12 21:10:50 | INFO | Message received from author: Charlie
2025-09-12 21:10:50 | INFO | Updated author counts: {'Bob': 1467, 'Alice': 2073, 'Diana': 2332, 'Eve': 1471, 'Charlie': 1298}
2025-09-12 21:10:50 | INFO | Chart updated successfully for message: {"message": "This is a buzz message.", "author": "Charlie"}
2025-09-12 21:10:50 | INFO | Processed JSON message: {'message': 'Distributed systems are fascinating.', 'author': 'Charlie'}
2025-09-12 21:10:50 | INFO | Message received from author: Charlie
2025-09-12 21:10:50 | INFO | Updated author counts: {'Bob': 1467, 'Alice': 2073, 'Diana': 2332, 'Eve': 1471, 'Charlie': 1299}
2025-09-12 21:10:50 | INFO | Chart updated successfully for message: {"message": "Distributed systems are fascinating.", "author": "Charlie"}
2025-09-12 21:10:50 | INFO | Processed JSON message: {'message': 'Buzz messages for everyone.', 'author': 'Bob'}
2025-09-12 21:10:50 | INFO | Message received from author: Bob
2025-09-12 21:10:50 | INFO | Updated author counts: {'Bob': 1468, 'Alice': 2073, 'Diana': 2332, 'Eve': 1471, 'Charlie': 1299}
2025-09-12 21:10:51 | INFO | Chart updated successfully for message: {"message": "Buzz messages for everyone.", "author": "Bob"}
2025-09-12 21:10:51 | INFO | Processed JSON message: {'message': 'This is a buzz message.', 'author': 'Eve'}
2025-09-12 21:10:51 | INFO | Message received from author: Eve
2025-09-12 21:10:51 | INFO | Updated author counts: {'Bob': 1468, 'Alice': 2073, 'Diana': 2332, 'Eve': 1472, 'Charlie': 1299}
2025-09-12 21:10:51 | INFO | Chart updated successfully for message: {"message": "This is a buzz message.", "author": "Eve"}
2025-09-12 21:10:51 | INFO | Processed JSON message: {'message': 'Data engineering is my passion.', 'author': 'Diana'}
2025-09-12 21:10:51 | INFO | Message received from author: Diana
2025-09-12 21:10:51 | INFO | Updated author counts: {'Bob': 1468, 'Alice': 2073, 'Diana': 2333, 'Eve': 1472, 'Charlie': 1299}
2025-09-12 21:10:51 | INFO | Chart updated successfully for message: {"message": "Data engineering is my passion.", "author": "Diana"}
2025-09-12 21:10:51 | INFO | Processed JSON message: {'message': 'Data engineering is my passion.', 'author': 'Alice'}
2025-09-12 21:10:51 | INFO | Message received from author: Alice
2025-09-12 21:10:51 | INFO | Updated author counts: {'Bob': 1468, 'Alice': 2074, 'Diana': 2333, 'Eve': 1472, 'Charlie': 1299}
2025-09-12 21:10:51 | INFO | Chart updated successfully for message: {"message": "Data engineering is my passion.", "author": "Alice"}
2025-09-12 21:10:51 | INFO | Processed JSON message: {'message': 'Buzz messages for everyone.', 'author': 'Diana'}
2025-09-12 21:10:51 | INFO | Message received from author: Diana
2025-09-12 21:10:51 | INFO | Updated author counts: {'Bob': 1468, 'Alice': 2074, 'Diana': 2334, 'Eve': 1472, 'Charlie': 1299}
2025-09-12 21:10:51 | INFO | Chart updated successfully for message: {"message": "Buzz messages for everyone.", "author": "Diana"}
2025-09-12 21:10:51 | INFO | Processed JSON message: {'message': 'JSON makes life easier.', 'author': 'Alice'}
2025-09-12 21:10:51 | INFO | Message received from author: Alice
2025-09-12 21:10:51 | INFO | Updated author counts: {'Bob': 1468, 'Alice': 2075, 'Diana': 2334, 'Eve': 1472, 'Charlie': 1299}
2025-09-12 21:10:51 | INFO | Chart updated successfully for message: {"message": "JSON makes life easier.", "author": "Alice"}
2025-09-12 21:10:51 | INFO | Processed JSON message: {'message': 'Data engineering is my passion.', 'author': 'Eve'}
2025-09-12 21:10:51 | INFO | Message received from author: Eve
2025-09-12 21:10:51 | INFO | Updated author counts: {'Bob': 1468, 'Alice': 2075, 'Diana': 2334, 'Eve': 1473, 'Charlie': 1299}
2025-09-12 21:10:51 | INFO | Chart updated successfully for message: {"message": "Data engineering is my passion.", "author": "Eve"}
2025-09-12 21:10:51 | INFO | Processed JSON message: {'message': 'Distributed systems are fascinating.', 'author': 'Alice'}
2025-09-12 21:10:51 | INFO | Message received from author: Alice
2025-09-12 21:10:51 | INFO | Updated author counts: {'Bob': 1468, 'Alice': 2076, 'Diana': 2334, 'Eve': 1473, 'Charlie': 1299}
2025-09-12 21:10:51 | INFO | Chart updated successfully for message: {"message": "Distributed systems are fascinating.", "author": "Alice"}
2025-09-12 21:10:51 | INFO | Processed JSON message: {'message': 'Have a great day!', 'author': 'Charlie'}
2025-09-12 21:10:51 | INFO | Message received from author: Charlie
2025-09-12 21:10:51 | INFO | Updated author counts: {'Bob': 1468, 'Alice': 2076, 'Diana': 2334, 'Eve': 1473, 'Charlie': 1300}
2025-09-12 21:10:52 | INFO | Chart updated successfully for message: {"message": "Have a great day!", "author": "Charlie"}
2025-09-12 21:10:52 | INFO | Processed JSON message: {'message': 'Data engineering is my passion.', 'author': 'Alice'}
2025-09-12 21:10:52 | INFO | Message received from author: Alice
2025-09-12 21:10:52 | INFO | Updated author counts: {'Bob': 1468, 'Alice': 2077, 'Diana': 2334, 'Eve': 1473, 'Charlie': 1300}
2025-09-12 21:10:52 | INFO | Chart updated successfully for message: {"message": "Data engineering is my passion.", "author": "Alice"}
2025-09-12 21:10:52 | INFO | Processed JSON message: {'message': 'Distributed systems are fascinating.', 'author': 'Diana'}
2025-09-12 21:10:52 | INFO | Message received from author: Diana
2025-09-12 21:10:52 | INFO | Updated author counts: {'Bob': 1468, 'Alice': 2077, 'Diana': 2335, 'Eve': 1473, 'Charlie': 1300}
2025-09-12 21:10:52 | INFO | Chart updated successfully for message: {"message": "Distributed systems are fascinating.", "author": "Diana"}
2025-09-12 21:10:52 | INFO | Processed JSON message: {'message': 'Buzz messages for everyone.', 'author': 'Alice'}
2025-09-12 21:10:52 | INFO | Message received from author: Alice
2025-09-12 21:10:52 | INFO | Updated author counts: {'Bob': 1468, 'Alice': 2078, 'Diana': 2335, 'Eve': 1473, 'Charlie': 1300}
2025-09-12 21:10:52 | INFO | Chart updated successfully for message: {"message": "Buzz messages for everyone.", "author": "Alice"}
2025-09-12 21:10:52 | INFO | Processed JSON message: {'message': 'Hello, Kafka world!', 'author': 'Diana'}
2025-09-12 21:10:52 | INFO | Message received from author: Diana
2025-09-12 21:10:52 | INFO | Updated author counts: {'Bob': 1468, 'Alice': 2078, 'Diana': 2336, 'Eve': 1473, 'Charlie': 1300}
2025-09-12 21:10:52 | INFO | Chart updated successfully for message: {"message": "Hello, Kafka world!", "author": "Diana"}
2025-09-12 21:10:52 | INFO | Processed JSON message: {'message': 'This is a buzz message.', 'author': 'Eve'}
2025-09-12 21:10:52 | INFO | Message received from author: Eve
2025-09-12 21:10:52 | INFO | Updated author counts: {'Bob': 1468, 'Alice': 2078, 'Diana': 2336, 'Eve': 1474, 'Charlie': 1300}
2025-09-12 21:10:52 | INFO | Chart updated successfully for message: {"message": "This is a buzz message.", "author": "Eve"}
2025-09-12 21:10:52 | INFO | Processed JSON message: {'message': 'JSON makes life easier.', 'author': 'Eve'}
2025-09-12 21:10:52 | INFO | Message received from author: Eve
2025-09-12 21:10:52 | INFO | Updated author counts: {'Bob': 1468, 'Alice': 2078, 'Diana': 2336, 'Eve': 1475, 'Charlie': 1300}
2025-09-12 21:10:52 | INFO | Chart updated successfully for message: {"message": "JSON makes life easier.", "author": "Eve"}
2025-09-12 21:10:52 | INFO | Processed JSON message: {'message': 'JSON makes life easier.', 'author': 'Alice'}
2025-09-12 21:10:52 | INFO | Message received from author: Alice
2025-09-12 21:10:52 | INFO | Updated author counts: {'Bob': 1468, 'Alice': 2079, 'Diana': 2336, 'Eve': 1475, 'Charlie': 1300}
2025-09-12 21:10:53 | INFO | Chart updated successfully for message: {"message": "JSON makes life easier.", "author": "Alice"}
2025-09-12 21:10:53 | INFO | Processed JSON message: {'message': 'Data engineering is my passion.', 'author': 'Diana'}
2025-09-12 21:10:53 | INFO | Message received from author: Diana
2025-09-12 21:10:53 | INFO | Updated author counts: {'Bob': 1468, 'Alice': 2079, 'Diana': 2337, 'Eve': 1475, 'Charlie': 1300}
2025-09-12 21:10:53 | INFO | Chart updated successfully for message: {"message": "Data engineering is my passion.", "author": "Diana"}
2025-09-12 21:10:53 | INFO | Processed JSON message: {'message': 'JSON makes life easier.', 'author': 'Diana'}
2025-09-12 21:10:53 | INFO | Message received from author: Diana
2025-09-12 21:10:53 | INFO | Updated author counts: {'Bob': 1468, 'Alice': 2079, 'Diana': 2338, 'Eve': 1475, 'Charlie': 1300}
2025-09-12 21:10:53 | INFO | Chart updated successfully for message: {"message": "JSON makes life easier.", "author": "Diana"}
2025-09-12 21:10:53 | INFO | Processed JSON message: {'message': 'Kafka is awesome.', 'author': 'Charlie'}
2025-09-12 21:10:53 | INFO | Message received from author: Charlie
2025-09-12 21:10:53 | INFO | Updated author counts: {'Bob': 1468, 'Alice': 2079, 'Diana': 2338, 'Eve': 1475, 'Charlie': 1301}
2025-09-12 21:10:53 | INFO | Chart updated successfully for message: {"message": "Kafka is awesome.", "author": "Charlie"}
2025-09-12 21:10:53 | INFO | Processed JSON message: {'message': 'JSON makes life easier.', 'author': 'Bob'}
2025-09-12 21:10:53 | INFO | Message received from author: Bob
2025-09-12 21:10:53 | INFO | Updated author counts: {'Bob': 1469, 'Alice': 2079, 'Diana': 2338, 'Eve': 1475, 'Charlie': 1301}
2025-09-12 21:10:53 | INFO | Chart updated successfully for message: {"message": "JSON makes life easier.", "author": "Bob"}
2025-09-12 21:10:53 | INFO | Processed JSON message: {'message': 'I love Python!', 'author': 'Bob'}
2025-09-12 21:10:53 | INFO | Message received from author: Bob
2025-09-12 21:10:53 | INFO | Updated author counts: {'Bob': 1470, 'Alice': 2079, 'Diana': 2338, 'Eve': 1475, 'Charlie': 1301}
2025-09-12 21:10:53 | INFO | Sent message to topic 'smoker_csv': {'timestamp': '2025-09-13T04:10:53.616830', 'temperature': 70.8}
2025-09-12 21:10:53 | INFO | Chart updated successfully for message: {"message": "I love Python!", "author": "Bob"}
2025-09-12 21:10:53 | INFO | Processed JSON message: {'message': 'This is a buzz message.', 'author': 'Eve'}
2025-09-12 21:10:53 | INFO | Message received from author: Eve
2025-09-12 21:10:53 | INFO | Updated author counts: {'Bob': 1470, 'Alice': 2079, 'Diana': 2338, 'Eve': 1476, 'Charlie': 1301}
2025-09-12 21:10:54 | INFO | Chart updated successfully for message: {"message": "This is a buzz message.", "author": "Eve"}
2025-09-12 21:10:54 | INFO | Processed JSON message: {'message': 'I love Python!', 'author': 'Eve'}
2025-09-12 21:10:54 | INFO | Message received from author: Eve
2025-09-12 21:10:54 | INFO | Updated author counts: {'Bob': 1470, 'Alice': 2079, 'Diana': 2338, 'Eve': 1477, 'Charlie': 1301}
2025-09-12 21:10:54 | INFO | Chart updated successfully for message: {"message": "I love Python!", "author": "Eve"}
2025-09-12 21:10:54 | INFO | Processed JSON message: {'message': 'Buzz messages for everyone.', 'author': 'Alice'}
2025-09-12 21:10:54 | INFO | Message received from author: Alice
2025-09-12 21:10:54 | INFO | Updated author counts: {'Bob': 1470, 'Alice': 2080, 'Diana': 2338, 'Eve': 1477, 'Charlie': 1301}
2025-09-12 21:10:54 | INFO | Chart updated successfully for message: {"message": "Buzz messages for everyone.", "author": "Alice"}
2025-09-12 21:10:54 | INFO | Processed JSON message: {'message': 'This is a buzz message.', 'author': 'Alice'}
2025-09-12 21:10:54 | INFO | Message received from author: Alice
2025-09-12 21:10:54 | INFO | Updated author counts: {'Bob': 1470, 'Alice': 2081, 'Diana': 2338, 'Eve': 1477, 'Charlie': 1301}
2025-09-12 21:10:54 | INFO | Chart updated successfully for message: {"message": "This is a buzz message.", "author": "Alice"}
2025-09-12 21:10:54 | INFO | Processed JSON message: {'message': 'Data engineering is my passion.', 'author': 'Diana'}
2025-09-12 21:10:54 | INFO | Message received from author: Diana
2025-09-12 21:10:54 | INFO | Updated author counts: {'Bob': 1470, 'Alice': 2081, 'Diana': 2339, 'Eve': 1477, 'Charlie': 1301}
2025-09-12 21:10:54 | INFO | Chart updated successfully for message: {"message": "Data engineering is my passion.", "author": "Diana"}
2025-09-12 21:10:54 | INFO | Processed JSON message: {'message': 'I love Python!', 'author': 'Eve'}
2025-09-12 21:10:54 | INFO | Message received from author: Eve
2025-09-12 21:10:54 | INFO | Updated author counts: {'Bob': 1470, 'Alice': 2081, 'Diana': 2339, 'Eve': 1478, 'Charlie': 1301}
2025-09-12 21:10:54 | INFO | Chart updated successfully for message: {"message": "I love Python!", "author": "Eve"}
2025-09-12 21:10:54 | INFO | Processed JSON message: {'message': 'JSON makes life easier.', 'author': 'Charlie'}
2025-09-12 21:10:54 | INFO | Message received from author: Charlie
2025-09-12 21:10:54 | INFO | Updated author counts: {'Bob': 1470, 'Alice': 2081, 'Diana': 2339, 'Eve': 1478, 'Charlie': 1302}
2025-09-12 21:10:54 | INFO | Chart updated successfully for message: {"message": "JSON makes life easier.", "author": "Charlie"}
2025-09-12 21:10:54 | INFO | Processed JSON message: {'message': 'Have a great day!', 'author': 'Bob'}
2025-09-12 21:10:54 | INFO | Message received from author: Bob
2025-09-12 21:10:54 | INFO | Updated author counts: {'Bob': 1471, 'Alice': 2081, 'Diana': 2339, 'Eve': 1478, 'Charlie': 1302}
2025-09-12 21:10:55 | INFO | Chart updated successfully for message: {"message": "Have a great day!", "author": "Bob"}
2025-09-12 21:10:55 | INFO | Processed JSON message: {'message': 'Data engineering is my passion.', 'author': 'Alice'}
2025-09-12 21:10:55 | INFO | Message received from author: Alice
2025-09-12 21:10:55 | INFO | Updated author counts: {'Bob': 1471, 'Alice': 2082, 'Diana': 2339, 'Eve': 1478, 'Charlie': 1302}
2025-09-12 21:10:55 | INFO | Chart updated successfully for message: {"message": "Data engineering is my passion.", "author": "Alice"}
2025-09-12 21:10:55 | INFO | Processed JSON message: {'message': 'Kafka is awesome.', 'author': 'Diana'}
2025-09-12 21:10:55 | INFO | Message received from author: Diana
2025-09-12 21:10:55 | INFO | Updated author counts: {'Bob': 1471, 'Alice': 2082, 'Diana': 2340, 'Eve': 1478, 'Charlie': 1302}
2025-09-12 21:10:55 | INFO | Chart updated successfully for message: {"message": "Kafka is awesome.", "author": "Diana"}
2025-09-12 21:10:55 | INFO | Processed JSON message: {'message': 'Kafka is awesome.', 'author': 'Diana'}
2025-09-12 21:10:55 | INFO | Message received from author: Diana
2025-09-12 21:10:55 | INFO | Updated author counts: {'Bob': 1471, 'Alice': 2082, 'Diana': 2341, 'Eve': 1478, 'Charlie': 1302}
2025-09-12 21:10:55 | INFO | Chart updated successfully for message: {"message": "Kafka is awesome.", "author": "Diana"}
2025-09-12 21:10:55 | INFO | Processed JSON message: {'message': 'Hello, Kafka world!', 'author': 'Bob'}
2025-09-12 21:10:55 | INFO | Message received from author: Bob
2025-09-12 21:10:55 | INFO | Updated author counts: {'Bob': 1472, 'Alice': 2082, 'Diana': 2341, 'Eve': 1478, 'Charlie': 1302}
2025-09-12 21:10:55 | INFO | Chart updated successfully for message: {"message": "Hello, Kafka world!", "author": "Bob"}
2025-09-12 21:10:55 | INFO | Processed JSON message: {'message': 'Distributed systems are fascinating.', 'author': 'Diana'}
2025-09-12 21:10:55 | INFO | Message received from author: Diana
2025-09-12 21:10:55 | INFO | Updated author counts: {'Bob': 1472, 'Alice': 2082, 'Diana': 2342, 'Eve': 1478, 'Charlie': 1302}
2025-09-12 21:10:55 | INFO | Chart updated successfully for message: {"message": "Distributed systems are fascinating.", "author": "Diana"}
2025-09-12 21:10:55 | INFO | Processed JSON message: {'message': 'I love Python!', 'author': 'Diana'}
2025-09-12 21:10:55 | INFO | Message received from author: Diana
2025-09-12 21:10:55 | INFO | Updated author counts: {'Bob': 1472, 'Alice': 2082, 'Diana': 2343, 'Eve': 1478, 'Charlie': 1302}
2025-09-12 21:10:55 | INFO | Chart updated successfully for message: {"message": "I love Python!", "author": "Diana"}
2025-09-12 21:10:55 | INFO | Processed JSON message: {'message': 'Have a great day!', 'author': 'Alice'}
2025-09-12 21:10:55 | INFO | Message received from author: Alice
2025-09-12 21:10:55 | INFO | Updated author counts: {'Bob': 1472, 'Alice': 2083, 'Diana': 2343, 'Eve': 1478, 'Charlie': 1302}
2025-09-12 21:10:55 | INFO | Chart updated successfully for message: {"message": "Have a great day!", "author": "Alice"}
2025-09-12 21:10:55 | INFO | Processed JSON message: {'message': 'Hello, Kafka world!', 'author': 'Charlie'}
2025-09-12 21:10:55 | INFO | Message received from author: Charlie
2025-09-12 21:10:55 | INFO | Updated author counts: {'Bob': 1472, 'Alice': 2083, 'Diana': 2343, 'Eve': 1478, 'Charlie': 1303}
2025-09-12 21:10:56 | INFO | Chart updated successfully for message: {"message": "Hello, Kafka world!", "author": "Charlie"}
2025-09-12 21:10:56 | INFO | Processed JSON message: {'message': 'JSON makes life easier.', 'author': 'Diana'}
2025-09-12 21:10:56 | INFO | Message received from author: Diana
2025-09-12 21:10:56 | INFO | Updated author counts: {'Bob': 1472, 'Alice': 2083, 'Diana': 2344, 'Eve': 1478, 'Charlie': 1303}
2025-09-12 21:10:56 | INFO | Chart updated successfully for message: {"message": "JSON makes life easier.", "author": "Diana"}
2025-09-12 21:10:56 | INFO | Processed JSON message: {'message': 'I love Python!', 'author': 'Bob'}
2025-09-12 21:10:56 | INFO | Message received from author: Bob
2025-09-12 21:10:56 | INFO | Updated author counts: {'Bob': 1473, 'Alice': 2083, 'Diana': 2344, 'Eve': 1478, 'Charlie': 1303}
2025-09-12 21:10:56 | INFO | Chart updated successfully for message: {"message": "I love Python!", "author": "Bob"}
2025-09-12 21:10:57 | INFO | Processed JSON message: {'message': 'Have a great day!', 'author': 'Diana'}
2025-09-12 21:10:57 | INFO | Message received from author: Diana
2025-09-12 21:10:57 | INFO | Updated author counts: {'Bob': 1473, 'Alice': 2083, 'Diana': 2345, 'Eve': 1478, 'Charlie': 1303}
2025-09-12 21:10:57 | INFO | Chart updated successfully for message: {"message": "Have a great day!", "author": "Diana"}
2025-09-12 21:10:58 | INFO | Sent message to topic 'smoker_csv': {'timestamp': '2025-09-13T04:10:58.619939', 'temperature': 71.2}
2025-09-12 21:11:00 | INFO | Processed JSON message: {'message': 'Hello, Kafka world!', 'author': 'Alice'}
2025-09-12 21:11:00 | INFO | Message received from author: Alice
2025-09-12 21:11:00 | INFO | Updated author counts: {'Bob': 1473, 'Alice': 2084, 'Diana': 2345, 'Eve': 1478, 'Charlie': 1303}
2025-09-12 21:11:00 | INFO | Chart updated successfully for message: {"message": "Hello, Kafka world!", "author": "Alice"}
2025-09-12 21:11:03 | INFO | Processed JSON message: {'message': 'JSON makes life easier.', 'author': 'Alice'}
2025-09-12 21:11:03 | INFO | Message received from author: Alice
2025-09-12 21:11:03 | INFO | Updated author counts: {'Bob': 1473, 'Alice': 2085, 'Diana': 2345, 'Eve': 1478, 'Charlie': 1303}
2025-09-12 21:11:03 | INFO | Chart updated successfully for message: {"message": "JSON makes life easier.", "author": "Alice"}
2025-09-12 21:11:03 | INFO | Sent message to topic 'smoker_csv': {'timestamp': '2025-09-13T04:11:03.622930', 'temperature': 71.6}
2025-09-12 21:11:06 | INFO | Processed JSON message: {'message': 'Buzz messages for everyone.', 'author': 'Charlie'}
2025-09-12 21:11:06 | INFO | Message received from author: Charlie
2025-09-12 21:11:06 | INFO | Updated author counts: {'Bob': 1473, 'Alice': 2085, 'Diana': 2345, 'Eve': 1478, 'Charlie': 1304}
2025-09-12 21:11:06 | INFO | Chart updated successfully for message: {"message": "Buzz messages for everyone.", "author": "Charlie"}
2025-09-12 21:11:08 | INFO | Sent message to topic 'smoker_csv': {'timestamp': '2025-09-13T04:11:08.625509', 'temperature': 72.0}
2025-09-12 21:11:09 | INFO | Processed JSON message: {'message': 'Buzz messages for everyone.', 'author': 'Bob'}
2025-09-12 21:11:09 | INFO | Message received from author: Bob
2025-09-12 21:11:09 | INFO | Updated author counts: {'Bob': 1474, 'Alice': 2085, 'Diana': 2345, 'Eve': 1478, 'Charlie': 1304}
2025-09-12 21:11:09 | INFO | Chart updated successfully for message: {"message": "Buzz messages for everyone.", "author": "Bob"}
2025-09-12 21:11:12 | INFO | Processed JSON message: {'message': 'Streaming data is fun.', 'author': 'Diana'}
2025-09-12 21:11:12 | INFO | Message received from author: Diana
2025-09-12 21:11:12 | INFO | Updated author counts: {'Bob': 1474, 'Alice': 2085, 'Diana': 2346, 'Eve': 1478, 'Charlie': 1304}
2025-09-12 21:11:12 | INFO | Chart updated successfully for message: {"message": "Streaming data is fun.", "author": "Diana"}
2025-09-12 21:11:13 | INFO | Sent message to topic 'smoker_csv': {'timestamp': '2025-09-13T04:11:13.627744', 'temperature': 72.4}
2025-09-12 21:11:15 | INFO | Processed JSON message: {'message': 'Have a great day!', 'author': 'Diana'}
2025-09-12 21:11:15 | INFO | Message received from author: Diana
2025-09-12 21:11:15 | INFO | Updated author counts: {'Bob': 1474, 'Alice': 2085, 'Diana': 2347, 'Eve': 1478, 'Charlie': 1304}
2025-09-12 21:11:15 | INFO | Chart updated successfully for message: {"message": "Have a great day!", "author": "Diana"}
2025-09-12 21:11:18 | INFO | Processed JSON message: {'message': 'I love Python!', 'author': 'Alice'}
2025-09-12 21:11:18 | INFO | Message received from author: Alice
2025-09-12 21:11:18 | INFO | Updated author counts: {'Bob': 1474, 'Alice': 2086, 'Diana': 2347, 'Eve': 1478, 'Charlie': 1304}
2025-09-12 21:11:18 | INFO | Chart updated successfully for message: {"message": "I love Python!", "author": "Alice"}
2025-09-12 21:11:18 | INFO | Sent message to topic 'smoker_csv': {'timestamp': '2025-09-13T04:11:18.630198', 'temperature': 72.8}
2025-09-12 21:11:21 | INFO | Processed JSON message: {'message': 'Streaming data is fun.', 'author': 'Charlie'}
2025-09-12 21:11:21 | INFO | Message received from author: Charlie
2025-09-12 21:11:21 | INFO | Updated author counts: {'Bob': 1474, 'Alice': 2086, 'Diana': 2347, 'Eve': 1478, 'Charlie': 1305}
2025-09-12 21:11:21 | INFO | Chart updated successfully for message: {"message": "Streaming data is fun.", "author": "Charlie"}
2025-09-12 21:11:23 | INFO | Sent message to topic 'smoker_csv': {'timestamp': '2025-09-13T04:11:23.632355', 'temperature': 73.2}
2025-09-12 21:11:24 | INFO | Processed JSON message: {'message': 'Kafka is awesome.', 'author': 'Alice'}
2025-09-12 21:11:24 | INFO | Message received from author: Alice
2025-09-12 21:11:24 | INFO | Updated author counts: {'Bob': 1474, 'Alice': 2087, 'Diana': 2347, 'Eve': 1478, 'Charlie': 1305}
2025-09-12 21:11:24 | INFO | Chart updated successfully for message: {"message": "Kafka is awesome.", "author": "Alice"}
2025-09-12 21:11:27 | INFO | Processed JSON message: {'message': 'Kafka is awesome.', 'author': 'Diana'}
2025-09-12 21:11:27 | INFO | Message received from author: Diana
2025-09-12 21:11:27 | INFO | Updated author counts: {'Bob': 1474, 'Alice': 2087, 'Diana': 2348, 'Eve': 1478, 'Charlie': 1305}
2025-09-12 21:11:27 | INFO | Chart updated successfully for message: {"message": "Kafka is awesome.", "author": "Diana"}
2025-09-12 21:11:28 | INFO | Sent message to topic 'smoker_csv': {'timestamp': '2025-09-13T04:11:28.635503', 'temperature': 73.6}
2025-09-12 21:11:30 | INFO | Processed JSON message: {'message': 'Kafka is awesome.', 'author': 'Alice'}
2025-09-12 21:11:30 | INFO | Message received from author: Alice
2025-09-12 21:11:30 | INFO | Updated author counts: {'Bob': 1474, 'Alice': 2088, 'Diana': 2348, 'Eve': 1478, 'Charlie': 1305}
2025-09-12 21:11:30 | INFO | Chart updated successfully for message: {"message": "Kafka is awesome.", "author": "Alice"}
2025-09-12 21:11:33 | INFO | Processed JSON message: {'message': 'JSON makes life easier.', 'author': 'Bob'}
2025-09-12 21:11:33 | INFO | Message received from author: Bob
2025-09-12 21:11:33 | INFO | Updated author counts: {'Bob': 1475, 'Alice': 2088, 'Diana': 2348, 'Eve': 1478, 'Charlie': 1305}
2025-09-12 21:11:33 | INFO | Chart updated successfully for message: {"message": "JSON makes life easier.", "author": "Bob"}
2025-09-12 21:11:33 | INFO | Sent message to topic 'smoker_csv': {'timestamp': '2025-09-13T04:11:33.637887', 'temperature': 74.0}
2025-09-12 21:11:36 | INFO | Processed JSON message: {'message': 'This is a buzz message.', 'author': 'Bob'}
2025-09-12 21:11:36 | INFO | Message received from author: Bob
2025-09-12 21:11:36 | INFO | Updated author counts: {'Bob': 1476, 'Alice': 2088, 'Diana': 2348, 'Eve': 1478, 'Charlie': 1305}
2025-09-12 21:11:36 | INFO | Chart updated successfully for message: {"message": "This is a buzz message.", "author": "Bob"}
2025-09-12 21:11:38 | INFO | Sent message to topic 'smoker_csv': {'timestamp': '2025-09-13T04:11:38.639129', 'temperature': 74.4}
2025-09-12 21:11:39 | INFO | Processed JSON message: {'message': 'Streaming data is fun.', 'author': 'Diana'}
2025-09-12 21:11:39 | INFO | Message received from author: Diana
2025-09-12 21:11:39 | INFO | Updated author counts: {'Bob': 1476, 'Alice': 2088, 'Diana': 2349, 'Eve': 1478, 'Charlie': 1305}
2025-09-12 21:11:39 | INFO | Chart updated successfully for message: {"message": "Streaming data is fun.", "author": "Diana"}
2025-09-12 21:11:42 | INFO | Processed JSON message: {'message': 'Have a great day!', 'author': 'Bob'}
2025-09-12 21:11:42 | INFO | Message received from author: Bob
2025-09-12 21:11:42 | INFO | Updated author counts: {'Bob': 1477, 'Alice': 2088, 'Diana': 2349, 'Eve': 1478, 'Charlie': 1305}
2025-09-12 21:11:42 | INFO | Chart updated successfully for message: {"message": "Have a great day!", "author": "Bob"}
2025-09-12 21:11:43 | INFO | Sent message to topic 'smoker_csv': {'timestamp': '2025-09-13T04:11:43.643593', 'temperature': 74.8}
2025-09-12 21:11:45 | INFO | Processed JSON message: {'message': 'This is a buzz message.', 'author': 'Eve'}
2025-09-12 21:11:45 | INFO | Message received from author: Eve
2025-09-12 21:11:45 | INFO | Updated author counts: {'Bob': 1477, 'Alice': 2088, 'Diana': 2349, 'Eve': 1479, 'Charlie': 1305}
2025-09-12 21:11:45 | INFO | Chart updated successfully for message: {"message": "This is a buzz message.", "author": "Eve"}
2025-09-12 21:11:48 | INFO | Processed JSON message: {'message': 'Hello, Kafka world!', 'author': 'Bob'}
2025-09-12 21:11:48 | INFO | Message received from author: Bob
2025-09-12 21:11:48 | INFO | Updated author counts: {'Bob': 1478, 'Alice': 2088, 'Diana': 2349, 'Eve': 1479, 'Charlie': 1305}
2025-09-12 21:11:48 | INFO | Chart updated successfully for message: {"message": "Hello, Kafka world!", "author": "Bob"}
2025-09-12 21:11:48 | INFO | Sent message to topic 'smoker_csv': {'timestamp': '2025-09-13T04:11:48.645996', 'temperature': 75.2}
2025-09-12 21:11:51 | INFO | Processed JSON message: {'message': 'This is a buzz message.', 'author': 'Alice'}
2025-09-12 21:11:51 | INFO | Message received from author: Alice
2025-09-12 21:11:51 | INFO | Updated author counts: {'Bob': 1478, 'Alice': 2089, 'Diana': 2349, 'Eve': 1479, 'Charlie': 1305}
2025-09-12 21:11:51 | INFO | Chart updated successfully for message: {"message": "This is a buzz message.", "author": "Alice"}
2025-09-12 21:11:53 | INFO | Sent message to topic 'smoker_csv': {'timestamp': '2025-09-13T04:11:53.650122', 'temperature': 75.6}
2025-09-12 21:11:54 | INFO | Processed JSON message: {'message': 'Streaming data is fun.', 'author': 'Eve'}
2025-09-12 21:11:54 | INFO | Message received from author: Eve
2025-09-12 21:11:54 | INFO | Updated author counts: {'Bob': 1478, 'Alice': 2089, 'Diana': 2349, 'Eve': 1480, 'Charlie': 1305}
2025-09-12 21:11:54 | INFO | Chart updated successfully for message: {"message": "Streaming data is fun.", "author": "Eve"}
2025-09-12 21:11:57 | INFO | Processed JSON message: {'message': 'Kafka is awesome.', 'author': 'Alice'}
2025-09-12 21:11:57 | INFO | Message received from author: Alice
2025-09-12 21:11:57 | INFO | Updated author counts: {'Bob': 1478, 'Alice': 2090, 'Diana': 2349, 'Eve': 1480, 'Charlie': 1305}
2025-09-12 21:11:57 | INFO | Chart updated successfully for message: {"message": "Kafka is awesome.", "author": "Alice"}
2025-09-12 21:11:58 | INFO | Sent message to topic 'smoker_csv': {'timestamp': '2025-09-13T04:11:58.652677', 'temperature': 76.0}
2025-09-12 21:12:00 | INFO | Processed JSON message: {'message': 'JSON makes life easier.', 'author': 'Bob'}
2025-09-12 21:12:00 | INFO | Message received from author: Bob
2025-09-12 21:12:00 | INFO | Updated author counts: {'Bob': 1479, 'Alice': 2090, 'Diana': 2349, 'Eve': 1480, 'Charlie': 1305}
2025-09-12 21:12:00 | INFO | Chart updated successfully for message: {"message": "JSON makes life easier.", "author": "Bob"}
2025-09-12 21:12:03 | INFO | Processed JSON message: {'message': 'This is a buzz message.', 'author': 'Charlie'}
2025-09-12 21:12:03 | INFO | Message received from author: Charlie
2025-09-12 21:12:03 | INFO | Updated author counts: {'Bob': 1479, 'Alice': 2090, 'Diana': 2349, 'Eve': 1480, 'Charlie': 1306}
2025-09-12 21:12:03 | INFO | Chart updated successfully for message: {"message": "This is a buzz message.", "author": "Charlie"}
2025-09-12 21:12:03 | INFO | Sent message to topic 'smoker_csv': {'timestamp': '2025-09-13T04:12:03.658829', 'temperature': 76.4}
2025-09-12 21:12:06 | INFO | Processed JSON message: {'message': 'Have a great day!', 'author': 'Diana'}
2025-09-12 21:12:06 | INFO | Message received from author: Diana
2025-09-12 21:12:06 | INFO | Updated author counts: {'Bob': 1479, 'Alice': 2090, 'Diana': 2350, 'Eve': 1480, 'Charlie': 1306}
2025-09-12 21:12:06 | INFO | Chart updated successfully for message: {"message": "Have a great day!", "author": "Diana"}
2025-09-12 21:12:08 | INFO | Sent message to topic 'smoker_csv': {'timestamp': '2025-09-13T04:12:08.660843', 'temperature': 76.8}
2025-09-12 21:12:09 | INFO | Processed JSON message: {'message': 'Distributed systems are fascinating.', 'author': 'Bob'}
2025-09-12 21:12:09 | INFO | Message received from author: Bob
2025-09-12 21:12:09 | INFO | Updated author counts: {'Bob': 1480, 'Alice': 2090, 'Diana': 2350, 'Eve': 1480, 'Charlie': 1306}
2025-09-12 21:12:09 | INFO | Chart updated successfully for message: {"message": "Distributed systems are fascinating.", "author": "Bob"}
2025-09-12 21:12:12 | INFO | Processed JSON message: {'message': 'Kafka is awesome.', 'author': 'Alice'}
2025-09-12 21:12:12 | INFO | Message received from author: Alice
2025-09-12 21:12:12 | INFO | Updated author counts: {'Bob': 1480, 'Alice': 2091, 'Diana': 2350, 'Eve': 1480, 'Charlie': 1306}
2025-09-12 21:12:12 | INFO | Chart updated successfully for message: {"message": "Kafka is awesome.", "author": "Alice"}
2025-09-12 21:12:13 | INFO | Sent message to topic 'smoker_csv': {'timestamp': '2025-09-13T04:12:13.664061', 'temperature': 77.2}
2025-09-12 21:12:15 | INFO | Processed JSON message: {'message': 'Streaming data is fun.', 'author': 'Alice'}
2025-09-12 21:12:15 | INFO | Message received from author: Alice
2025-09-12 21:12:15 | INFO | Updated author counts: {'Bob': 1480, 'Alice': 2092, 'Diana': 2350, 'Eve': 1480, 'Charlie': 1306}
2025-09-12 21:12:15 | INFO | Chart updated successfully for message: {"message": "Streaming data is fun.", "author": "Alice"}
2025-09-12 21:12:18 | INFO | Processed JSON message: {'message': 'Have a great day!', 'author': 'Diana'}
2025-09-12 21:12:18 | INFO | Message received from author: Diana
2025-09-12 21:12:18 | INFO | Updated author counts: {'Bob': 1480, 'Alice': 2092, 'Diana': 2351, 'Eve': 1480, 'Charlie': 1306}
2025-09-12 21:12:18 | INFO | Chart updated successfully for message: {"message": "Have a great day!", "author": "Diana"}
2025-09-12 21:12:18 | INFO | Sent message to topic 'smoker_csv': {'timestamp': '2025-09-13T04:12:18.669994', 'temperature': 77.6}
2025-09-12 21:12:21 | INFO | Processed JSON message: {'message': 'Streaming data is fun.', 'author': 'Alice'}
2025-09-12 21:12:21 | INFO | Message received from author: Alice
2025-09-12 21:12:21 | INFO | Updated author counts: {'Bob': 1480, 'Alice': 2093, 'Diana': 2351, 'Eve': 1480, 'Charlie': 1306}
2025-09-12 21:12:21 | INFO | Chart updated successfully for message: {"message": "Streaming data is fun.", "author": "Alice"}
2025-09-12 21:12:23 | INFO | Sent message to topic 'smoker_csv': {'timestamp': '2025-09-13T04:12:23.671638', 'temperature': 78.0}
2025-09-12 21:12:24 | INFO | Processed JSON message: {'message': 'This is a buzz message.', 'author': 'Diana'}
2025-09-12 21:12:24 | INFO | Message received from author: Diana
2025-09-12 21:12:24 | INFO | Updated author counts: {'Bob': 1480, 'Alice': 2093, 'Diana': 2352, 'Eve': 1480, 'Charlie': 1306}
2025-09-12 21:12:24 | INFO | Chart updated successfully for message: {"message": "This is a buzz message.", "author": "Diana"}
2025-09-12 21:12:27 | INFO | Processed JSON message: {'message': 'Data engineering is my passion.', 'author': 'Bob'}
2025-09-12 21:12:27 | INFO | Message received from author: Bob
2025-09-12 21:12:27 | INFO | Updated author counts: {'Bob': 1481, 'Alice': 2093, 'Diana': 2352, 'Eve': 1480, 'Charlie': 1306}
2025-09-12 21:12:27 | INFO | Chart updated successfully for message: {"message": "Data engineering is my passion.", "author": "Bob"}
2025-09-12 21:12:28 | INFO | Sent message to topic 'smoker_csv': {'timestamp': '2025-09-13T04:12:28.673116', 'temperature': 78.4}
2025-09-12 21:12:30 | INFO | Processed JSON message: {'message': 'Have a great day!', 'author': 'Diana'}
2025-09-12 21:12:30 | INFO | Message received from author: Diana
2025-09-12 21:12:30 | INFO | Updated author counts: {'Bob': 1481, 'Alice': 2093, 'Diana': 2353, 'Eve': 1480, 'Charlie': 1306}
2025-09-12 21:12:30 | INFO | Chart updated successfully for message: {"message": "Have a great day!", "author": "Diana"}
2025-09-12 21:12:33 | INFO | Processed JSON message: {'message': 'Kafka is awesome.', 'author': 'Alice'}
2025-09-12 21:12:33 | INFO | Message received from author: Alice
2025-09-12 21:12:33 | INFO | Updated author counts: {'Bob': 1481, 'Alice': 2094, 'Diana': 2353, 'Eve': 1480, 'Charlie': 1306}
2025-09-12 21:12:33 | INFO | Chart updated successfully for message: {"message": "Kafka is awesome.", "author": "Alice"}
2025-09-12 21:12:33 | INFO | Sent message to topic 'smoker_csv': {'timestamp': '2025-09-13T04:12:33.674466', 'temperature': 78.8}
2025-09-12 21:12:36 | INFO | Processed JSON message: {'message': 'Kafka is awesome.', 'author': 'Eve'}
2025-09-12 21:12:36 | INFO | Message received from author: Eve
2025-09-12 21:12:36 | INFO | Updated author counts: {'Bob': 1481, 'Alice': 2094, 'Diana': 2353, 'Eve': 1481, 'Charlie': 1306}
2025-09-12 21:12:36 | INFO | Chart updated successfully for message: {"message": "Kafka is awesome.", "author": "Eve"}
2025-09-12 21:12:38 | INFO | Sent message to topic 'smoker_csv': {'timestamp': '2025-09-13T04:12:38.675826', 'temperature': 79.2}
2025-09-12 21:12:39 | INFO | Processed JSON message: {'message': 'Have a great day!', 'author': 'Diana'}
2025-09-12 21:12:39 | INFO | Message received from author: Diana
2025-09-12 21:12:39 | INFO | Updated author counts: {'Bob': 1481, 'Alice': 2094, 'Diana': 2354, 'Eve': 1481, 'Charlie': 1306}
2025-09-12 21:12:39 | INFO | Chart updated successfully for message: {"message": "Have a great day!", "author": "Diana"}
2025-09-12 21:12:42 | INFO | Processed JSON message: {'message': 'Buzz messages for everyone.', 'author': 'Charlie'}
2025-09-12 21:12:42 | INFO | Message received from author: Charlie
2025-09-12 21:12:42 | INFO | Updated author counts: {'Bob': 1481, 'Alice': 2094, 'Diana': 2354, 'Eve': 1481, 'Charlie': 1307}
2025-09-12 21:12:42 | INFO | Chart updated successfully for message: {"message": "Buzz messages for everyone.", "author": "Charlie"}
2025-09-12 21:12:43 | INFO | Sent message to topic 'smoker_csv': {'timestamp': '2025-09-13T04:12:43.678212', 'temperature': 79.6}
2025-09-12 21:12:45 | INFO | Processed JSON message: {'message': 'This is a buzz message.', 'author': 'Charlie'}
2025-09-12 21:12:45 | INFO | Message received from author: Charlie
2025-09-12 21:12:45 | INFO | Updated author counts: {'Bob': 1481, 'Alice': 2094, 'Diana': 2354, 'Eve': 1481, 'Charlie': 1308}
2025-09-12 21:12:45 | INFO | Chart updated successfully for message: {"message": "This is a buzz message.", "author": "Charlie"}
2025-09-12 21:12:48 | INFO | Processed JSON message: {'message': 'Streaming data is fun.', 'author': 'Alice'}
2025-09-12 21:12:48 | INFO | Message received from author: Alice
2025-09-12 21:12:48 | INFO | Updated author counts: {'Bob': 1481, 'Alice': 2095, 'Diana': 2354, 'Eve': 1481, 'Charlie': 1308}
2025-09-12 21:12:48 | INFO | Chart updated successfully for message: {"message": "Streaming data is fun.", "author": "Alice"}
2025-09-12 21:12:48 | INFO | Sent message to topic 'smoker_csv': {'timestamp': '2025-09-13T04:12:48.680611', 'temperature': 80.0}
2025-09-12 21:12:51 | INFO | Processed JSON message: {'message': 'Hello, Kafka world!', 'author': 'Diana'}
2025-09-12 21:12:51 | INFO | Message received from author: Diana
2025-09-12 21:12:51 | INFO | Updated author counts: {'Bob': 1481, 'Alice': 2095, 'Diana': 2355, 'Eve': 1481, 'Charlie': 1308}
2025-09-12 21:12:51 | INFO | Chart updated successfully for message: {"message": "Hello, Kafka world!", "author": "Diana"}
2025-09-12 21:12:53 | INFO | Sent message to topic 'smoker_csv': {'timestamp': '2025-09-13T04:12:53.683273', 'temperature': 80.4}
2025-09-12 21:12:54 | INFO | Processed JSON message: {'message': 'Kafka is awesome.', 'author': 'Bob'}
2025-09-12 21:12:54 | INFO | Message received from author: Bob
2025-09-12 21:12:54 | INFO | Updated author counts: {'Bob': 1482, 'Alice': 2095, 'Diana': 2355, 'Eve': 1481, 'Charlie': 1308}
2025-09-12 21:12:54 | INFO | Chart updated successfully for message: {"message": "Kafka is awesome.", "author": "Bob"}
2025-09-12 21:12:57 | INFO | Processed JSON message: {'message': 'I love Python!', 'author': 'Eve'}
2025-09-12 21:12:57 | INFO | Message received from author: Eve
2025-09-12 21:12:57 | INFO | Updated author counts: {'Bob': 1482, 'Alice': 2095, 'Diana': 2355, 'Eve': 1482, 'Charlie': 1308}
2025-09-12 21:12:57 | INFO | Chart updated successfully for message: {"message": "I love Python!", "author": "Eve"}
2025-09-12 21:12:58 | INFO | Sent message to topic 'smoker_csv': {'timestamp': '2025-09-13T04:12:58.687067', 'temperature': 80.8}
2025-09-12 21:13:00 | INFO | Processed JSON message: {'message': 'JSON makes life easier.', 'author': 'Charlie'}
2025-09-12 21:13:00 | INFO | Message received from author: Charlie
2025-09-12 21:13:00 | INFO | Updated author counts: {'Bob': 1482, 'Alice': 2095, 'Diana': 2355, 'Eve': 1482, 'Charlie': 1309}
2025-09-12 21:13:00 | INFO | Chart updated successfully for message: {"message": "JSON makes life easier.", "author": "Charlie"}
2025-09-12 21:13:03 | INFO | Processed JSON message: {'message': 'I love Python!', 'author': 'Charlie'}
2025-09-12 21:13:03 | INFO | Message received from author: Charlie
2025-09-12 21:13:03 | INFO | Updated author counts: {'Bob': 1482, 'Alice': 2095, 'Diana': 2355, 'Eve': 1482, 'Charlie': 1310}
2025-09-12 21:13:03 | INFO | Chart updated successfully for message: {"message": "I love Python!", "author": "Charlie"}
2025-09-12 21:13:03 | INFO | Sent message to topic 'smoker_csv': {'timestamp': '2025-09-13T04:13:03.689683', 'temperature': 81.2}
2025-09-12 21:13:06 | INFO | Processed JSON message: {'message': 'I love Python!', 'author': 'Charlie'}
